"../../../Engine/Content/EditorResources/S_Actor.ubulk" 0
"../../../Engine/Content/EditorResources/S_Actor.uasset" 1
"../../../Engine/Content/EditorResources/S_Actor.uexp" 2
"../../../Engine/Content/EditorResources/S_BoxReflectionCapture.uasset" 3
"../../../Engine/Content/EditorResources/S_BoxReflectionCapture.uexp" 4
"../../../Engine/Content/EngineResources/DefaultTexture.ubulk" 5
"../../../Engine/Content/EngineResources/DefaultTexture.uasset" 6
"../../../Engine/Content/EngineResources/DefaultTexture.uexp" 7
"../../../Engine/Content/EngineResources/DefaultTextureCube.uasset" 8
"../../../Engine/Content/EngineResources/DefaultTextureCube.uexp" 9
"../../../Engine/Content/EngineResources/DefaultVolumeTexture2D.uasset" 10
"../../../Engine/Content/EngineResources/DefaultVolumeTexture2D.uexp" 11
"../../../Engine/Content/EngineResources/DefaultVolumeTexture.uasset" 12
"../../../Engine/Content/EngineResources/DefaultVolumeTexture.uexp" 13
"../../../Engine/Content/EditorResources/S_Trigger.ubulk" 14
"../../../Engine/Content/EditorResources/S_Trigger.uasset" 15
"../../../Engine/Content/EditorResources/S_Trigger.uexp" 16
"../../../Engine/Content/EditorResources/S_TriggerBox.uasset" 17
"../../../Engine/Content/EditorResources/S_TriggerBox.uexp" 18
"../../../Engine/Content/EditorResources/S_TriggerCapsule.uasset" 19
"../../../Engine/Content/EditorResources/S_TriggerCapsule.uexp" 20
"../../../Engine/Content/EditorResources/S_TriggerSphere.uasset" 21
"../../../Engine/Content/EditorResources/S_TriggerSphere.uexp" 22
"../../../Engine/Content/EngineMeshes/Sphere.ubulk" 23
"../../../Engine/Content/EngineMeshes/Sphere.uasset" 24
"../../../Engine/Content/EngineMeshes/Sphere.uexp" 25
"../../../Engine/Content/EngineResources/GradientTexture0.uasset" 26
"../../../Engine/Content/EngineResources/GradientTexture0.uexp" 27
"../../../Engine/Content/EngineResources/Black.uasset" 28
"../../../Engine/Content/EngineResources/Black.uexp" 29
"../../../Engine/Content/VREditor/LaserPointer/VR_LaserPower_01.ubulk" 30
"../../../Engine/Content/VREditor/LaserPointer/VR_LaserPower_01.uasset" 31
"../../../Engine/Content/VREditor/LaserPointer/VR_LaserPower_01.uexp" 32
"../../../Engine/Content/VREditor/TransformGizmo/TransformGizmoMaterial.uasset" 33
"../../../Engine/Content/VREditor/TransformGizmo/TransformGizmoMaterial.uexp" 34
"../../../Engine/Content/VREditor/TransformGizmo/TranslucentTransformGizmoMaterial.uasset" 35
"../../../Engine/Content/VREditor/TransformGizmo/TranslucentTransformGizmoMaterial.uexp" 36
"../../../Engine/Content/VREditor/TransformGizmo/BoundingBoxCorner.ubulk" 37
"../../../Engine/Content/VREditor/TransformGizmo/BoundingBoxCorner.uasset" 38
"../../../Engine/Content/VREditor/TransformGizmo/BoundingBoxCorner.uexp" 39
"../../../Engine/Content/VREditor/TransformGizmo/BoundingBoxEdge.ubulk" 40
"../../../Engine/Content/VREditor/TransformGizmo/BoundingBoxEdge.uasset" 41
"../../../Engine/Content/VREditor/TransformGizmo/BoundingBoxEdge.uexp" 42
"../../../Engine/Content/VREditor/TransformGizmo/Main.uasset" 43
"../../../Engine/Content/VREditor/TransformGizmo/Main.uexp" 44
"../../../Engine/Content/VREditor/TransformGizmo/Xray.uasset" 45
"../../../Engine/Content/VREditor/TransformGizmo/Xray.uexp" 46
"../../../Engine/Content/VREditor/TransformGizmo/SM_Sequencer_Node.ubulk" 47
"../../../Engine/Content/VREditor/TransformGizmo/SM_Sequencer_Node.uasset" 48
"../../../Engine/Content/VREditor/TransformGizmo/SM_Sequencer_Node.uexp" 49
"../../../Engine/Content/EditorResources/S_Solver.ubulk" 50
"../../../Engine/Content/EditorResources/S_Solver.uasset" 51
"../../../Engine/Content/EditorResources/S_Solver.uexp" 52
"../../../Engine/Content/EditorMaterials/Camera/CineMat.uasset" 53
"../../../Engine/Content/EditorMaterials/Camera/CineMat.uexp" 54
"../../../Engine/Content/EditorMaterials/Camera/MI_CineMat_Rig.uasset" 55
"../../../Engine/Content/EditorMaterials/Camera/MI_CineMat_Rig.uexp" 56
"../../../Engine/Content/EditorMeshes/Camera/SM_CraneRig_Base.ubulk" 57
"../../../Engine/Content/EditorMeshes/Camera/SM_CraneRig_Base.uasset" 58
"../../../Engine/Content/EditorMeshes/Camera/SM_CraneRig_Base.uexp" 59
"../../../Engine/Content/EditorMeshes/Camera/SM_CraneRig_Arm.ubulk" 60
"../../../Engine/Content/EditorMeshes/Camera/SM_CraneRig_Arm.uasset" 61
"../../../Engine/Content/EditorMeshes/Camera/SM_CraneRig_Arm.uexp" 62
"../../../Engine/Content/EditorMeshes/Camera/SM_CraneRig_Mount.ubulk" 63
"../../../Engine/Content/EditorMeshes/Camera/SM_CraneRig_Mount.uasset" 64
"../../../Engine/Content/EditorMeshes/Camera/SM_CraneRig_Mount.uexp" 65
"../../../Engine/Content/EditorMeshes/Camera/SM_CraneRig_Body.ubulk" 66
"../../../Engine/Content/EditorMeshes/Camera/SM_CraneRig_Body.uasset" 67
"../../../Engine/Content/EditorMeshes/Camera/SM_CraneRig_Body.uexp" 68
"../../../Engine/Content/EditorMeshes/Camera/SM_RailRig_Track.ubulk" 69
"../../../Engine/Content/EditorMeshes/Camera/SM_RailRig_Track.uasset" 70
"../../../Engine/Content/EditorMeshes/Camera/SM_RailRig_Track.uexp" 71
"../../../Engine/Content/EditorMeshes/Camera/SM_RailRig_Mount.ubulk" 72
"../../../Engine/Content/EditorMeshes/Camera/SM_RailRig_Mount.uasset" 73
"../../../Engine/Content/EditorMeshes/Camera/SM_RailRig_Mount.uexp" 74
"../../../Engine/Content/EngineMaterials/T_Default_Material_Grid_M.ubulk" 75
"../../../Engine/Content/EngineMaterials/T_Default_Material_Grid_M.uasset" 76
"../../../Engine/Content/EngineMaterials/T_Default_Material_Grid_M.uexp" 77
"../../../Engine/Content/EngineMaterials/T_Default_Material_Grid_N.ubulk" 78
"../../../Engine/Content/EngineMaterials/T_Default_Material_Grid_N.uasset" 79
"../../../Engine/Content/EngineMaterials/T_Default_Material_Grid_N.uexp" 80
"../../../Engine/Content/Functions/Engine_MaterialFunctions01/Opacity/CameraDepthFade.uasset" 81
"../../../Engine/Content/Functions/Engine_MaterialFunctions01/Opacity/CameraDepthFade.uexp" 82
"../../../Engine/Content/EngineMaterials/WorldGridMaterial.uasset" 83
"../../../Engine/Content/EngineMaterials/WorldGridMaterial.uexp" 84
"../../../Engine/Content/ArtTools/RenderToTexture/Meshes/S_1_Unit_Plane.ubulk" 85
"../../../Engine/Content/ArtTools/RenderToTexture/Meshes/S_1_Unit_Plane.uasset" 86
"../../../Engine/Content/ArtTools/RenderToTexture/Meshes/S_1_Unit_Plane.uexp" 87
"../../../Engine/Content/EditorMaterials/ParticleSystems/PSysThumbnail_NoImage.ubulk" 88
"../../../Engine/Content/EditorMaterials/ParticleSystems/PSysThumbnail_NoImage.uasset" 89
"../../../Engine/Content/EditorMaterials/ParticleSystems/PSysThumbnail_NoImage.uexp" 90
"../../../Engine/Content/EditorMaterials/ParticleSystems/PSysThumbnail_OOD.ubulk" 91
"../../../Engine/Content/EditorMaterials/ParticleSystems/PSysThumbnail_OOD.uasset" 92
"../../../Engine/Content/EditorMaterials/ParticleSystems/PSysThumbnail_OOD.uexp" 93
"../../../Engine/Content/EditorLandscapeResources/SplineEditorMeshMat.uasset" 94
"../../../Engine/Content/EditorLandscapeResources/SplineEditorMeshMat.uexp" 95
"../../../Engine/Content/EditorLandscapeResources/SplineEditorMesh.ubulk" 96
"../../../Engine/Content/EditorLandscapeResources/SplineEditorMesh.uasset" 97
"../../../Engine/Content/EditorLandscapeResources/SplineEditorMesh.uexp" 98
"../../../Engine/Plugins/Media/MediaPlate/Content/SM_MediaPlateScreen.ubulk" 99
"../../../Engine/Plugins/Media/MediaPlate/Content/SM_MediaPlateScreen.uasset" 100
"../../../Engine/Plugins/Media/MediaPlate/Content/SM_MediaPlateScreen.uexp" 101
"../../../Engine/Content/EngineMaterials/DefaultBokeh.uasset" 102
"../../../Engine/Content/EngineMaterials/DefaultBokeh.uexp" 103
"../../../Engine/Content/EngineMaterials/MiniFont.uasset" 104
"../../../Engine/Content/EngineMaterials/MiniFont.uexp" 105
"../../../Engine/Content/EngineMaterials/WeightMapPlaceholderTexture.uasset" 106
"../../../Engine/Content/EngineMaterials/WeightMapPlaceholderTexture.uexp" 107
"../../../Engine/Content/EngineMaterials/WeightMapArrayPlaceholderTexture.uasset" 108
"../../../Engine/Content/EngineMaterials/WeightMapArrayPlaceholderTexture.uexp" 109
"../../../Engine/Content/EngineMaterials/DefaultWhiteGrid.ubulk" 110
"../../../Engine/Content/EngineMaterials/DefaultWhiteGrid.uasset" 111
"../../../Engine/Content/EngineMaterials/DefaultWhiteGrid.uexp" 112
"../../../Engine/Content/EngineMaterials/PreintegratedSkinBRDF.uasset" 113
"../../../Engine/Content/EngineMaterials/PreintegratedSkinBRDF.uexp" 114
"D:/UnrealProjects/TencentOpenClass/homework2/Content/FPWeapon/Materials/MaterialLayers/T_ML_Rubber_Blue_01_D.ubulk" 115
"D:/UnrealProjects/TencentOpenClass/homework2/Content/FPWeapon/Materials/MaterialLayers/T_ML_Rubber_Blue_01_D.uasset" 116
"D:/UnrealProjects/TencentOpenClass/homework2/Content/FPWeapon/Materials/MaterialLayers/T_ML_Rubber_Blue_01_D.uexp" 117
"D:/UnrealProjects/TencentOpenClass/homework2/Content/FPWeapon/Textures/T_FPGun_N.ubulk" 118
"D:/UnrealProjects/TencentOpenClass/homework2/Content/FPWeapon/Textures/T_FPGun_N.uasset" 119
"D:/UnrealProjects/TencentOpenClass/homework2/Content/FPWeapon/Textures/T_FPGun_N.uexp" 120
"../../../Engine/Content/Functions/Engine_MaterialFunctions02/Utility/BlendAngleCorrectedNormals.uasset" 121
"../../../Engine/Content/Functions/Engine_MaterialFunctions02/Utility/BlendAngleCorrectedNormals.uexp" 122
"../../../Engine/Content/Functions/MaterialLayerFunctions/MatLayerBlend_NormalBlend.uasset" 123
"../../../Engine/Content/Functions/MaterialLayerFunctions/MatLayerBlend_NormalBlend.uexp" 124
"D:/UnrealProjects/TencentOpenClass/homework2/Content/FPWeapon/Materials/MaterialLayers/T_ML_Rubber_Blue_01_N.ubulk" 125
"D:/UnrealProjects/TencentOpenClass/homework2/Content/FPWeapon/Materials/MaterialLayers/T_ML_Rubber_Blue_01_N.uasset" 126
"D:/UnrealProjects/TencentOpenClass/homework2/Content/FPWeapon/Materials/MaterialLayers/T_ML_Rubber_Blue_01_N.uexp" 127
"D:/UnrealProjects/TencentOpenClass/homework2/Content/FPWeapon/Materials/MaterialLayers/ML_Screen.uasset" 128
"D:/UnrealProjects/TencentOpenClass/homework2/Content/FPWeapon/Materials/MaterialLayers/ML_Screen.uexp" 129
"D:/UnrealProjects/TencentOpenClass/homework2/Content/FPWeapon/Materials/MaterialLayers/T_ML_Aluminum01_N.ubulk" 130
"D:/UnrealProjects/TencentOpenClass/homework2/Content/FPWeapon/Materials/MaterialLayers/T_ML_Aluminum01_N.uasset" 131
"D:/UnrealProjects/TencentOpenClass/homework2/Content/FPWeapon/Materials/MaterialLayers/T_ML_Aluminum01_N.uexp" 132
"D:/UnrealProjects/TencentOpenClass/homework2/Content/FPWeapon/Materials/MaterialLayers/T_ML_Aluminum01.ubulk" 133
"D:/UnrealProjects/TencentOpenClass/homework2/Content/FPWeapon/Materials/MaterialLayers/T_ML_Aluminum01.uasset" 134
"D:/UnrealProjects/TencentOpenClass/homework2/Content/FPWeapon/Materials/MaterialLayers/T_ML_Aluminum01.uexp" 135
"D:/UnrealProjects/TencentOpenClass/homework2/Content/FPWeapon/Materials/MaterialLayers/ML_SoftMetal_UE4.uasset" 136
"D:/UnrealProjects/TencentOpenClass/homework2/Content/FPWeapon/Materials/MaterialLayers/ML_SoftMetal_UE4.uexp" 137
"../../../Engine/Content/Functions/MaterialLayerFunctions/MatLayerBlend_Simple.uasset" 138
"../../../Engine/Content/Functions/MaterialLayerFunctions/MatLayerBlend_Simple.uexp" 139
"D:/UnrealProjects/TencentOpenClass/homework2/Content/FPWeapon/Textures/T_FPGun_M.ubulk" 140
"D:/UnrealProjects/TencentOpenClass/homework2/Content/FPWeapon/Textures/T_FPGun_M.uasset" 141
"D:/UnrealProjects/TencentOpenClass/homework2/Content/FPWeapon/Textures/T_FPGun_M.uexp" 142
"D:/UnrealProjects/TencentOpenClass/homework2/Content/FPWeapon/Materials/MaterialLayers/ML_Plastic_Shiny_Beige.uasset" 143
"D:/UnrealProjects/TencentOpenClass/homework2/Content/FPWeapon/Materials/MaterialLayers/ML_Plastic_Shiny_Beige.uexp" 144
"D:/UnrealProjects/TencentOpenClass/homework2/Content/FPWeapon/Materials/MaterialLayers/ML_GlossyBlack_Latex_UE4.uasset" 145
"D:/UnrealProjects/TencentOpenClass/homework2/Content/FPWeapon/Materials/MaterialLayers/ML_GlossyBlack_Latex_UE4.uexp" 146
"D:/UnrealProjects/TencentOpenClass/homework2/Content/FPWeapon/Materials/M_FPGun.uasset" 147
"D:/UnrealProjects/TencentOpenClass/homework2/Content/FPWeapon/Materials/M_FPGun.uexp" 148
"D:/UnrealProjects/TencentOpenClass/homework2/Content/AssetContent/StaticMesh.ubulk" 149
"D:/UnrealProjects/TencentOpenClass/homework2/Content/AssetContent/StaticMesh.uasset" 150
"D:/UnrealProjects/TencentOpenClass/homework2/Content/AssetContent/StaticMesh.uexp" 151
"../../../Engine/Plugins/Runtime/MeshModelingToolset/Content/Materials/M_DynamicMeshComponentVtxColor.uasset" 152
"../../../Engine/Plugins/Runtime/MeshModelingToolset/Content/Materials/M_DynamicMeshComponentVtxColor.uexp" 153
"../../../Engine/Content/Functions/Engine_MaterialFunctions02/Utility/CameraDirectionVector.uasset" 154
"../../../Engine/Content/Functions/Engine_MaterialFunctions02/Utility/CameraDirectionVector.uexp" 155
"../../../Engine/Content/Functions/Engine_MaterialFunctions01/Volumetrics/BeersLaw.uasset" 156
"../../../Engine/Content/Functions/Engine_MaterialFunctions01/Volumetrics/BeersLaw.uexp" 157
"../../../Engine/Content/EngineMaterials/Good64x64TilingNoiseHighFreq.uasset" 158
"../../../Engine/Content/EngineMaterials/Good64x64TilingNoiseHighFreq.uexp" 159
"../../../Engine/Content/Functions/Engine_MaterialFunctions02/Texturing/ScreenAlignedPixelToPixelUVs.uasset" 160
"../../../Engine/Content/Functions/Engine_MaterialFunctions02/Texturing/ScreenAlignedPixelToPixelUVs.uexp" 161
"../../../Engine/Content/Functions/Engine_MaterialFunctions02/Utility/BreakOutFloat3Components.uasset" 162
"../../../Engine/Content/Functions/Engine_MaterialFunctions02/Utility/BreakOutFloat3Components.uexp" 163
"../../../Engine/Content/Functions/Engine_MaterialFunctions03/Math/RemapValueRange.uasset" 164
"../../../Engine/Content/Functions/Engine_MaterialFunctions03/Math/RemapValueRange.uexp" 165
"../../../Engine/Plugins/Editor/SpeedTreeImporter/Content/SpeedTree9/game_wind_noise.ubulk" 166
"../../../Engine/Plugins/Editor/SpeedTreeImporter/Content/SpeedTree9/game_wind_noise.uasset" 167
"../../../Engine/Plugins/Editor/SpeedTreeImporter/Content/SpeedTree9/game_wind_noise.uexp" 168
"../../../Engine/Plugins/Editor/SpeedTreeImporter/Content/SpeedTree9/UnpackDirection.uasset" 169
"../../../Engine/Plugins/Editor/SpeedTreeImporter/Content/SpeedTree9/UnpackDirection.uexp" 170
"../../../Engine/Content/Functions/Engine_MaterialFunctions02/ObjectLocalBounds.uasset" 171
"../../../Engine/Content/Functions/Engine_MaterialFunctions02/ObjectLocalBounds.uexp" 172
"../../../Engine/Content/Functions/Engine_MaterialFunctions02/UVs/BoundingBoxBased_0-1_UVW.uasset" 173
"../../../Engine/Content/Functions/Engine_MaterialFunctions02/UVs/BoundingBoxBased_0-1_UVW.uexp" 174
"../../../Engine/Content/Functions/Engine_MaterialFunctions02/Utility/VectorLength.uasset" 175
"../../../Engine/Content/Functions/Engine_MaterialFunctions02/Utility/VectorLength.uexp" 176
"../../../Engine/Plugins/Editor/SpeedTreeImporter/Content/SpeedTree9/UnpackInteger3.uasset" 177
"../../../Engine/Plugins/Editor/SpeedTreeImporter/Content/SpeedTree9/UnpackInteger3.uexp" 178
"../../../Engine/Plugins/Editor/SpeedTreeImporter/Content/SpeedTree9/SpeedTreeCameraFacing.uasset" 179
"../../../Engine/Plugins/Editor/SpeedTreeImporter/Content/SpeedTree9/SpeedTreeCameraFacing.uexp" 180
"../../../Engine/Content/Functions/Engine_MaterialFunctions02/WorldPositionOffset/ObjectScale.uasset" 181
"../../../Engine/Content/Functions/Engine_MaterialFunctions02/WorldPositionOffset/ObjectScale.uexp" 182
"../../../Engine/Content/Functions/Engine_MaterialFunctions02/SafeNormalize.uasset" 183
"../../../Engine/Content/Functions/Engine_MaterialFunctions02/SafeNormalize.uexp" 184
"../../../Engine/Plugins/Editor/SpeedTreeImporter/Content/SpeedTree9/SpeedTreeWindMotion.uasset" 185
"../../../Engine/Plugins/Editor/SpeedTreeImporter/Content/SpeedTree9/SpeedTreeWindMotion.uexp" 186
"../../../Engine/Plugins/Editor/SpeedTreeImporter/Content/SpeedTree9/SpeedTreeBranchMotion.uasset" 187
"../../../Engine/Plugins/Editor/SpeedTreeImporter/Content/SpeedTree9/SpeedTreeBranchMotion.uexp" 188
"../../../Engine/Plugins/Editor/SpeedTreeImporter/Content/SpeedTree9/SpeedTreeWind.uasset" 189
"../../../Engine/Plugins/Editor/SpeedTreeImporter/Content/SpeedTree9/SpeedTreeWind.uexp" 190
"../../../Engine/Plugins/Editor/SpeedTreeImporter/Content/SpeedTree9/EmptyNormal.uasset" 191
"../../../Engine/Plugins/Editor/SpeedTreeImporter/Content/SpeedTree9/EmptyNormal.uexp" 192
"../../../Engine/Plugins/Editor/SpeedTreeImporter/Content/SpeedTree9/Empty.uasset" 193
"../../../Engine/Plugins/Editor/SpeedTreeImporter/Content/SpeedTree9/Empty.uexp" 194
"../../../Engine/Plugins/Editor/SpeedTreeImporter/Content/SpeedTree9/SpeedTreeMaster.uasset" 195
"../../../Engine/Plugins/Editor/SpeedTreeImporter/Content/SpeedTree9/SpeedTreeMaster.uexp" 196
"../../../Engine/Plugins/Editor/SpeedTreeImporter/Content/SpeedTree9/SpeedTreeBillboard.uasset" 197
"../../../Engine/Plugins/Editor/SpeedTreeImporter/Content/SpeedTree9/SpeedTreeBillboard.uexp" 198
"../../../Engine/Plugins/Editor/SpeedTreeImporter/Content/SpeedTree9/SpeedTreeBillboardMaster.uasset" 199
"../../../Engine/Plugins/Editor/SpeedTreeImporter/Content/SpeedTree9/SpeedTreeBillboardMaster.uexp" 200
"../../../Engine/Content/Functions/Engine_MaterialFunctions02/WorldPositionOffset/CameraOffset.uasset" 201
"../../../Engine/Content/Functions/Engine_MaterialFunctions02/WorldPositionOffset/CameraOffset.uexp" 202
"../../../Engine/Plugins/Animation/ControlRig/Content/M_Manip.uasset" 203
"../../../Engine/Plugins/Animation/ControlRig/Content/M_Manip.uexp" 204
"../../../Engine/Plugins/Animation/ControlRig/Content/Controls/DefaultGizmoLibraryNormalized.uasset" 205
"../../../Engine/Plugins/Animation/ControlRig/Content/Controls/DefaultGizmoLibraryNormalized.uexp" 206
"../../../Engine/Plugins/Animation/ControlRig/Content/Controls/ControlRig_Wedge_solid.ubulk" 207
"../../../Engine/Plugins/Animation/ControlRig/Content/Controls/ControlRig_Wedge_solid.uasset" 208
"../../../Engine/Plugins/Animation/ControlRig/Content/Controls/ControlRig_Wedge_solid.uexp" 209
"../../../Engine/Plugins/Animation/ControlRig/Content/Controls/ControlRig_Wedge_3mm.ubulk" 210
"../../../Engine/Plugins/Animation/ControlRig/Content/Controls/ControlRig_Wedge_3mm.uasset" 211
"../../../Engine/Plugins/Animation/ControlRig/Content/Controls/ControlRig_Wedge_3mm.uexp" 212
"../../../Engine/Plugins/Animation/ControlRig/Content/Controls/ControlRig_Wedge_1mm.ubulk" 213
"../../../Engine/Plugins/Animation/ControlRig/Content/Controls/ControlRig_Wedge_1mm.uasset" 214
"../../../Engine/Plugins/Animation/ControlRig/Content/Controls/ControlRig_Wedge_1mm.uexp" 215
"../../../Engine/Plugins/Animation/ControlRig/Content/Controls/ControlRig_Triangle_solid.ubulk" 216
"../../../Engine/Plugins/Animation/ControlRig/Content/Controls/ControlRig_Triangle_solid.uasset" 217
"../../../Engine/Plugins/Animation/ControlRig/Content/Controls/ControlRig_Triangle_solid.uexp" 218
"../../../Engine/Plugins/Animation/ControlRig/Content/Controls/ControlRig_Triangle_3mm.ubulk" 219
"../../../Engine/Plugins/Animation/ControlRig/Content/Controls/ControlRig_Triangle_3mm.uasset" 220
"../../../Engine/Plugins/Animation/ControlRig/Content/Controls/ControlRig_Triangle_3mm.uexp" 221
"../../../Engine/Plugins/Animation/ControlRig/Content/Controls/ControlRig_Triangle_1mm.ubulk" 222
"../../../Engine/Plugins/Animation/ControlRig/Content/Controls/ControlRig_Triangle_1mm.uasset" 223
"../../../Engine/Plugins/Animation/ControlRig/Content/Controls/ControlRig_Triangle_1mm.uexp" 224
"../../../Engine/Plugins/Animation/ControlRig/Content/Controls/ControlRig_Star4_solid.ubulk" 225
"../../../Engine/Plugins/Animation/ControlRig/Content/Controls/ControlRig_Star4_solid.uasset" 226
"../../../Engine/Plugins/Animation/ControlRig/Content/Controls/ControlRig_Star4_solid.uexp" 227
"../../../Engine/Plugins/Animation/ControlRig/Content/Controls/ControlRig_Star4_3mm.ubulk" 228
"../../../Engine/Plugins/Animation/ControlRig/Content/Controls/ControlRig_Star4_3mm.uasset" 229
"../../../Engine/Plugins/Animation/ControlRig/Content/Controls/ControlRig_Star4_3mm.uexp" 230
"../../../Engine/Plugins/Animation/ControlRig/Content/Controls/ControlRig_Star4_1mm.ubulk" 231
"../../../Engine/Plugins/Animation/ControlRig/Content/Controls/ControlRig_Star4_1mm.uasset" 232
"../../../Engine/Plugins/Animation/ControlRig/Content/Controls/ControlRig_Star4_1mm.uexp" 233
"../../../Engine/Plugins/Animation/ControlRig/Content/Controls/ControlRig_Square_solid.ubulk" 234
"../../../Engine/Plugins/Animation/ControlRig/Content/Controls/ControlRig_Square_solid.uasset" 235
"../../../Engine/Plugins/Animation/ControlRig/Content/Controls/ControlRig_Square_solid.uexp" 236
"../../../Engine/Plugins/Animation/ControlRig/Content/Controls/ControlRig_Square_3mm.ubulk" 237
"../../../Engine/Plugins/Animation/ControlRig/Content/Controls/ControlRig_Square_3mm.uasset" 238
"../../../Engine/Plugins/Animation/ControlRig/Content/Controls/ControlRig_Square_3mm.uexp" 239
"../../../Engine/Plugins/Animation/ControlRig/Content/Controls/ControlRig_Square_1mm.ubulk" 240
"../../../Engine/Plugins/Animation/ControlRig/Content/Controls/ControlRig_Square_1mm.uasset" 241
"../../../Engine/Plugins/Animation/ControlRig/Content/Controls/ControlRig_Square_1mm.uexp" 242
"../../../Engine/Plugins/Animation/ControlRig/Content/Controls/ControlRig_Sphere_solid.ubulk" 243
"../../../Engine/Plugins/Animation/ControlRig/Content/Controls/ControlRig_Sphere_solid.uasset" 244
"../../../Engine/Plugins/Animation/ControlRig/Content/Controls/ControlRig_Sphere_solid.uexp" 245
"../../../Engine/Plugins/Animation/ControlRig/Content/Controls/ControlRig_Sphere_3mm.ubulk" 246
"../../../Engine/Plugins/Animation/ControlRig/Content/Controls/ControlRig_Sphere_3mm.uasset" 247
"../../../Engine/Plugins/Animation/ControlRig/Content/Controls/ControlRig_Sphere_3mm.uexp" 248
"../../../Engine/Plugins/Animation/ControlRig/Content/Controls/ControlRig_Sphere_1mm.ubulk" 249
"../../../Engine/Plugins/Animation/ControlRig/Content/Controls/ControlRig_Sphere_1mm.uasset" 250
"../../../Engine/Plugins/Animation/ControlRig/Content/Controls/ControlRig_Sphere_1mm.uexp" 251
"../../../Engine/Plugins/Animation/ControlRig/Content/Controls/ControlRig_RoundedTriangle_solid.ubulk" 252
"../../../Engine/Plugins/Animation/ControlRig/Content/Controls/ControlRig_RoundedTriangle_solid.uasset" 253
"../../../Engine/Plugins/Animation/ControlRig/Content/Controls/ControlRig_RoundedTriangle_solid.uexp" 254
"../../../Engine/Plugins/Animation/ControlRig/Content/Controls/ControlRig_RoundedTriangle_3mm.ubulk" 255
"../../../Engine/Plugins/Animation/ControlRig/Content/Controls/ControlRig_RoundedTriangle_3mm.uasset" 256
"../../../Engine/Plugins/Animation/ControlRig/Content/Controls/ControlRig_RoundedTriangle_3mm.uexp" 257
"../../../Engine/Plugins/Animation/ControlRig/Content/Controls/ControlRig_RoundedTriangle_1mm.ubulk" 258
"../../../Engine/Plugins/Animation/ControlRig/Content/Controls/ControlRig_RoundedTriangle_1mm.uasset" 259
"../../../Engine/Plugins/Animation/ControlRig/Content/Controls/ControlRig_RoundedTriangle_1mm.uexp" 260
"../../../Engine/Plugins/Animation/ControlRig/Content/Controls/ControlRig_RoundedSquare_solid.ubulk" 261
"../../../Engine/Plugins/Animation/ControlRig/Content/Controls/ControlRig_RoundedSquare_solid.uasset" 262
"../../../Engine/Plugins/Animation/ControlRig/Content/Controls/ControlRig_RoundedSquare_solid.uexp" 263
"../../../Engine/Plugins/Animation/ControlRig/Content/Controls/ControlRig_RoundedSquare_3mm.ubulk" 264
"../../../Engine/Plugins/Animation/ControlRig/Content/Controls/ControlRig_RoundedSquare_3mm.uasset" 265
"../../../Engine/Plugins/Animation/ControlRig/Content/Controls/ControlRig_RoundedSquare_3mm.uexp" 266
"../../../Engine/Plugins/Animation/ControlRig/Content/Controls/ControlRig_RoundedSquare_1mm.ubulk" 267
"../../../Engine/Plugins/Animation/ControlRig/Content/Controls/ControlRig_RoundedSquare_1mm.uasset" 268
"../../../Engine/Plugins/Animation/ControlRig/Content/Controls/ControlRig_RoundedSquare_1mm.uexp" 269
"../../../Engine/Plugins/Animation/ControlRig/Content/Controls/ControlRig_QuarterCircle_solid.ubulk" 270
"../../../Engine/Plugins/Animation/ControlRig/Content/Controls/ControlRig_QuarterCircle_solid.uasset" 271
"../../../Engine/Plugins/Animation/ControlRig/Content/Controls/ControlRig_QuarterCircle_solid.uexp" 272
"../../../Engine/Plugins/Animation/ControlRig/Content/Controls/ControlRig_QuarterCircle_3mm.ubulk" 273
"../../../Engine/Plugins/Animation/ControlRig/Content/Controls/ControlRig_QuarterCircle_3mm.uasset" 274
"../../../Engine/Plugins/Animation/ControlRig/Content/Controls/ControlRig_QuarterCircle_3mm.uexp" 275
"../../../Engine/Plugins/Animation/ControlRig/Content/Controls/ControlRig_QuarterCircle_1mm.ubulk" 276
"../../../Engine/Plugins/Animation/ControlRig/Content/Controls/ControlRig_QuarterCircle_1mm.uasset" 277
"../../../Engine/Plugins/Animation/ControlRig/Content/Controls/ControlRig_QuarterCircle_1mm.uexp" 278
"../../../Engine/Plugins/Animation/ControlRig/Content/Controls/ControlRig_Pyramid_solid.ubulk" 279
"../../../Engine/Plugins/Animation/ControlRig/Content/Controls/ControlRig_Pyramid_solid.uasset" 280
"../../../Engine/Plugins/Animation/ControlRig/Content/Controls/ControlRig_Pyramid_solid.uexp" 281
"../../../Engine/Plugins/Animation/ControlRig/Content/Controls/ControlRig_Pyramid_3mm.ubulk" 282
"../../../Engine/Plugins/Animation/ControlRig/Content/Controls/ControlRig_Pyramid_3mm.uasset" 283
"../../../Engine/Plugins/Animation/ControlRig/Content/Controls/ControlRig_Pyramid_3mm.uexp" 284
"../../../Engine/Plugins/Animation/ControlRig/Content/Controls/ControlRig_Pyramid_1mm.ubulk" 285
"../../../Engine/Plugins/Animation/ControlRig/Content/Controls/ControlRig_Pyramid_1mm.uasset" 286
"../../../Engine/Plugins/Animation/ControlRig/Content/Controls/ControlRig_Pyramid_1mm.uexp" 287
"../../../Engine/Plugins/Animation/ControlRig/Content/Controls/ControlRig_Octagon_solid.ubulk" 288
"../../../Engine/Plugins/Animation/ControlRig/Content/Controls/ControlRig_Octagon_solid.uasset" 289
"../../../Engine/Plugins/Animation/ControlRig/Content/Controls/ControlRig_Octagon_solid.uexp" 290
"../../../Engine/Plugins/Animation/ControlRig/Content/Controls/ControlRig_Octagon_3mm.ubulk" 291
"../../../Engine/Plugins/Animation/ControlRig/Content/Controls/ControlRig_Octagon_3mm.uasset" 292
"../../../Engine/Plugins/Animation/ControlRig/Content/Controls/ControlRig_Octagon_3mm.uexp" 293
"../../../Engine/Plugins/Animation/ControlRig/Content/Controls/ControlRig_Octagon_1mm.ubulk" 294
"../../../Engine/Plugins/Animation/ControlRig/Content/Controls/ControlRig_Octagon_1mm.uasset" 295
"../../../Engine/Plugins/Animation/ControlRig/Content/Controls/ControlRig_Octagon_1mm.uexp" 296
"../../../Engine/Plugins/Animation/ControlRig/Content/Controls/ControlRig_Hexagon_solid.ubulk" 297
"../../../Engine/Plugins/Animation/ControlRig/Content/Controls/ControlRig_Hexagon_solid.uasset" 298
"../../../Engine/Plugins/Animation/ControlRig/Content/Controls/ControlRig_Hexagon_solid.uexp" 299
"../../../Engine/Plugins/Animation/ControlRig/Content/Controls/ControlRig_Hexagon_3mm.ubulk" 300
"../../../Engine/Plugins/Animation/ControlRig/Content/Controls/ControlRig_Hexagon_3mm.uasset" 301
"../../../Engine/Plugins/Animation/ControlRig/Content/Controls/ControlRig_Hexagon_3mm.uexp" 302
"../../../Engine/Plugins/Animation/ControlRig/Content/Controls/ControlRig_Hexagon_1mm.ubulk" 303
"../../../Engine/Plugins/Animation/ControlRig/Content/Controls/ControlRig_Hexagon_1mm.uasset" 304
"../../../Engine/Plugins/Animation/ControlRig/Content/Controls/ControlRig_Hexagon_1mm.uexp" 305
"../../../Engine/Plugins/Animation/ControlRig/Content/Controls/ControlRig_HalfCircle_solid.ubulk" 306
"../../../Engine/Plugins/Animation/ControlRig/Content/Controls/ControlRig_HalfCircle_solid.uasset" 307
"../../../Engine/Plugins/Animation/ControlRig/Content/Controls/ControlRig_HalfCircle_solid.uexp" 308
"../../../Engine/Plugins/Animation/ControlRig/Content/Controls/ControlRig_HalfCircle_3mm.ubulk" 309
"../../../Engine/Plugins/Animation/ControlRig/Content/Controls/ControlRig_HalfCircle_3mm.uasset" 310
"../../../Engine/Plugins/Animation/ControlRig/Content/Controls/ControlRig_HalfCircle_3mm.uexp" 311
"../../../Engine/Plugins/Animation/ControlRig/Content/Controls/ControlRig_HalfCircle_1mm.ubulk" 312
"../../../Engine/Plugins/Animation/ControlRig/Content/Controls/ControlRig_HalfCircle_1mm.uasset" 313
"../../../Engine/Plugins/Animation/ControlRig/Content/Controls/ControlRig_HalfCircle_1mm.uexp" 314
"../../../Engine/Plugins/Animation/ControlRig/Content/Controls/ControlRig_Diamond_solid.ubulk" 315
"../../../Engine/Plugins/Animation/ControlRig/Content/Controls/ControlRig_Diamond_solid.uasset" 316
"../../../Engine/Plugins/Animation/ControlRig/Content/Controls/ControlRig_Diamond_solid.uexp" 317
"../../../Engine/Plugins/Animation/ControlRig/Content/Controls/ControlRig_Diamond_3mm.ubulk" 318
"../../../Engine/Plugins/Animation/ControlRig/Content/Controls/ControlRig_Diamond_3mm.uasset" 319
"../../../Engine/Plugins/Animation/ControlRig/Content/Controls/ControlRig_Diamond_3mm.uexp" 320
"../../../Engine/Plugins/Animation/ControlRig/Content/Controls/ControlRig_Diamond_1mm.ubulk" 321
"../../../Engine/Plugins/Animation/ControlRig/Content/Controls/ControlRig_Diamond_1mm.uasset" 322
"../../../Engine/Plugins/Animation/ControlRig/Content/Controls/ControlRig_Diamond_1mm.uexp" 323
"../../../Engine/Plugins/Animation/ControlRig/Content/Controls/ControlRig_Circle_solid.ubulk" 324
"../../../Engine/Plugins/Animation/ControlRig/Content/Controls/ControlRig_Circle_solid.uasset" 325
"../../../Engine/Plugins/Animation/ControlRig/Content/Controls/ControlRig_Circle_solid.uexp" 326
"../../../Engine/Plugins/Animation/ControlRig/Content/Controls/ControlRig_Circle_3mm.ubulk" 327
"../../../Engine/Plugins/Animation/ControlRig/Content/Controls/ControlRig_Circle_3mm.uasset" 328
"../../../Engine/Plugins/Animation/ControlRig/Content/Controls/ControlRig_Circle_3mm.uexp" 329
"../../../Engine/Plugins/Animation/ControlRig/Content/Controls/ControlRig_Circle_1mm.ubulk" 330
"../../../Engine/Plugins/Animation/ControlRig/Content/Controls/ControlRig_Circle_1mm.uasset" 331
"../../../Engine/Plugins/Animation/ControlRig/Content/Controls/ControlRig_Circle_1mm.uexp" 332
"../../../Engine/Plugins/Animation/ControlRig/Content/Controls/ControlRig_Box_solid.ubulk" 333
"../../../Engine/Plugins/Animation/ControlRig/Content/Controls/ControlRig_Box_solid.uasset" 334
"../../../Engine/Plugins/Animation/ControlRig/Content/Controls/ControlRig_Box_solid.uexp" 335
"../../../Engine/Plugins/Animation/ControlRig/Content/Controls/ControlRig_Box_3mm.ubulk" 336
"../../../Engine/Plugins/Animation/ControlRig/Content/Controls/ControlRig_Box_3mm.uasset" 337
"../../../Engine/Plugins/Animation/ControlRig/Content/Controls/ControlRig_Box_3mm.uexp" 338
"../../../Engine/Plugins/Animation/ControlRig/Content/Controls/ControlRig_Box_1mm.ubulk" 339
"../../../Engine/Plugins/Animation/ControlRig/Content/Controls/ControlRig_Box_1mm.uasset" 340
"../../../Engine/Plugins/Animation/ControlRig/Content/Controls/ControlRig_Box_1mm.uexp" 341
"../../../Engine/Plugins/Animation/ControlRig/Content/Controls/ControlRig_Arrow_solid.ubulk" 342
"../../../Engine/Plugins/Animation/ControlRig/Content/Controls/ControlRig_Arrow_solid.uasset" 343
"../../../Engine/Plugins/Animation/ControlRig/Content/Controls/ControlRig_Arrow_solid.uexp" 344
"../../../Engine/Plugins/Animation/ControlRig/Content/Controls/ControlRig_Arrow_3mm.ubulk" 345
"../../../Engine/Plugins/Animation/ControlRig/Content/Controls/ControlRig_Arrow_3mm.uasset" 346
"../../../Engine/Plugins/Animation/ControlRig/Content/Controls/ControlRig_Arrow_3mm.uexp" 347
"../../../Engine/Plugins/Animation/ControlRig/Content/Controls/ControlRig_Arrow_1mm.ubulk" 348
"../../../Engine/Plugins/Animation/ControlRig/Content/Controls/ControlRig_Arrow_1mm.uasset" 349
"../../../Engine/Plugins/Animation/ControlRig/Content/Controls/ControlRig_Arrow_1mm.uexp" 350
"../../../Engine/Plugins/Animation/ControlRig/Content/Controls/ControlRig_Arrow4_solid.ubulk" 351
"../../../Engine/Plugins/Animation/ControlRig/Content/Controls/ControlRig_Arrow4_solid.uasset" 352
"../../../Engine/Plugins/Animation/ControlRig/Content/Controls/ControlRig_Arrow4_solid.uexp" 353
"../../../Engine/Plugins/Animation/ControlRig/Content/Controls/ControlRig_Arrow4_3mm.ubulk" 354
"../../../Engine/Plugins/Animation/ControlRig/Content/Controls/ControlRig_Arrow4_3mm.uasset" 355
"../../../Engine/Plugins/Animation/ControlRig/Content/Controls/ControlRig_Arrow4_3mm.uexp" 356
"../../../Engine/Plugins/Animation/ControlRig/Content/Controls/ControlRig_Arrow4_1mm.ubulk" 357
"../../../Engine/Plugins/Animation/ControlRig/Content/Controls/ControlRig_Arrow4_1mm.uasset" 358
"../../../Engine/Plugins/Animation/ControlRig/Content/Controls/ControlRig_Arrow4_1mm.uexp" 359
"../../../Engine/Plugins/Animation/ControlRig/Content/Controls/ControlRig_Arrow2_solid.ubulk" 360
"../../../Engine/Plugins/Animation/ControlRig/Content/Controls/ControlRig_Arrow2_solid.uasset" 361
"../../../Engine/Plugins/Animation/ControlRig/Content/Controls/ControlRig_Arrow2_solid.uexp" 362
"../../../Engine/Plugins/Animation/ControlRig/Content/Controls/ControlRig_Arrow2_3mm.ubulk" 363
"../../../Engine/Plugins/Animation/ControlRig/Content/Controls/ControlRig_Arrow2_3mm.uasset" 364
"../../../Engine/Plugins/Animation/ControlRig/Content/Controls/ControlRig_Arrow2_3mm.uexp" 365
"../../../Engine/Plugins/Animation/ControlRig/Content/Controls/ControlRig_Arrow2_1mm.ubulk" 366
"../../../Engine/Plugins/Animation/ControlRig/Content/Controls/ControlRig_Arrow2_1mm.uasset" 367
"../../../Engine/Plugins/Animation/ControlRig/Content/Controls/ControlRig_Arrow2_1mm.uexp" 368
"../../../Engine/Plugins/Animation/ControlRig/Content/Controls/ControlRigXRayMaterial.uasset" 369
"../../../Engine/Plugins/Animation/ControlRig/Content/Controls/ControlRigXRayMaterial.uexp" 370
"../../../Engine/Plugins/Animation/ControlRig/Content/Controls/ControlRigGizmoMaterial.uasset" 371
"../../../Engine/Plugins/Animation/ControlRig/Content/Controls/ControlRigGizmoMaterial.uexp" 372
"../../../Engine/Plugins/Animation/ACLPlugin/Content/ACLAnimCurveCompressionSettings.uasset" 373
"../../../Engine/Plugins/Animation/ACLPlugin/Content/ACLAnimCurveCompressionSettings.uexp" 374
"../../../Engine/Plugins/Animation/ACLPlugin/Content/ACLAnimBoneCompressionSettings.uasset" 375
"../../../Engine/Plugins/Animation/ACLPlugin/Content/ACLAnimBoneCompressionSettings.uexp" 376
"../../../Engine/Plugins/2D/Paper2D/Content/PlaceholderTextures/DummySpriteTexture.ubulk" 377
"../../../Engine/Plugins/2D/Paper2D/Content/PlaceholderTextures/DummySpriteTexture.uasset" 378
"../../../Engine/Plugins/2D/Paper2D/Content/PlaceholderTextures/DummySpriteTexture.uexp" 379
"../../../Engine/Plugins/2D/Paper2D/Content/DefaultSpriteMaterial.uasset" 380
"../../../Engine/Plugins/2D/Paper2D/Content/DefaultSpriteMaterial.uexp" 381
"../../../Engine/Plugins/2D/Paper2D/Content/OpaqueUnlitSpriteMaterial.uasset" 382
"../../../Engine/Plugins/2D/Paper2D/Content/OpaqueUnlitSpriteMaterial.uexp" 383
"../../../Engine/Plugins/2D/Paper2D/Content/MaskedUnlitSpriteMaterial.uasset" 384
"../../../Engine/Plugins/2D/Paper2D/Content/MaskedUnlitSpriteMaterial.uexp" 385
"../../../Engine/Plugins/2D/Paper2D/Content/DummySprite.uasset" 386
"../../../Engine/Plugins/2D/Paper2D/Content/DummySprite.uexp" 387
"../../../Engine/Plugins/2D/Paper2D/Content/DefaultPaperTerrainMaterial.uasset" 388
"../../../Engine/Plugins/2D/Paper2D/Content/DefaultPaperTerrainMaterial.uexp" 389
"../../../Engine/Content/VREditor/TransformGizmo/StartRotationHandleIndicator.ubulk" 390
"../../../Engine/Content/VREditor/TransformGizmo/StartRotationHandleIndicator.uasset" 391
"../../../Engine/Content/VREditor/TransformGizmo/StartRotationHandleIndicator.uexp" 392
"../../../Engine/Content/VREditor/Sounds/UI/Drop_Item_From_ContentBrowser.ubulk" 393
"../../../Engine/Content/VREditor/Sounds/UI/Drop_Item_From_ContentBrowser.uasset" 394
"../../../Engine/Content/VREditor/Sounds/UI/Drop_Item_From_ContentBrowser.uexp" 395
"../../../Engine/Content/VREditor/TransformGizmo/PlaneTranslationHandle.ubulk" 396
"../../../Engine/Content/VREditor/TransformGizmo/PlaneTranslationHandle.uasset" 397
"../../../Engine/Content/VREditor/TransformGizmo/PlaneTranslationHandle.uexp" 398
"../../../Engine/Content/VREditor/Sounds/UI/Object_Snaps_To_Grid.ubulk" 399
"../../../Engine/Content/VREditor/Sounds/UI/Object_Snaps_To_Grid.uasset" 400
"../../../Engine/Content/VREditor/Sounds/UI/Object_Snaps_To_Grid.uexp" 401
"../../../Engine/Content/VREditor/Sounds/UI/Selection_Changes.ubulk" 402
"../../../Engine/Content/VREditor/Sounds/UI/Selection_Changes.uasset" 403
"../../../Engine/Content/VREditor/Sounds/UI/Selection_Changes.uexp" 404
"../../../Engine/Content/VREditor/Sounds/UI/Object_Snaps_To_Another_Actor.ubulk" 405
"../../../Engine/Content/VREditor/Sounds/UI/Object_Snaps_To_Another_Actor.uasset" 406
"../../../Engine/Content/VREditor/Sounds/UI/Object_Snaps_To_Another_Actor.uexp" 407
"../../../Engine/Content/VREditor/TransformGizmo/TranslucentTransformGizmoMaterial_Inst.uasset" 408
"../../../Engine/Content/VREditor/TransformGizmo/TranslucentTransformGizmoMaterial_Inst.uexp" 409
"../../../Engine/Content/VREditor/TransformGizmo/TransformGizmoFreeRotation.ubulk" 410
"../../../Engine/Content/VREditor/TransformGizmo/TransformGizmoFreeRotation.uasset" 411
"../../../Engine/Content/VREditor/TransformGizmo/TransformGizmoFreeRotation.uexp" 412
"../../../Engine/Content/VREditor/Sounds/UI/Scaling_Down.ubulk" 413
"../../../Engine/Content/VREditor/Sounds/UI/Scaling_Down.uasset" 414
"../../../Engine/Content/VREditor/Sounds/UI/Scaling_Down.uexp" 415
"../../../Engine/Content/Functions/Engine_MaterialFunctions02/Math/Transform3x3Matrix.uasset" 416
"../../../Engine/Content/Functions/Engine_MaterialFunctions02/Math/Transform3x3Matrix.uexp" 417
"../../../Engine/Content/Functions/Engine_MaterialFunctions02/SplitComponents.uasset" 418
"../../../Engine/Content/Functions/Engine_MaterialFunctions02/SplitComponents.uexp" 419
"../../../Engine/Content/Functions/Engine_MaterialFunctions02/Utility/MakeFloat3.uasset" 420
"../../../Engine/Content/Functions/Engine_MaterialFunctions02/Utility/MakeFloat3.uexp" 421
"../../../Engine/Content/VREditor/SnapGrid/SnapGridMaterial.uasset" 422
"../../../Engine/Content/VREditor/SnapGrid/SnapGridMaterial.uexp" 423
"../../../Engine/Content/VREditor/SnapGrid/SnapGridPlaneMesh.ubulk" 424
"../../../Engine/Content/VREditor/SnapGrid/SnapGridPlaneMesh.uasset" 425
"../../../Engine/Content/VREditor/SnapGrid/SnapGridPlaneMesh.uexp" 426
"../../../Engine/Content/VREditor/Sounds/UI/Scaling_Up.ubulk" 427
"../../../Engine/Content/VREditor/Sounds/UI/Scaling_Up.uasset" 428
"../../../Engine/Content/VREditor/Sounds/UI/Scaling_Up.uexp" 429
"../../../Engine/Content/VREditor/TransformGizmo/TransformGizmoMaterial_Inst.uasset" 430
"../../../Engine/Content/VREditor/TransformGizmo/TransformGizmoMaterial_Inst.uexp" 431
"../../../Engine/Content/VREditor/Sounds/UI/Gizmo_Handle_Clicked.ubulk" 432
"../../../Engine/Content/VREditor/Sounds/UI/Gizmo_Handle_Clicked.uasset" 433
"../../../Engine/Content/VREditor/Sounds/UI/Gizmo_Handle_Clicked.uexp" 434
"../../../Engine/Content/VREditor/TransformGizmo/RotationHandleQuarter.ubulk" 435
"../../../Engine/Content/VREditor/TransformGizmo/RotationHandleQuarter.uasset" 436
"../../../Engine/Content/VREditor/TransformGizmo/RotationHandleQuarter.uexp" 437
"../../../Engine/Content/VREditor/TransformGizmo/TranslateArrowHandle.ubulk" 438
"../../../Engine/Content/VREditor/TransformGizmo/TranslateArrowHandle.uasset" 439
"../../../Engine/Content/VREditor/TransformGizmo/TranslateArrowHandle.uexp" 440
"../../../Engine/Content/VREditor/TransformGizmo/RotationHandleIndicator.ubulk" 441
"../../../Engine/Content/VREditor/TransformGizmo/RotationHandleIndicator.uasset" 442
"../../../Engine/Content/VREditor/TransformGizmo/RotationHandleIndicator.uexp" 443
"../../../Engine/Content/VREditor/TransformGizmo/UniformScaleHandle.ubulk" 444
"../../../Engine/Content/VREditor/TransformGizmo/UniformScaleHandle.uasset" 445
"../../../Engine/Content/VREditor/TransformGizmo/UniformScaleHandle.uexp" 446
"../../../Engine/Content/VREditor/TransformGizmo/RotationHandleFull.ubulk" 447
"../../../Engine/Content/VREditor/TransformGizmo/RotationHandleFull.uasset" 448
"../../../Engine/Content/VREditor/TransformGizmo/RotationHandleFull.uexp" 449
"../../../Engine/Content/VREditor/Sounds/UI/Object_PickUp.ubulk" 450
"../../../Engine/Content/VREditor/Sounds/UI/Object_PickUp.uasset" 451
"../../../Engine/Content/VREditor/Sounds/UI/Object_PickUp.uexp" 452
"../../../Engine/Content/EngineSounds/Master.uasset" 453
"../../../Engine/Content/EngineSounds/Master.uexp" 454
"../../../Engine/Content/EngineResources/WhiteSquareTexture.uasset" 455
"../../../Engine/Content/EngineResources/WhiteSquareTexture.uexp" 456
"../../../Engine/Content/EngineMaterials/Widget3DPassThrough.uasset" 457
"../../../Engine/Content/EngineMaterials/Widget3DPassThrough.uexp" 458
"../../../Engine/Content/EngineMaterials/Widget3DPassThrough_Translucent.uasset" 459
"../../../Engine/Content/EngineMaterials/Widget3DPassThrough_Translucent.uexp" 460
"../../../Engine/Content/EngineMaterials/Widget3DPassThrough_Translucent_OneSided.uasset" 461
"../../../Engine/Content/EngineMaterials/Widget3DPassThrough_Translucent_OneSided.uexp" 462
"../../../Engine/Content/EngineMaterials/Widget3DPassThrough_Opaque.uasset" 463
"../../../Engine/Content/EngineMaterials/Widget3DPassThrough_Opaque.uexp" 464
"../../../Engine/Content/EngineMaterials/Widget3DPassThrough_Opaque_OneSided.uasset" 465
"../../../Engine/Content/EngineMaterials/Widget3DPassThrough_Opaque_OneSided.uexp" 466
"../../../Engine/Content/EngineMaterials/Widget3DPassThrough_Masked_OneSided.uasset" 467
"../../../Engine/Content/EngineMaterials/Widget3DPassThrough_Masked_OneSided.uexp" 468
"../../../Engine/Content/EngineMaterials/Widget3DPassThrough_Masked.uasset" 469
"../../../Engine/Content/EngineMaterials/Widget3DPassThrough_Masked.uexp" 470
"../../../Engine/Content/EngineMaterials/STBlueNoise_vec2_128x128x64.uasset" 471
"../../../Engine/Content/EngineMaterials/STBlueNoise_vec2_128x128x64.uexp" 472
"../../../Engine/Content/EngineMaterials/STBlueNoise_scalar_128x128x64.uasset" 473
"../../../Engine/Content/EngineMaterials/STBlueNoise_scalar_128x128x64.uexp" 474
"../../../Engine/Content/EngineMaterials/RemoveSurfaceMaterial.uasset" 475
"../../../Engine/Content/EngineMaterials/RemoveSurfaceMaterial.uexp" 476
"../../../Engine/Content/EngineMaterials/DefaultCalibrationGrayscale.uasset" 477
"../../../Engine/Content/EngineMaterials/DefaultCalibrationGrayscale.uexp" 478
"../../../Engine/Content/EngineMaterials/PPM_DefaultCalibrationGrayscale.uasset" 479
"../../../Engine/Content/EngineMaterials/PPM_DefaultCalibrationGrayscale.uexp" 480
"../../../Engine/Content/EngineMaterials/DefaultCalibrationColor.uasset" 481
"../../../Engine/Content/EngineMaterials/DefaultCalibrationColor.uexp" 482
"../../../Engine/Content/EngineMaterials/PPM_DefaultCalibrationColor.uasset" 483
"../../../Engine/Content/EngineMaterials/PPM_DefaultCalibrationColor.uexp" 484
"../../../Engine/Content/EngineMaterials/PhAT_JointLimitMaterial.uasset" 485
"../../../Engine/Content/EngineMaterials/PhAT_JointLimitMaterial.uexp" 486
"../../../Engine/Content/EngineMaterials/NaniteHiddenSectionMaterial.uasset" 487
"../../../Engine/Content/EngineMaterials/NaniteHiddenSectionMaterial.uexp" 488
"../../../Engine/Content/EngineMaterials/InvalidLightmapSettings.ubulk" 489
"../../../Engine/Content/EngineMaterials/InvalidLightmapSettings.uasset" 490
"../../../Engine/Content/EngineMaterials/InvalidLightmapSettings.uexp" 491
"../../../Engine/Content/EngineMaterials/M_InvalidLightmapSettings.uasset" 492
"../../../Engine/Content/EngineMaterials/M_InvalidLightmapSettings.uexp" 493
"../../../Engine/Content/EngineMaterials/GizmoMaterial.uasset" 494
"../../../Engine/Content/EngineMaterials/GizmoMaterial.uexp" 495
"../../../Engine/Content/EngineMaterials/BaseFlattenEmissiveMap_VT.uasset" 496
"../../../Engine/Content/EngineMaterials/BaseFlattenEmissiveMap_VT.uexp" 497
"../../../Engine/Content/EngineMaterials/BaseFlattenGrayscaleMap_VT.uasset" 498
"../../../Engine/Content/EngineMaterials/BaseFlattenGrayscaleMap_VT.uexp" 499
"../../../Engine/Content/EngineMaterials/BaseFlattenLinearColor_VT.uasset" 500
"../../../Engine/Content/EngineMaterials/BaseFlattenLinearColor_VT.uexp" 501
"../../../Engine/Content/EngineMaterials/Black_1x1_EXR_Texture_VT.uasset" 502
"../../../Engine/Content/EngineMaterials/Black_1x1_EXR_Texture_VT.uexp" 503
"../../../Engine/Content/EngineMaterials/BaseFlattenDiffuseMap_VT.uasset" 504
"../../../Engine/Content/EngineMaterials/BaseFlattenDiffuseMap_VT.uexp" 505
"../../../Engine/Content/EngineMaterials/BaseFlattenNormalMap_VT.uasset" 506
"../../../Engine/Content/EngineMaterials/BaseFlattenNormalMap_VT.uexp" 507
"../../../Engine/Content/EngineMaterials/FlattenMaterial_WS_Normal_VT.uasset" 508
"../../../Engine/Content/EngineMaterials/FlattenMaterial_WS_Normal_VT.uexp" 509
"../../../Engine/Content/EngineMaterials/FlattenMaterial_VT.uasset" 510
"../../../Engine/Content/EngineMaterials/FlattenMaterial_VT.uexp" 511
"../../../Engine/Content/EngineMaterials/BaseFlattenNormalMap.uasset" 512
"../../../Engine/Content/EngineMaterials/BaseFlattenNormalMap.uexp" 513
"../../../Engine/Content/EngineMaterials/BaseFlattenGrayscaleMap.uasset" 514
"../../../Engine/Content/EngineMaterials/BaseFlattenGrayscaleMap.uexp" 515
"../../../Engine/Content/EngineMaterials/BaseFlattenDiffuseMap.uasset" 516
"../../../Engine/Content/EngineMaterials/BaseFlattenDiffuseMap.uexp" 517
"../../../Engine/Content/Functions/Engine_MaterialFunctions02/PivotPainter2/Black_1x1_EXR_Texture.uasset" 518
"../../../Engine/Content/Functions/Engine_MaterialFunctions02/PivotPainter2/Black_1x1_EXR_Texture.uexp" 519
"../../../Engine/Content/EngineMaterials/BaseFlattenEmissiveMap.uasset" 520
"../../../Engine/Content/EngineMaterials/BaseFlattenEmissiveMap.uexp" 521
"../../../Engine/Content/EngineMaterials/BaseFlattenLinearColor.uasset" 522
"../../../Engine/Content/EngineMaterials/BaseFlattenLinearColor.uexp" 523
"../../../Engine/Content/EngineMaterials/FlattenMaterial.uasset" 524
"../../../Engine/Content/EngineMaterials/FlattenMaterial.uexp" 525
"../../../Engine/Content/EngineMaterials/DefaultWhiteGrid_Low.uasset" 526
"../../../Engine/Content/EngineMaterials/DefaultWhiteGrid_Low.uexp" 527
"../../../Engine/Content/EngineMaterials/EmissiveMeshMaterial.uasset" 528
"../../../Engine/Content/EngineMaterials/EmissiveMeshMaterial.uexp" 529
"../../../Engine/Content/EngineFonts/RobotoDistanceField.uasset" 530
"../../../Engine/Content/EngineFonts/RobotoDistanceField.uexp" 531
"../../../Engine/Content/EngineMaterials/DefaultTextMaterialOpaque.uasset" 532
"../../../Engine/Content/EngineMaterials/DefaultTextMaterialOpaque.uexp" 533
"../../../Engine/Content/EngineMaterials/DefaultDiffuse.ubulk" 534
"../../../Engine/Content/EngineMaterials/DefaultDiffuse.uasset" 535
"../../../Engine/Content/EngineMaterials/DefaultDiffuse.uexp" 536
"../../../Engine/Content/Functions/Engine_MaterialFunctions02/Utility/BreakOutFloat2Components.uasset" 537
"../../../Engine/Content/Functions/Engine_MaterialFunctions02/Utility/BreakOutFloat2Components.uexp" 538
"../../../Engine/Content/EngineMaterials/DefaultPostProcessMaterial.uasset" 539
"../../../Engine/Content/EngineMaterials/DefaultPostProcessMaterial.uexp" 540
"../../../Engine/Content/EngineMaterials/DefaultPhysicalMaterial.uasset" 541
"../../../Engine/Content/EngineMaterials/DefaultPhysicalMaterial.uexp" 542
"../../../Engine/Content/EngineMaterials/DefaultLightFunctionMaterial.uasset" 543
"../../../Engine/Content/EngineMaterials/DefaultLightFunctionMaterial.uexp" 544
"../../../Engine/Content/EngineMaterials/DefaultDestructiblePhysicalMaterial.uasset" 545
"../../../Engine/Content/EngineMaterials/DefaultDestructiblePhysicalMaterial.uexp" 546
"../../../Engine/Content/EngineMaterials/DefaultDeferredDecalMaterial.uasset" 547
"../../../Engine/Content/EngineMaterials/DefaultDeferredDecalMaterial.uexp" 548
"../../../Engine/Content/EngineMaterials/DefaultBloomKernel.uasset" 549
"../../../Engine/Content/EngineMaterials/DefaultBloomKernel.uexp" 550
"../../../Engine/Content/EngineFonts/Faces/RobotoLight.uexp" 551
"../../../Engine/Content/EngineFonts/Faces/RobotoLight.uasset" 552
"../../../Engine/Content/EngineFonts/Faces/RobotoLight.ufont" 553
"../../../Engine/Content/EngineFonts/Faces/RobotoBold.uexp" 554
"../../../Engine/Content/EngineFonts/Faces/RobotoBold.uasset" 555
"../../../Engine/Content/EngineFonts/Faces/RobotoBold.ufont" 556
"../../../Engine/Content/EngineFonts/Faces/RobotoRegular.uexp" 557
"../../../Engine/Content/EngineFonts/Faces/RobotoRegular.uasset" 558
"../../../Engine/Content/EngineFonts/Faces/RobotoRegular.ufont" 559
"../../../Engine/Content/EngineFonts/Faces/DroidSansFallback.uexp" 560
"../../../Engine/Content/EngineFonts/Faces/DroidSansFallback.uasset" 561
"../../../Engine/Content/EngineFonts/Faces/DroidSansFallback.ufont" 562
"../../../Engine/Content/EngineFonts/Faces/RobotoItalic.uexp" 563
"../../../Engine/Content/EngineFonts/Faces/RobotoItalic.uasset" 564
"../../../Engine/Content/EngineFonts/Faces/RobotoItalic.ufont" 565
"../../../Engine/Content/EngineFonts/Faces/RobotoBoldItalic.uexp" 566
"../../../Engine/Content/EngineFonts/Faces/RobotoBoldItalic.uasset" 567
"../../../Engine/Content/EngineFonts/Faces/RobotoBoldItalic.ufont" 568
"../../../Engine/Content/EngineFonts/Roboto.uasset" 569
"../../../Engine/Content/EngineFonts/Roboto.uexp" 570
"../../../Engine/Content/EngineDebugMaterials/VolumeToRender.uasset" 571
"../../../Engine/Content/EngineDebugMaterials/VolumeToRender.uexp" 572
"../../../Engine/Content/EngineDebugMaterials/M_VolumeRenderSphereTracePP.uasset" 573
"../../../Engine/Content/EngineDebugMaterials/M_VolumeRenderSphereTracePP.uexp" 574
"../../../Engine/Content/EngineDebugMaterials/M_SimpleUnlitTranslucent.uasset" 575
"../../../Engine/Content/EngineDebugMaterials/M_SimpleUnlitTranslucent.uexp" 576
"../../../Engine/Content/EngineDebugMaterials/DebugMeshMaterial.uasset" 577
"../../../Engine/Content/EngineDebugMaterials/DebugMeshMaterial.uexp" 578
"../../../Engine/Content/EngineDebugMaterials/DebugEditorMaterial.uasset" 579
"../../../Engine/Content/EngineDebugMaterials/DebugEditorMaterial.uexp" 580
"../../../Engine/Content/EngineDamageTypes/DmgTypeBP_Environmental.uasset" 581
"../../../Engine/Content/EngineDamageTypes/DmgTypeBP_Environmental.uexp" 582
"../../../Engine/Content/EditorResources/S_Terrain.ubulk" 583
"../../../Engine/Content/EditorResources/S_Terrain.uasset" 584
"../../../Engine/Content/EditorResources/S_Terrain.uexp" 585
"../../../Engine/Content/EditorResources/EmptyActor.uasset" 586
"../../../Engine/Content/EditorResources/EmptyActor.uexp" 587
"../../../Engine/Content/EditorResources/BSPVertex.uasset" 588
"../../../Engine/Content/EditorResources/BSPVertex.uexp" 589
"../../../Engine/Content/EditorMaterials/PreviewShadowIndicator.ubulk" 590
"../../../Engine/Content/EditorMaterials/PreviewShadowIndicator.uasset" 591
"../../../Engine/Content/EditorMaterials/PreviewShadowIndicator.uexp" 592
"../../../Engine/Content/EditorMaterials/PreviewShadowIndicatorMaterial.uasset" 593
"../../../Engine/Content/EditorMaterials/PreviewShadowIndicatorMaterial.uexp" 594
"../../../Engine/Content/EditorMaterials/PhAT_UnselectedMaterial.uasset" 595
"../../../Engine/Content/EditorMaterials/PhAT_UnselectedMaterial.uexp" 596
"../../../Engine/Content/EditorMaterials/PhAT_NoCollisionMaterial.uasset" 597
"../../../Engine/Content/EditorMaterials/PhAT_NoCollisionMaterial.uexp" 598
"../../../Engine/Content/EditorLandscapeResources/DefaultAlphaTexture.uasset" 599
"../../../Engine/Content/EditorLandscapeResources/DefaultAlphaTexture.uexp" 600
"../../../Engine/Content/EditorLandscapeResources/DataLayer.uasset" 601
"../../../Engine/Content/EditorLandscapeResources/DataLayer.uexp" 602
"../../../Engine/Content/EngineMaterials/DefaultMaterial.uasset" 603
"../../../Engine/Content/EngineMaterials/DefaultMaterial.uexp" 604
"../../../Engine/Content/BasicShapes/Sphere.ubulk" 605
"../../../Engine/Content/BasicShapes/Sphere.uasset" 606
"../../../Engine/Content/BasicShapes/Sphere.uexp" 607
"../../../Engine/Content/BasicShapes/Plane.ubulk" 608
"../../../Engine/Content/BasicShapes/Plane.uasset" 609
"../../../Engine/Content/BasicShapes/Plane.uexp" 610
"../../../Engine/Content/BasicShapes/Cylinder.ubulk" 611
"../../../Engine/Content/BasicShapes/Cylinder.uasset" 612
"../../../Engine/Content/BasicShapes/Cylinder.uexp" 613
"../../../Engine/Content/BasicShapes/Cube.ubulk" 614
"../../../Engine/Content/BasicShapes/Cube.uasset" 615
"../../../Engine/Content/BasicShapes/Cube.uexp" 616
"../../../Engine/Content/BasicShapes/Cone.ubulk" 617
"../../../Engine/Content/BasicShapes/Cone.uasset" 618
"../../../Engine/Content/BasicShapes/Cone.uexp" 619
"../../../Engine/Content/BasicShapes/BasicShapeMaterial.uasset" 620
"../../../Engine/Content/BasicShapes/BasicShapeMaterial.uexp" 621
"D:/UnrealProjects/TencentOpenClass/homework2/Content/LevelPrototyping/Textures/T_GridChecker_A.ubulk" 622
"D:/UnrealProjects/TencentOpenClass/homework2/Content/LevelPrototyping/Textures/T_GridChecker_A.uasset" 623
"D:/UnrealProjects/TencentOpenClass/homework2/Content/LevelPrototyping/Textures/T_GridChecker_A.uexp" 624
"../../../Engine/Content/Functions/Engine_MaterialFunctions01/Gradient/LinearGradient.uasset" 625
"../../../Engine/Content/Functions/Engine_MaterialFunctions01/Gradient/LinearGradient.uexp" 626
"../../../Engine/Content/Functions/Engine_MaterialFunctions01/ImageAdjustment/CheapContrast.uasset" 627
"../../../Engine/Content/Functions/Engine_MaterialFunctions01/ImageAdjustment/CheapContrast.uexp" 628
"D:/UnrealProjects/TencentOpenClass/homework2/Content/LevelPrototyping/Materials/MF_ProcGrid.uasset" 629
"D:/UnrealProjects/TencentOpenClass/homework2/Content/LevelPrototyping/Materials/MF_ProcGrid.uexp" 630
"D:/UnrealProjects/TencentOpenClass/homework2/Content/LevelPrototyping/Materials/M_PrototypeGrid.uasset" 631
"D:/UnrealProjects/TencentOpenClass/homework2/Content/LevelPrototyping/Materials/M_PrototypeGrid.uexp" 632
"D:/UnrealProjects/TencentOpenClass/homework2/Content/LevelPrototyping/Materials/MI_PrototypeGrid_Gray.uasset" 633
"D:/UnrealProjects/TencentOpenClass/homework2/Content/LevelPrototyping/Materials/MI_PrototypeGrid_Gray.uexp" 634
"D:/UnrealProjects/TencentOpenClass/homework2/Content/LevelPrototyping/Meshes/SM_Cylinder.ubulk" 635
"D:/UnrealProjects/TencentOpenClass/homework2/Content/LevelPrototyping/Meshes/SM_Cylinder.uasset" 636
"D:/UnrealProjects/TencentOpenClass/homework2/Content/LevelPrototyping/Meshes/SM_Cylinder.uexp" 637
"D:/UnrealProjects/TencentOpenClass/homework2/Content/LevelPrototyping/Materials/MI_PrototypeGrid_Gray_02.uasset" 638
"D:/UnrealProjects/TencentOpenClass/homework2/Content/LevelPrototyping/Materials/MI_PrototypeGrid_Gray_02.uexp" 639
"D:/UnrealProjects/TencentOpenClass/homework2/Content/FPWeapon/Mesh/SK_FPGun_PhysicsAsset.uasset" 640
"D:/UnrealProjects/TencentOpenClass/homework2/Content/FPWeapon/Mesh/SK_FPGun_PhysicsAsset.uexp" 641
"D:/UnrealProjects/TencentOpenClass/homework2/Content/FirstPerson/Maps/FirstPersonMap_BuiltData.ubulk" 642
"D:/UnrealProjects/TencentOpenClass/homework2/Content/FirstPerson/Maps/FirstPersonMap_BuiltData.uasset" 643
"D:/UnrealProjects/TencentOpenClass/homework2/Content/FirstPerson/Maps/FirstPersonMap_BuiltData.uexp" 644
"../../../Engine/Content/MobileResources/HUD/VirtualJoystick_Background.uasset" 645
"../../../Engine/Content/MobileResources/HUD/VirtualJoystick_Background.uexp" 646
"../../../Engine/Content/MobileResources/HUD/VirtualJoystick_Thumb.uasset" 647
"../../../Engine/Content/MobileResources/HUD/VirtualJoystick_Thumb.uexp" 648
"D:/UnrealProjects/TencentOpenClass/homework2/Content/FirstPerson/Input/MobileControls.uasset" 649
"D:/UnrealProjects/TencentOpenClass/homework2/Content/FirstPerson/Input/MobileControls.uexp" 650
"D:/UnrealProjects/TencentOpenClass/homework2/Content/LevelPrototyping/Materials/M_Solid.uasset" 651
"D:/UnrealProjects/TencentOpenClass/homework2/Content/LevelPrototyping/Materials/M_Solid.uexp" 652
"D:/UnrealProjects/TencentOpenClass/homework2/Content/LevelPrototyping/Materials/MI_Solid_Blue.uasset" 653
"D:/UnrealProjects/TencentOpenClass/homework2/Content/LevelPrototyping/Materials/MI_Solid_Blue.uexp" 654
"D:/UnrealProjects/TencentOpenClass/homework2/Content/LevelPrototyping/Meshes/SM_ChamferCube.ubulk" 655
"D:/UnrealProjects/TencentOpenClass/homework2/Content/LevelPrototyping/Meshes/SM_ChamferCube.uasset" 656
"D:/UnrealProjects/TencentOpenClass/homework2/Content/LevelPrototyping/Meshes/SM_ChamferCube.uexp" 657
"D:/UnrealProjects/TencentOpenClass/homework2/Content/FirstPerson/Blueprints/BP_SpawnActor_Example.uasset" 658
"D:/UnrealProjects/TencentOpenClass/homework2/Content/FirstPerson/Blueprints/BP_SpawnActor_Example.uexp" 659
"../../../Engine/Content/Functions/Engine_MaterialFunctions02/Math/AddComponents.uasset" 660
"../../../Engine/Content/Functions/Engine_MaterialFunctions02/Math/AddComponents.uexp" 661
"../../../Engine/Content/Functions/Engine_MaterialFunctions01/Texturing/FlattenNormal.uasset" 662
"../../../Engine/Content/Functions/Engine_MaterialFunctions01/Texturing/FlattenNormal.uexp" 663
"../../../Engine/Content/EngineSky/VolumetricClouds/CloudWeatherTexture.uasset" 664
"../../../Engine/Content/EngineSky/VolumetricClouds/CloudWeatherTexture.uexp" 665
"../../../Engine/Content/Functions/Engine_MaterialFunctions02/Utility/MakeFloat2.uasset" 666
"../../../Engine/Content/Functions/Engine_MaterialFunctions02/Utility/MakeFloat2.uexp" 667
"../../../Engine/Content/EngineSky/VolumetricClouds/CloudGradientTexture.uasset" 668
"../../../Engine/Content/EngineSky/VolumetricClouds/CloudGradientTexture.uexp" 669
"../../../Engine/Content/EngineSky/VolumetricClouds/T_NoiseShape64.ubulk" 670
"../../../Engine/Content/EngineSky/VolumetricClouds/T_NoiseShape64.uasset" 671
"../../../Engine/Content/EngineSky/VolumetricClouds/T_NoiseShape64.uexp" 672
"../../../Engine/Content/EngineSky/VolumetricClouds/T_VolumeNoiseShape64.uasset" 673
"../../../Engine/Content/EngineSky/VolumetricClouds/T_VolumeNoiseShape64.uexp" 674
"../../../Engine/Content/EngineSky/VolumetricClouds/T_NoiseErosion.ubulk" 675
"../../../Engine/Content/EngineSky/VolumetricClouds/T_NoiseErosion.uasset" 676
"../../../Engine/Content/EngineSky/VolumetricClouds/T_NoiseErosion.uexp" 677
"../../../Engine/Content/EngineSky/VolumetricClouds/T_VolumeNoiseErosion32.uasset" 678
"../../../Engine/Content/EngineSky/VolumetricClouds/T_VolumeNoiseErosion32.uexp" 679
"../../../Engine/Content/EngineSky/VolumetricClouds/m_SimpleVolumetricCloud.uasset" 680
"../../../Engine/Content/EngineSky/VolumetricClouds/m_SimpleVolumetricCloud.uexp" 681
"../../../Engine/Content/EngineSky/VolumetricClouds/m_SimpleVolumetricCloud_Inst.uasset" 682
"../../../Engine/Content/EngineSky/VolumetricClouds/m_SimpleVolumetricCloud_Inst.uexp" 683
"../../../Engine/Content/EngineResources/FilmGrains/Marcie_Grain_v3_128_M2_000.uasset" 684
"../../../Engine/Content/EngineResources/FilmGrains/Marcie_Grain_v3_128_M2_000.uexp" 685
"../../../Engine/Content/EditorResources/SequenceRecorder/RecordingIndicator.uasset" 686
"../../../Engine/Content/EditorResources/SequenceRecorder/RecordingIndicator.uexp" 687
"../../../Engine/Content/EditorResources/SequenceRecorder/Countdown.uasset" 688
"../../../Engine/Content/EditorResources/SequenceRecorder/Countdown.uexp" 689
"../../../Engine/Content/EditorMaterials/Dataflow/DataflowVertexMaterial.uasset" 690
"../../../Engine/Content/EditorMaterials/Dataflow/DataflowVertexMaterial.uexp" 691
"D:/UnrealProjects/TencentOpenClass/homework2/Content/FPWeapon/Materials/MaterialLayers/T_ML_FineRubber.ubulk" 692
"D:/UnrealProjects/TencentOpenClass/homework2/Content/FPWeapon/Materials/MaterialLayers/T_ML_FineRubber.uasset" 693
"D:/UnrealProjects/TencentOpenClass/homework2/Content/FPWeapon/Materials/MaterialLayers/T_ML_FineRubber.uexp" 694
"../../../Engine/Content/Functions/Engine_MaterialFunctions01/Shading/PowerToRoughness.uasset" 695
"../../../Engine/Content/Functions/Engine_MaterialFunctions01/Shading/PowerToRoughness.uexp" 696
"../../../Engine/Content/Functions/Engine_MaterialFunctions01/Shading/ConvertFromDiffSpec.uasset" 697
"../../../Engine/Content/Functions/Engine_MaterialFunctions01/Shading/ConvertFromDiffSpec.uexp" 698
"../../../Engine/Content/EngineMaterials/Substrate/Volume/SubstrateSimpleVolumeLUT3D.uasset" 699
"../../../Engine/Content/EngineMaterials/Substrate/Volume/SubstrateSimpleVolumeLUT3D.uexp" 700
"../../../Engine/Content/EngineMaterials/Substrate/Volume/SubstrateSimpleVolumeEnvLUT3D.uasset" 701
"../../../Engine/Content/EngineMaterials/Substrate/Volume/SubstrateSimpleVolumeEnvLUT3D.uexp" 702
"../../../Engine/Content/EngineMaterials/Substrate/GLints2/AGlintTex2dArray2.uasset" 703
"../../../Engine/Content/EngineMaterials/Substrate/GLints2/AGlintTex2dArray2.uexp" 704
"../../../Engine/Content/EngineMaterials/Substrate/GLints/AGlintTex2dArray.uasset" 705
"../../../Engine/Content/EngineMaterials/Substrate/GLints/AGlintTex2dArray.uexp" 706
"D:/UnrealProjects/TencentOpenClass/homework2/Content/LevelPrototyping/Meshes/SM_QuarterCylinder.ubulk" 707
"D:/UnrealProjects/TencentOpenClass/homework2/Content/LevelPrototyping/Meshes/SM_QuarterCylinder.uasset" 708
"D:/UnrealProjects/TencentOpenClass/homework2/Content/LevelPrototyping/Meshes/SM_QuarterCylinder.uexp" 709
"D:/UnrealProjects/TencentOpenClass/homework2/Content/LevelPrototyping/Materials/MI_PrototypeGrid_TopDark.uasset" 710
"D:/UnrealProjects/TencentOpenClass/homework2/Content/LevelPrototyping/Materials/MI_PrototypeGrid_TopDark.uexp" 711
"D:/UnrealProjects/TencentOpenClass/homework2/Content/LevelPrototyping/Meshes/SM_Cube.ubulk" 712
"D:/UnrealProjects/TencentOpenClass/homework2/Content/LevelPrototyping/Meshes/SM_Cube.uasset" 713
"D:/UnrealProjects/TencentOpenClass/homework2/Content/LevelPrototyping/Meshes/SM_Cube.uexp" 714
"D:/UnrealProjects/TencentOpenClass/homework2/Content/LevelPrototyping/Meshes/SM_Ramp.ubulk" 715
"D:/UnrealProjects/TencentOpenClass/homework2/Content/LevelPrototyping/Meshes/SM_Ramp.uasset" 716
"D:/UnrealProjects/TencentOpenClass/homework2/Content/LevelPrototyping/Meshes/SM_Ramp.uexp" 717
"../../../Engine/Content/EngineSky/T_Sky_Stars.ubulk" 718
"../../../Engine/Content/EngineSky/T_Sky_Stars.uasset" 719
"../../../Engine/Content/EngineSky/T_Sky_Stars.uexp" 720
"../../../Engine/Content/EngineSky/T_Sky_Clouds_M.ubulk" 721
"../../../Engine/Content/EngineSky/T_Sky_Clouds_M.uasset" 722
"../../../Engine/Content/EngineSky/T_Sky_Clouds_M.uexp" 723
"../../../Engine/Content/EngineSky/T_Sky_Blue.ubulk" 724
"../../../Engine/Content/EngineSky/T_Sky_Blue.uasset" 725
"../../../Engine/Content/EngineSky/T_Sky_Blue.uexp" 726
"../../../Engine/Content/EngineSky/M_Sky_Panning_Clouds2.uasset" 727
"../../../Engine/Content/EngineSky/M_Sky_Panning_Clouds2.uexp" 728
"../../../Engine/Content/EngineSky/SM_SkySphere.ubulk" 729
"../../../Engine/Content/EngineSky/SM_SkySphere.uasset" 730
"../../../Engine/Content/EngineSky/SM_SkySphere.uexp" 731
"../../../Engine/Content/EngineSky/M_SimpleSkyDome.uasset" 732
"../../../Engine/Content/EngineSky/M_SimpleSkyDome.uexp" 733
"D:/UnrealProjects/TencentOpenClass/homework2/Content/FirstPerson/Input/Actions/IA_Shoot.uasset" 734
"D:/UnrealProjects/TencentOpenClass/homework2/Content/FirstPerson/Input/Actions/IA_Shoot.uexp" 735
"D:/UnrealProjects/TencentOpenClass/homework2/Content/FirstPerson/Input/IMC_Weapons.uasset" 736
"D:/UnrealProjects/TencentOpenClass/homework2/Content/FirstPerson/Input/IMC_Weapons.uexp" 737
"D:/UnrealProjects/TencentOpenClass/homework2/Content/FPWeapon/Mesh/SK_FPGun_Skeleton.uasset" 738
"D:/UnrealProjects/TencentOpenClass/homework2/Content/FPWeapon/Mesh/SK_FPGun_Skeleton.uexp" 739
"D:/UnrealProjects/TencentOpenClass/homework2/Content/FPWeapon/Mesh/SK_FPGun_Physics.uasset" 740
"D:/UnrealProjects/TencentOpenClass/homework2/Content/FPWeapon/Mesh/SK_FPGun_Physics.uexp" 741
"D:/UnrealProjects/TencentOpenClass/homework2/Content/FPWeapon/Mesh/SK_FPGun.uasset" 742
"D:/UnrealProjects/TencentOpenClass/homework2/Content/FPWeapon/Mesh/SK_FPGun.uexp" 743
"D:/UnrealProjects/TencentOpenClass/homework2/Content/FPWeapon/Audio/FirstPersonTemplateWeaponFire02.ubulk" 744
"D:/UnrealProjects/TencentOpenClass/homework2/Content/FPWeapon/Audio/FirstPersonTemplateWeaponFire02.uasset" 745
"D:/UnrealProjects/TencentOpenClass/homework2/Content/FPWeapon/Audio/FirstPersonTemplateWeaponFire02.uexp" 746
"D:/UnrealProjects/TencentOpenClass/homework2/Content/FPWeapon/Materials/BaseMaterial.uasset" 747
"D:/UnrealProjects/TencentOpenClass/homework2/Content/FPWeapon/Materials/BaseMaterial.uexp" 748
"D:/UnrealProjects/TencentOpenClass/homework2/Content/FPWeapon/Materials/FirstPersonProjectileMaterial.uasset" 749
"D:/UnrealProjects/TencentOpenClass/homework2/Content/FPWeapon/Materials/FirstPersonProjectileMaterial.uexp" 750
"D:/UnrealProjects/TencentOpenClass/homework2/Content/FPWeapon/Mesh/FirstPersonProjectileMesh.ubulk" 751
"D:/UnrealProjects/TencentOpenClass/homework2/Content/FPWeapon/Mesh/FirstPersonProjectileMesh.uasset" 752
"D:/UnrealProjects/TencentOpenClass/homework2/Content/FPWeapon/Mesh/FirstPersonProjectileMesh.uexp" 753
"D:/UnrealProjects/TencentOpenClass/homework2/Content/FirstPerson/Blueprints/BP_FirstPersonProjectile.uasset" 754
"D:/UnrealProjects/TencentOpenClass/homework2/Content/FirstPerson/Blueprints/BP_FirstPersonProjectile.uexp" 755
"../../../Engine/Content/Animation/DefaultAnimCurveCompressionSettings.uasset" 756
"../../../Engine/Content/Animation/DefaultAnimCurveCompressionSettings.uexp" 757
"../../../Engine/Content/Animation/DefaultAnimBoneCompressionSettings.uasset" 758
"../../../Engine/Content/Animation/DefaultAnimBoneCompressionSettings.uexp" 759
"D:/UnrealProjects/TencentOpenClass/homework2/Content/FirstPersonArms/Character/Mesh/SK_Mannequin_Arms_Skeleton.uasset" 760
"D:/UnrealProjects/TencentOpenClass/homework2/Content/FirstPersonArms/Character/Mesh/SK_Mannequin_Arms_Skeleton.uexp" 761
"D:/UnrealProjects/TencentOpenClass/homework2/Content/FirstPersonArms/Animations/FP_Rifle_Fire.uasset" 762
"D:/UnrealProjects/TencentOpenClass/homework2/Content/FirstPersonArms/Animations/FP_Rifle_Fire.uexp" 763
"D:/UnrealProjects/TencentOpenClass/homework2/Content/FirstPersonArms/Animations/FP_Rifle_Shoot_Montage.uasset" 764
"D:/UnrealProjects/TencentOpenClass/homework2/Content/FirstPersonArms/Animations/FP_Rifle_Shoot_Montage.uexp" 765
"D:/UnrealProjects/TencentOpenClass/homework2/Content/FirstPersonArms/Animations/FP_Rifle_Idle.uasset" 766
"D:/UnrealProjects/TencentOpenClass/homework2/Content/FirstPersonArms/Animations/FP_Rifle_Idle.uexp" 767
"D:/UnrealProjects/TencentOpenClass/homework2/Content/FirstPersonArms/Animations/FP_Rifle_Land.uasset" 768
"D:/UnrealProjects/TencentOpenClass/homework2/Content/FirstPersonArms/Animations/FP_Rifle_Land.uexp" 769
"D:/UnrealProjects/TencentOpenClass/homework2/Content/FirstPersonArms/Animations/FP_Rifle_Run.uasset" 770
"D:/UnrealProjects/TencentOpenClass/homework2/Content/FirstPersonArms/Animations/FP_Rifle_Run.uexp" 771
"D:/UnrealProjects/TencentOpenClass/homework2/Content/FirstPersonArms/Animations/FP_Rifle_Falling.uasset" 772
"D:/UnrealProjects/TencentOpenClass/homework2/Content/FirstPersonArms/Animations/FP_Rifle_Falling.uexp" 773
"../../../Engine/Content/Animation/DefaultRecorderBoneCompression.uasset" 774
"../../../Engine/Content/Animation/DefaultRecorderBoneCompression.uexp" 775
"D:/UnrealProjects/TencentOpenClass/homework2/Content/FirstPersonArms/Animations/FP_Idle.uasset" 776
"D:/UnrealProjects/TencentOpenClass/homework2/Content/FirstPersonArms/Animations/FP_Idle.uexp" 777
"D:/UnrealProjects/TencentOpenClass/homework2/Content/FirstPersonArms/Animations/FP_Jump.uasset" 778
"D:/UnrealProjects/TencentOpenClass/homework2/Content/FirstPersonArms/Animations/FP_Jump.uexp" 779
"D:/UnrealProjects/TencentOpenClass/homework2/Content/FirstPersonArms/Animations/FP_Run_Fwd.uasset" 780
"D:/UnrealProjects/TencentOpenClass/homework2/Content/FirstPersonArms/Animations/FP_Run_Fwd.uexp" 781
"D:/UnrealProjects/TencentOpenClass/homework2/Content/FirstPersonArms/Animations/FP_Land.uasset" 782
"D:/UnrealProjects/TencentOpenClass/homework2/Content/FirstPersonArms/Animations/FP_Land.uexp" 783
"D:/UnrealProjects/TencentOpenClass/homework2/Content/FirstPersonArms/Animations/FP_Falling.uasset" 784
"D:/UnrealProjects/TencentOpenClass/homework2/Content/FirstPersonArms/Animations/FP_Falling.uexp" 785
"../../../Engine/Content/Animation/DefaultVariableFrameStrippingSettings.uasset" 786
"../../../Engine/Content/Animation/DefaultVariableFrameStrippingSettings.uexp" 787
"D:/UnrealProjects/TencentOpenClass/homework2/Content/FirstPersonArms/Animations/FP_Rifle_Jump.uasset" 788
"D:/UnrealProjects/TencentOpenClass/homework2/Content/FirstPersonArms/Animations/FP_Rifle_Jump.uexp" 789
"../../../Engine/Content/EditorBlueprintResources/StandardMacros.uasset" 790
"../../../Engine/Content/EditorBlueprintResources/StandardMacros.uexp" 791
"D:/UnrealProjects/TencentOpenClass/homework2/Content/AssetContent/GameOverUI.uasset" 792
"D:/UnrealProjects/TencentOpenClass/homework2/Content/AssetContent/GameOverUI.uexp" 793
"D:/UnrealProjects/TencentOpenClass/homework2/Content/FirstPerson/Input/Actions/IA_Look.uasset" 794
"D:/UnrealProjects/TencentOpenClass/homework2/Content/FirstPerson/Input/Actions/IA_Look.uexp" 795
"D:/UnrealProjects/TencentOpenClass/homework2/Content/FirstPersonArms/Character/Textures/Manny/T_Manny_02_N.ubulk" 796
"D:/UnrealProjects/TencentOpenClass/homework2/Content/FirstPersonArms/Character/Textures/Manny/T_Manny_02_N.uasset" 797
"D:/UnrealProjects/TencentOpenClass/homework2/Content/FirstPersonArms/Character/Textures/Manny/T_Manny_02_N.uexp" 798
"D:/UnrealProjects/TencentOpenClass/homework2/Content/FirstPersonArms/Character/Textures/Manny/T_Manny_02_BN.ubulk" 799
"D:/UnrealProjects/TencentOpenClass/homework2/Content/FirstPersonArms/Character/Textures/Manny/T_Manny_02_BN.uasset" 800
"D:/UnrealProjects/TencentOpenClass/homework2/Content/FirstPersonArms/Character/Textures/Manny/T_Manny_02_BN.uexp" 801
"D:/UnrealProjects/TencentOpenClass/homework2/Content/FirstPersonArms/Character/Textures/Manny/T_Manny_02_ASAOPMASK_MSK.ubulk" 802
"D:/UnrealProjects/TencentOpenClass/homework2/Content/FirstPersonArms/Character/Textures/Manny/T_Manny_02_ASAOPMASK_MSK.uasset" 803
"D:/UnrealProjects/TencentOpenClass/homework2/Content/FirstPersonArms/Character/Textures/Manny/T_Manny_02_ASAOPMASK_MSK.uexp" 804
"D:/UnrealProjects/TencentOpenClass/homework2/Content/FirstPersonArms/Character/Textures/Manny/T_Manny_01_ASAOPMASK_MSK.ubulk" 805
"D:/UnrealProjects/TencentOpenClass/homework2/Content/FirstPersonArms/Character/Textures/Manny/T_Manny_01_ASAOPMASK_MSK.uasset" 806
"D:/UnrealProjects/TencentOpenClass/homework2/Content/FirstPersonArms/Character/Textures/Manny/T_Manny_01_ASAOPMASK_MSK.uexp" 807
"D:/UnrealProjects/TencentOpenClass/homework2/Content/FirstPersonArms/Character/Textures/Manny/T_Manny_01_CCRCCPlastic_MSK.ubulk" 808
"D:/UnrealProjects/TencentOpenClass/homework2/Content/FirstPersonArms/Character/Textures/Manny/T_Manny_01_CCRCCPlastic_MSK.uasset" 809
"D:/UnrealProjects/TencentOpenClass/homework2/Content/FirstPersonArms/Character/Textures/Manny/T_Manny_01_CCRCCPlastic_MSK.uexp" 810
"D:/UnrealProjects/TencentOpenClass/homework2/Content/FirstPersonArms/Character/Textures/Manny/T_Manny_01_Tan.ubulk" 811
"D:/UnrealProjects/TencentOpenClass/homework2/Content/FirstPersonArms/Character/Textures/Manny/T_Manny_01_Tan.uasset" 812
"D:/UnrealProjects/TencentOpenClass/homework2/Content/FirstPersonArms/Character/Textures/Manny/T_Manny_01_Tan.uexp" 813
"D:/UnrealProjects/TencentOpenClass/homework2/Content/FirstPersonArms/Character/Textures/Manny/T_Manny_01_BN.ubulk" 814
"D:/UnrealProjects/TencentOpenClass/homework2/Content/FirstPersonArms/Character/Textures/Manny/T_Manny_01_BN.uasset" 815
"D:/UnrealProjects/TencentOpenClass/homework2/Content/FirstPersonArms/Character/Textures/Manny/T_Manny_01_BN.uexp" 816
"D:/UnrealProjects/TencentOpenClass/homework2/Content/FirstPersonArms/Character/Textures/Manny/T_Manny_01_MSR_MSK.ubulk" 817
"D:/UnrealProjects/TencentOpenClass/homework2/Content/FirstPersonArms/Character/Textures/Manny/T_Manny_01_MSR_MSK.uasset" 818
"D:/UnrealProjects/TencentOpenClass/homework2/Content/FirstPersonArms/Character/Textures/Manny/T_Manny_01_MSR_MSK.uexp" 819
"D:/UnrealProjects/TencentOpenClass/homework2/Content/FirstPersonArms/Character/Textures/Manny/T_Manny_01_N.ubulk" 820
"D:/UnrealProjects/TencentOpenClass/homework2/Content/FirstPersonArms/Character/Textures/Manny/T_Manny_01_N.uasset" 821
"D:/UnrealProjects/TencentOpenClass/homework2/Content/FirstPersonArms/Character/Textures/Manny/T_Manny_01_N.uexp" 822
"D:/UnrealProjects/TencentOpenClass/homework2/Content/FirstPersonArms/Character/Textures/Manny/T_Manny_01_D.ubulk" 823
"D:/UnrealProjects/TencentOpenClass/homework2/Content/FirstPersonArms/Character/Textures/Manny/T_Manny_01_D.uasset" 824
"D:/UnrealProjects/TencentOpenClass/homework2/Content/FirstPersonArms/Character/Textures/Manny/T_Manny_01_D.uexp" 825
"D:/UnrealProjects/TencentOpenClass/homework2/Content/FirstPersonArms/Character/Materials/Functions/ChromaticCurve.uasset" 826
"D:/UnrealProjects/TencentOpenClass/homework2/Content/FirstPersonArms/Character/Materials/Functions/ChromaticCurve.uexp" 827
"D:/UnrealProjects/TencentOpenClass/homework2/Content/FirstPersonArms/Character/Materials/Functions/CA_Mannequin.uasset" 828
"D:/UnrealProjects/TencentOpenClass/homework2/Content/FirstPersonArms/Character/Materials/Functions/CA_Mannequin.uexp" 829
"D:/UnrealProjects/TencentOpenClass/homework2/Content/FirstPersonArms/Character/Materials/Functions/MF_Diffraction.uasset" 830
"D:/UnrealProjects/TencentOpenClass/homework2/Content/FirstPersonArms/Character/Materials/Functions/MF_Diffraction.uexp" 831
"../../../Engine/Content/Functions/Engine_MaterialFunctions01/Texturing/ScaleUVsByCenter.uasset" 832
"../../../Engine/Content/Functions/Engine_MaterialFunctions01/Texturing/ScaleUVsByCenter.uexp" 833
"D:/UnrealProjects/TencentOpenClass/homework2/Content/FirstPersonArms/Character/Textures/Shared/T_UE_Logo_M.uasset" 834
"D:/UnrealProjects/TencentOpenClass/homework2/Content/FirstPersonArms/Character/Textures/Shared/T_UE_Logo_M.uexp" 835
"D:/UnrealProjects/TencentOpenClass/homework2/Content/FirstPersonArms/Character/Materials/Functions/MF_logo3layers.uasset" 836
"D:/UnrealProjects/TencentOpenClass/homework2/Content/FirstPersonArms/Character/Materials/Functions/MF_logo3layers.uexp" 837
"D:/UnrealProjects/TencentOpenClass/homework2/Content/FirstPersonArms/Character/Materials/Functions/ML_BaseColorFallOff.uasset" 838
"D:/UnrealProjects/TencentOpenClass/homework2/Content/FirstPersonArms/Character/Materials/Functions/ML_BaseColorFallOff.uexp" 839
"D:/UnrealProjects/TencentOpenClass/homework2/Content/FirstPersonArms/Character/Materials/M_Mannequin.uasset" 840
"D:/UnrealProjects/TencentOpenClass/homework2/Content/FirstPersonArms/Character/Materials/M_Mannequin.uexp" 841
"D:/UnrealProjects/TencentOpenClass/homework2/Content/FirstPersonArms/Character/Materials/Instances/Manny/MI_Manny_01.uasset" 842
"D:/UnrealProjects/TencentOpenClass/homework2/Content/FirstPersonArms/Character/Materials/Instances/Manny/MI_Manny_01.uexp" 843
"D:/UnrealProjects/TencentOpenClass/homework2/Content/FirstPersonArms/Character/Textures/Manny/T_Manny_02_CCRCCPlastic_MSK.ubulk" 844
"D:/UnrealProjects/TencentOpenClass/homework2/Content/FirstPersonArms/Character/Textures/Manny/T_Manny_02_CCRCCPlastic_MSK.uasset" 845
"D:/UnrealProjects/TencentOpenClass/homework2/Content/FirstPersonArms/Character/Textures/Manny/T_Manny_02_CCRCCPlastic_MSK.uexp" 846
"D:/UnrealProjects/TencentOpenClass/homework2/Content/FirstPersonArms/Character/Textures/Manny/T_Manny_02_MSR_MSK.ubulk" 847
"D:/UnrealProjects/TencentOpenClass/homework2/Content/FirstPersonArms/Character/Textures/Manny/T_Manny_02_MSR_MSK.uasset" 848
"D:/UnrealProjects/TencentOpenClass/homework2/Content/FirstPersonArms/Character/Textures/Manny/T_Manny_02_MSR_MSK.uexp" 849
"D:/UnrealProjects/TencentOpenClass/homework2/Content/FirstPersonArms/Character/Textures/Manny/T_Manny_02_D.ubulk" 850
"D:/UnrealProjects/TencentOpenClass/homework2/Content/FirstPersonArms/Character/Textures/Manny/T_Manny_02_D.uasset" 851
"D:/UnrealProjects/TencentOpenClass/homework2/Content/FirstPersonArms/Character/Textures/Manny/T_Manny_02_D.uexp" 852
"D:/UnrealProjects/TencentOpenClass/homework2/Content/FirstPersonArms/Character/Textures/Manny/T_Manny_02_Tan.ubulk" 853
"D:/UnrealProjects/TencentOpenClass/homework2/Content/FirstPersonArms/Character/Textures/Manny/T_Manny_02_Tan.uasset" 854
"D:/UnrealProjects/TencentOpenClass/homework2/Content/FirstPersonArms/Character/Textures/Manny/T_Manny_02_Tan.uexp" 855
"D:/UnrealProjects/TencentOpenClass/homework2/Content/FirstPersonArms/Character/Materials/Instances/Manny/MI_Manny_02.uasset" 856
"D:/UnrealProjects/TencentOpenClass/homework2/Content/FirstPersonArms/Character/Materials/Instances/Manny/MI_Manny_02.uexp" 857
"D:/UnrealProjects/TencentOpenClass/homework2/Content/FirstPersonArms/Character/Mesh/SK_Mannequin_Arms_PhysicsAsset.uasset" 858
"D:/UnrealProjects/TencentOpenClass/homework2/Content/FirstPersonArms/Character/Mesh/SK_Mannequin_Arms_PhysicsAsset.uexp" 859
"D:/UnrealProjects/TencentOpenClass/homework2/Content/FirstPersonArms/Character/Mesh/SK_Mannequin_Arms.uasset" 860
"D:/UnrealProjects/TencentOpenClass/homework2/Content/FirstPersonArms/Character/Mesh/SK_Mannequin_Arms.uexp" 861
"D:/UnrealProjects/TencentOpenClass/homework2/Content/FirstPerson/Input/Actions/IA_Move.uasset" 862
"D:/UnrealProjects/TencentOpenClass/homework2/Content/FirstPerson/Input/Actions/IA_Move.uexp" 863
"D:/UnrealProjects/TencentOpenClass/homework2/Content/AssetContent/PlayerUI.uasset" 864
"D:/UnrealProjects/TencentOpenClass/homework2/Content/AssetContent/PlayerUI.uexp" 865
"D:/UnrealProjects/TencentOpenClass/homework2/Content/FirstPerson/Input/Actions/IA_Jump.uasset" 866
"D:/UnrealProjects/TencentOpenClass/homework2/Content/FirstPerson/Input/Actions/IA_Jump.uexp" 867
"D:/UnrealProjects/TencentOpenClass/homework2/Content/FirstPerson/Blueprints/BP_FirstPersonCharacter.uasset" 868
"D:/UnrealProjects/TencentOpenClass/homework2/Content/FirstPerson/Blueprints/BP_FirstPersonCharacter.uexp" 869
"D:/UnrealProjects/TencentOpenClass/homework2/Content/FirstPersonArms/Animations/FirstPerson_AnimBP.uasset" 870
"D:/UnrealProjects/TencentOpenClass/homework2/Content/FirstPersonArms/Animations/FirstPerson_AnimBP.uexp" 871
"D:/UnrealProjects/TencentOpenClass/homework2/Content/FirstPerson/Blueprints/BP_PickUp_Rifle.uasset" 872
"D:/UnrealProjects/TencentOpenClass/homework2/Content/FirstPerson/Blueprints/BP_PickUp_Rifle.uexp" 873
"D:/UnrealProjects/TencentOpenClass/homework2/Content/FirstPerson/Blueprints/BP_ATargetToSpawn.uasset" 874
"D:/UnrealProjects/TencentOpenClass/homework2/Content/FirstPerson/Blueprints/BP_ATargetToSpawn.uexp" 875
"D:/UnrealProjects/TencentOpenClass/homework2/Content/FirstPerson/Blueprints/BP_SpawnTarget.uasset" 876
"D:/UnrealProjects/TencentOpenClass/homework2/Content/FirstPerson/Blueprints/BP_SpawnTarget.uexp" 877
"../../../Engine/Content/Maps/Entry_BuiltData.uasset" 878
"../../../Engine/Content/Maps/Entry_BuiltData.uexp" 879
"../../../Engine/Content/Maps/Entry.uexp" 880
"../../../Engine/Content/Maps/Entry.umap" 881
"D:/UnrealProjects/TencentOpenClass/homework2/Content/FirstPerson/Input/IMC_Default.uasset" 882
"D:/UnrealProjects/TencentOpenClass/homework2/Content/FirstPerson/Input/IMC_Default.uexp" 883
"D:/UnrealProjects/TencentOpenClass/homework2/Content/FirstPerson/Blueprints/BP_FirstPersonPlayerController.uasset" 884
"D:/UnrealProjects/TencentOpenClass/homework2/Content/FirstPerson/Blueprints/BP_FirstPersonPlayerController.uexp" 885
"D:/UnrealProjects/TencentOpenClass/homework2/Content/FirstPerson/Blueprints/BP_FirstPersonGameMode.uasset" 886
"D:/UnrealProjects/TencentOpenClass/homework2/Content/FirstPerson/Blueprints/BP_FirstPersonGameMode.uexp" 887
"D:/UnrealProjects/TencentOpenClass/homework2/Content/FirstPerson/Maps/FirstPersonMap.uexp" 888
"D:/UnrealProjects/TencentOpenClass/homework2/Content/FirstPerson/Maps/FirstPersonMap.umap" 889
