"../../../Engine/Content/EditorResources/S_Actor.ubulk" 0
"../../../Engine/Content/EditorResources/S_Actor.uasset" 1
"../../../Engine/Content/EditorResources/S_Actor.uexp" 2
"../../../Engine/Content/EditorResources/S_BoxReflectionCapture.uasset" 3
"../../../Engine/Content/EditorResources/S_BoxReflectionCapture.uexp" 4
"../../../Engine/Content/EngineResources/DefaultTexture.ubulk" 5
"../../../Engine/Content/EngineResources/DefaultTexture.uasset" 6
"../../../Engine/Content/EngineResources/DefaultTexture.uexp" 7
"../../../Engine/Content/EngineResources/DefaultTextureCube.uasset" 8
"../../../Engine/Content/EngineResources/DefaultTextureCube.uexp" 9
"../../../Engine/Content/EngineResources/DefaultVolumeTexture2D.uasset" 10
"../../../Engine/Content/EngineResources/DefaultVolumeTexture2D.uexp" 11
"../../../Engine/Content/EngineResources/DefaultVolumeTexture.uasset" 12
"../../../Engine/Content/EngineResources/DefaultVolumeTexture.uexp" 13
"../../../Engine/Content/EditorResources/S_Trigger.ubulk" 14
"../../../Engine/Content/EditorResources/S_Trigger.uasset" 15
"../../../Engine/Content/EditorResources/S_Trigger.uexp" 16
"../../../Engine/Content/EditorResources/S_TriggerBox.uasset" 17
"../../../Engine/Content/EditorResources/S_TriggerBox.uexp" 18
"../../../Engine/Content/EditorResources/S_TriggerCapsule.uasset" 19
"../../../Engine/Content/EditorResources/S_TriggerCapsule.uexp" 20
"../../../Engine/Content/EditorResources/S_TriggerSphere.uasset" 21
"../../../Engine/Content/EditorResources/S_TriggerSphere.uexp" 22
"../../../Engine/Content/EngineMeshes/Sphere.ubulk" 23
"../../../Engine/Content/EngineMeshes/Sphere.uasset" 24
"../../../Engine/Content/EngineMeshes/Sphere.uexp" 25
"../../../Engine/Content/EngineResources/GradientTexture0.uasset" 26
"../../../Engine/Content/EngineResources/GradientTexture0.uexp" 27
"../../../Engine/Content/EngineResources/Black.uasset" 28
"../../../Engine/Content/EngineResources/Black.uexp" 29
"../../../Engine/Content/VREditor/LaserPointer/VR_LaserPower_01.ubulk" 30
"../../../Engine/Content/VREditor/LaserPointer/VR_LaserPower_01.uasset" 31
"../../../Engine/Content/VREditor/LaserPointer/VR_LaserPower_01.uexp" 32
"../../../Engine/Content/VREditor/TransformGizmo/TransformGizmoMaterial.uasset" 33
"../../../Engine/Content/VREditor/TransformGizmo/TransformGizmoMaterial.uexp" 34
"../../../Engine/Content/VREditor/TransformGizmo/TranslucentTransformGizmoMaterial.uasset" 35
"../../../Engine/Content/VREditor/TransformGizmo/TranslucentTransformGizmoMaterial.uexp" 36
"../../../Engine/Content/VREditor/TransformGizmo/BoundingBoxCorner.ubulk" 37
"../../../Engine/Content/VREditor/TransformGizmo/BoundingBoxCorner.uasset" 38
"../../../Engine/Content/VREditor/TransformGizmo/BoundingBoxCorner.uexp" 39
"../../../Engine/Content/VREditor/TransformGizmo/BoundingBoxEdge.ubulk" 40
"../../../Engine/Content/VREditor/TransformGizmo/BoundingBoxEdge.uasset" 41
"../../../Engine/Content/VREditor/TransformGizmo/BoundingBoxEdge.uexp" 42
"../../../Engine/Content/VREditor/TransformGizmo/Main.uasset" 43
"../../../Engine/Content/VREditor/TransformGizmo/Main.uexp" 44
"../../../Engine/Content/VREditor/TransformGizmo/Xray.uasset" 45
"../../../Engine/Content/VREditor/TransformGizmo/Xray.uexp" 46
"../../../Engine/Content/VREditor/TransformGizmo/SM_Sequencer_Node.ubulk" 47
"../../../Engine/Content/VREditor/TransformGizmo/SM_Sequencer_Node.uasset" 48
"../../../Engine/Content/VREditor/TransformGizmo/SM_Sequencer_Node.uexp" 49
"../../../Engine/Content/EditorResources/S_Solver.ubulk" 50
"../../../Engine/Content/EditorResources/S_Solver.uasset" 51
"../../../Engine/Content/EditorResources/S_Solver.uexp" 52
"../../../Engine/Content/EditorMaterials/Camera/CineMat.uasset" 53
"../../../Engine/Content/EditorMaterials/Camera/CineMat.uexp" 54
"../../../Engine/Content/EditorMaterials/Camera/MI_CineMat_Rig.uasset" 55
"../../../Engine/Content/EditorMaterials/Camera/MI_CineMat_Rig.uexp" 56
"../../../Engine/Content/EditorMeshes/Camera/SM_CraneRig_Base.ubulk" 57
"../../../Engine/Content/EditorMeshes/Camera/SM_CraneRig_Base.uasset" 58
"../../../Engine/Content/EditorMeshes/Camera/SM_CraneRig_Base.uexp" 59
"../../../Engine/Content/EditorMeshes/Camera/SM_CraneRig_Arm.ubulk" 60
"../../../Engine/Content/EditorMeshes/Camera/SM_CraneRig_Arm.uasset" 61
"../../../Engine/Content/EditorMeshes/Camera/SM_CraneRig_Arm.uexp" 62
"../../../Engine/Content/EditorMeshes/Camera/SM_CraneRig_Mount.ubulk" 63
"../../../Engine/Content/EditorMeshes/Camera/SM_CraneRig_Mount.uasset" 64
"../../../Engine/Content/EditorMeshes/Camera/SM_CraneRig_Mount.uexp" 65
"../../../Engine/Content/EditorMeshes/Camera/SM_CraneRig_Body.ubulk" 66
"../../../Engine/Content/EditorMeshes/Camera/SM_CraneRig_Body.uasset" 67
"../../../Engine/Content/EditorMeshes/Camera/SM_CraneRig_Body.uexp" 68
"../../../Engine/Content/EditorMeshes/Camera/SM_RailRig_Track.ubulk" 69
"../../../Engine/Content/EditorMeshes/Camera/SM_RailRig_Track.uasset" 70
"../../../Engine/Content/EditorMeshes/Camera/SM_RailRig_Track.uexp" 71
"../../../Engine/Content/EditorMeshes/Camera/SM_RailRig_Mount.ubulk" 72
"../../../Engine/Content/EditorMeshes/Camera/SM_RailRig_Mount.uasset" 73
"../../../Engine/Content/EditorMeshes/Camera/SM_RailRig_Mount.uexp" 74
"../../../Engine/Content/EngineMaterials/T_Default_Material_Grid_M.ubulk" 75
"../../../Engine/Content/EngineMaterials/T_Default_Material_Grid_M.uasset" 76
"../../../Engine/Content/EngineMaterials/T_Default_Material_Grid_M.uexp" 77
"../../../Engine/Content/EngineMaterials/T_Default_Material_Grid_N.ubulk" 78
"../../../Engine/Content/EngineMaterials/T_Default_Material_Grid_N.uasset" 79
"../../../Engine/Content/EngineMaterials/T_Default_Material_Grid_N.uexp" 80
"../../../Engine/Content/Functions/Engine_MaterialFunctions01/Opacity/CameraDepthFade.uasset" 81
"../../../Engine/Content/Functions/Engine_MaterialFunctions01/Opacity/CameraDepthFade.uexp" 82
"../../../Engine/Content/EngineMaterials/WorldGridMaterial.uasset" 83
"../../../Engine/Content/EngineMaterials/WorldGridMaterial.uexp" 84
"../../../Engine/Content/ArtTools/RenderToTexture/Meshes/S_1_Unit_Plane.ubulk" 85
"../../../Engine/Content/ArtTools/RenderToTexture/Meshes/S_1_Unit_Plane.uasset" 86
"../../../Engine/Content/ArtTools/RenderToTexture/Meshes/S_1_Unit_Plane.uexp" 87
"../../../Engine/Content/EditorMaterials/ParticleSystems/PSysThumbnail_NoImage.ubulk" 88
"../../../Engine/Content/EditorMaterials/ParticleSystems/PSysThumbnail_NoImage.uasset" 89
"../../../Engine/Content/EditorMaterials/ParticleSystems/PSysThumbnail_NoImage.uexp" 90
"../../../Engine/Content/EditorMaterials/ParticleSystems/PSysThumbnail_OOD.ubulk" 91
"../../../Engine/Content/EditorMaterials/ParticleSystems/PSysThumbnail_OOD.uasset" 92
"../../../Engine/Content/EditorMaterials/ParticleSystems/PSysThumbnail_OOD.uexp" 93
"../../../Engine/Content/EditorLandscapeResources/SplineEditorMeshMat.uasset" 94
"../../../Engine/Content/EditorLandscapeResources/SplineEditorMeshMat.uexp" 95
"../../../Engine/Content/EditorLandscapeResources/SplineEditorMesh.ubulk" 96
"../../../Engine/Content/EditorLandscapeResources/SplineEditorMesh.uasset" 97
"../../../Engine/Content/EditorLandscapeResources/SplineEditorMesh.uexp" 98
"../../../Engine/Plugins/Media/MediaPlate/Content/SM_MediaPlateScreen.ubulk" 99
"../../../Engine/Plugins/Media/MediaPlate/Content/SM_MediaPlateScreen.uasset" 100
"../../../Engine/Plugins/Media/MediaPlate/Content/SM_MediaPlateScreen.uexp" 101
"../../../Engine/Content/EngineMaterials/DefaultBokeh.uasset" 102
"../../../Engine/Content/EngineMaterials/DefaultBokeh.uexp" 103
"../../../Engine/Content/EngineMaterials/MiniFont.uasset" 104
"../../../Engine/Content/EngineMaterials/MiniFont.uexp" 105
"../../../Engine/Content/EngineMaterials/WeightMapPlaceholderTexture.uasset" 106
"../../../Engine/Content/EngineMaterials/WeightMapPlaceholderTexture.uexp" 107
"../../../Engine/Content/EngineMaterials/WeightMapArrayPlaceholderTexture.uasset" 108
"../../../Engine/Content/EngineMaterials/WeightMapArrayPlaceholderTexture.uexp" 109
"../../../Engine/Content/EngineMaterials/DefaultWhiteGrid.ubulk" 110
"../../../Engine/Content/EngineMaterials/DefaultWhiteGrid.uasset" 111
"../../../Engine/Content/EngineMaterials/DefaultWhiteGrid.uexp" 112
"../../../Engine/Content/EngineMaterials/PreintegratedSkinBRDF.uasset" 113
"../../../Engine/Content/EngineMaterials/PreintegratedSkinBRDF.uexp" 114
"../../../Engine/Content/Functions/Engine_MaterialFunctions02/WorldPositionOffset/CameraOffset.uasset" 115
"../../../Engine/Content/Functions/Engine_MaterialFunctions02/WorldPositionOffset/CameraOffset.uexp" 116
"../../../Engine/Plugins/Animation/ControlRig/Content/M_Manip.uasset" 117
"../../../Engine/Plugins/Animation/ControlRig/Content/M_Manip.uexp" 118
"../../../Engine/Plugins/Animation/ACLPlugin/Content/ACLAnimCurveCompressionSettings.uasset" 119
"../../../Engine/Plugins/Animation/ACLPlugin/Content/ACLAnimCurveCompressionSettings.uexp" 120
"../../../Engine/Plugins/Animation/ACLPlugin/Content/ACLAnimBoneCompressionSettings.uasset" 121
"../../../Engine/Plugins/Animation/ACLPlugin/Content/ACLAnimBoneCompressionSettings.uexp" 122
"../../../Engine/Plugins/2D/Paper2D/Content/PlaceholderTextures/DummySpriteTexture.ubulk" 123
"../../../Engine/Plugins/2D/Paper2D/Content/PlaceholderTextures/DummySpriteTexture.uasset" 124
"../../../Engine/Plugins/2D/Paper2D/Content/PlaceholderTextures/DummySpriteTexture.uexp" 125
"../../../Engine/Plugins/2D/Paper2D/Content/DefaultSpriteMaterial.uasset" 126
"../../../Engine/Plugins/2D/Paper2D/Content/DefaultSpriteMaterial.uexp" 127
"../../../Engine/Plugins/2D/Paper2D/Content/OpaqueUnlitSpriteMaterial.uasset" 128
"../../../Engine/Plugins/2D/Paper2D/Content/OpaqueUnlitSpriteMaterial.uexp" 129
"../../../Engine/Plugins/2D/Paper2D/Content/MaskedUnlitSpriteMaterial.uasset" 130
"../../../Engine/Plugins/2D/Paper2D/Content/MaskedUnlitSpriteMaterial.uexp" 131
"../../../Engine/Plugins/2D/Paper2D/Content/DummySprite.uasset" 132
"../../../Engine/Plugins/2D/Paper2D/Content/DummySprite.uexp" 133
"../../../Engine/Plugins/2D/Paper2D/Content/DefaultPaperTerrainMaterial.uasset" 134
"../../../Engine/Plugins/2D/Paper2D/Content/DefaultPaperTerrainMaterial.uexp" 135
"../../../Engine/Plugins/Editor/SpeedTreeImporter/Content/SpeedTree9/game_wind_noise.ubulk" 136
"../../../Engine/Plugins/Editor/SpeedTreeImporter/Content/SpeedTree9/game_wind_noise.uasset" 137
"../../../Engine/Plugins/Editor/SpeedTreeImporter/Content/SpeedTree9/game_wind_noise.uexp" 138
"../../../Engine/Plugins/Editor/SpeedTreeImporter/Content/SpeedTree9/UnpackDirection.uasset" 139
"../../../Engine/Plugins/Editor/SpeedTreeImporter/Content/SpeedTree9/UnpackDirection.uexp" 140
"../../../Engine/Content/Functions/Engine_MaterialFunctions02/ObjectLocalBounds.uasset" 141
"../../../Engine/Content/Functions/Engine_MaterialFunctions02/ObjectLocalBounds.uexp" 142
"../../../Engine/Content/Functions/Engine_MaterialFunctions02/Utility/BreakOutFloat3Components.uasset" 143
"../../../Engine/Content/Functions/Engine_MaterialFunctions02/Utility/BreakOutFloat3Components.uexp" 144
"../../../Engine/Content/Functions/Engine_MaterialFunctions02/UVs/BoundingBoxBased_0-1_UVW.uasset" 145
"../../../Engine/Content/Functions/Engine_MaterialFunctions02/UVs/BoundingBoxBased_0-1_UVW.uexp" 146
"../../../Engine/Content/Functions/Engine_MaterialFunctions02/Utility/VectorLength.uasset" 147
"../../../Engine/Content/Functions/Engine_MaterialFunctions02/Utility/VectorLength.uexp" 148
"../../../Engine/Plugins/Editor/SpeedTreeImporter/Content/SpeedTree9/UnpackInteger3.uasset" 149
"../../../Engine/Plugins/Editor/SpeedTreeImporter/Content/SpeedTree9/UnpackInteger3.uexp" 150
"../../../Engine/Plugins/Editor/SpeedTreeImporter/Content/SpeedTree9/SpeedTreeCameraFacing.uasset" 151
"../../../Engine/Plugins/Editor/SpeedTreeImporter/Content/SpeedTree9/SpeedTreeCameraFacing.uexp" 152
"../../../Engine/Content/Functions/Engine_MaterialFunctions02/WorldPositionOffset/ObjectScale.uasset" 153
"../../../Engine/Content/Functions/Engine_MaterialFunctions02/WorldPositionOffset/ObjectScale.uexp" 154
"../../../Engine/Content/Functions/Engine_MaterialFunctions02/SafeNormalize.uasset" 155
"../../../Engine/Content/Functions/Engine_MaterialFunctions02/SafeNormalize.uexp" 156
"../../../Engine/Plugins/Editor/SpeedTreeImporter/Content/SpeedTree9/SpeedTreeWindMotion.uasset" 157
"../../../Engine/Plugins/Editor/SpeedTreeImporter/Content/SpeedTree9/SpeedTreeWindMotion.uexp" 158
"../../../Engine/Plugins/Editor/SpeedTreeImporter/Content/SpeedTree9/SpeedTreeBranchMotion.uasset" 159
"../../../Engine/Plugins/Editor/SpeedTreeImporter/Content/SpeedTree9/SpeedTreeBranchMotion.uexp" 160
"../../../Engine/Plugins/Editor/SpeedTreeImporter/Content/SpeedTree9/SpeedTreeWind.uasset" 161
"../../../Engine/Plugins/Editor/SpeedTreeImporter/Content/SpeedTree9/SpeedTreeWind.uexp" 162
"../../../Engine/Plugins/Editor/SpeedTreeImporter/Content/SpeedTree9/EmptyNormal.uasset" 163
"../../../Engine/Plugins/Editor/SpeedTreeImporter/Content/SpeedTree9/EmptyNormal.uexp" 164
"../../../Engine/Plugins/Editor/SpeedTreeImporter/Content/SpeedTree9/Empty.uasset" 165
"../../../Engine/Plugins/Editor/SpeedTreeImporter/Content/SpeedTree9/Empty.uexp" 166
"../../../Engine/Plugins/Editor/SpeedTreeImporter/Content/SpeedTree9/SpeedTreeMaster.uasset" 167
"../../../Engine/Plugins/Editor/SpeedTreeImporter/Content/SpeedTree9/SpeedTreeMaster.uexp" 168
"../../../Engine/Plugins/Editor/SpeedTreeImporter/Content/SpeedTree9/SpeedTreeBillboard.uasset" 169
"../../../Engine/Plugins/Editor/SpeedTreeImporter/Content/SpeedTree9/SpeedTreeBillboard.uexp" 170
"../../../Engine/Plugins/Editor/SpeedTreeImporter/Content/SpeedTree9/SpeedTreeBillboardMaster.uasset" 171
"../../../Engine/Plugins/Editor/SpeedTreeImporter/Content/SpeedTree9/SpeedTreeBillboardMaster.uexp" 172
"../../../Engine/Plugins/Animation/ControlRig/Content/Controls/DefaultGizmoLibraryNormalized.uasset" 173
"../../../Engine/Plugins/Animation/ControlRig/Content/Controls/DefaultGizmoLibraryNormalized.uexp" 174
"../../../Engine/Plugins/Animation/ControlRig/Content/Controls/ControlRig_Wedge_solid.ubulk" 175
"../../../Engine/Plugins/Animation/ControlRig/Content/Controls/ControlRig_Wedge_solid.uasset" 176
"../../../Engine/Plugins/Animation/ControlRig/Content/Controls/ControlRig_Wedge_solid.uexp" 177
"../../../Engine/Plugins/Animation/ControlRig/Content/Controls/ControlRig_Wedge_3mm.ubulk" 178
"../../../Engine/Plugins/Animation/ControlRig/Content/Controls/ControlRig_Wedge_3mm.uasset" 179
"../../../Engine/Plugins/Animation/ControlRig/Content/Controls/ControlRig_Wedge_3mm.uexp" 180
"../../../Engine/Plugins/Animation/ControlRig/Content/Controls/ControlRig_Wedge_1mm.ubulk" 181
"../../../Engine/Plugins/Animation/ControlRig/Content/Controls/ControlRig_Wedge_1mm.uasset" 182
"../../../Engine/Plugins/Animation/ControlRig/Content/Controls/ControlRig_Wedge_1mm.uexp" 183
"../../../Engine/Plugins/Animation/ControlRig/Content/Controls/ControlRig_Triangle_solid.ubulk" 184
"../../../Engine/Plugins/Animation/ControlRig/Content/Controls/ControlRig_Triangle_solid.uasset" 185
"../../../Engine/Plugins/Animation/ControlRig/Content/Controls/ControlRig_Triangle_solid.uexp" 186
"../../../Engine/Plugins/Animation/ControlRig/Content/Controls/ControlRig_Triangle_3mm.ubulk" 187
"../../../Engine/Plugins/Animation/ControlRig/Content/Controls/ControlRig_Triangle_3mm.uasset" 188
"../../../Engine/Plugins/Animation/ControlRig/Content/Controls/ControlRig_Triangle_3mm.uexp" 189
"../../../Engine/Plugins/Animation/ControlRig/Content/Controls/ControlRig_Triangle_1mm.ubulk" 190
"../../../Engine/Plugins/Animation/ControlRig/Content/Controls/ControlRig_Triangle_1mm.uasset" 191
"../../../Engine/Plugins/Animation/ControlRig/Content/Controls/ControlRig_Triangle_1mm.uexp" 192
"../../../Engine/Plugins/Animation/ControlRig/Content/Controls/ControlRig_Star4_solid.ubulk" 193
"../../../Engine/Plugins/Animation/ControlRig/Content/Controls/ControlRig_Star4_solid.uasset" 194
"../../../Engine/Plugins/Animation/ControlRig/Content/Controls/ControlRig_Star4_solid.uexp" 195
"../../../Engine/Plugins/Animation/ControlRig/Content/Controls/ControlRig_Star4_3mm.ubulk" 196
"../../../Engine/Plugins/Animation/ControlRig/Content/Controls/ControlRig_Star4_3mm.uasset" 197
"../../../Engine/Plugins/Animation/ControlRig/Content/Controls/ControlRig_Star4_3mm.uexp" 198
"../../../Engine/Plugins/Animation/ControlRig/Content/Controls/ControlRig_Star4_1mm.ubulk" 199
"../../../Engine/Plugins/Animation/ControlRig/Content/Controls/ControlRig_Star4_1mm.uasset" 200
"../../../Engine/Plugins/Animation/ControlRig/Content/Controls/ControlRig_Star4_1mm.uexp" 201
"../../../Engine/Plugins/Animation/ControlRig/Content/Controls/ControlRig_Square_solid.ubulk" 202
"../../../Engine/Plugins/Animation/ControlRig/Content/Controls/ControlRig_Square_solid.uasset" 203
"../../../Engine/Plugins/Animation/ControlRig/Content/Controls/ControlRig_Square_solid.uexp" 204
"../../../Engine/Plugins/Animation/ControlRig/Content/Controls/ControlRig_Square_3mm.ubulk" 205
"../../../Engine/Plugins/Animation/ControlRig/Content/Controls/ControlRig_Square_3mm.uasset" 206
"../../../Engine/Plugins/Animation/ControlRig/Content/Controls/ControlRig_Square_3mm.uexp" 207
"../../../Engine/Plugins/Animation/ControlRig/Content/Controls/ControlRig_Square_1mm.ubulk" 208
"../../../Engine/Plugins/Animation/ControlRig/Content/Controls/ControlRig_Square_1mm.uasset" 209
"../../../Engine/Plugins/Animation/ControlRig/Content/Controls/ControlRig_Square_1mm.uexp" 210
"../../../Engine/Plugins/Animation/ControlRig/Content/Controls/ControlRig_Sphere_solid.ubulk" 211
"../../../Engine/Plugins/Animation/ControlRig/Content/Controls/ControlRig_Sphere_solid.uasset" 212
"../../../Engine/Plugins/Animation/ControlRig/Content/Controls/ControlRig_Sphere_solid.uexp" 213
"../../../Engine/Plugins/Animation/ControlRig/Content/Controls/ControlRig_Sphere_3mm.ubulk" 214
"../../../Engine/Plugins/Animation/ControlRig/Content/Controls/ControlRig_Sphere_3mm.uasset" 215
"../../../Engine/Plugins/Animation/ControlRig/Content/Controls/ControlRig_Sphere_3mm.uexp" 216
"../../../Engine/Plugins/Animation/ControlRig/Content/Controls/ControlRig_Sphere_1mm.ubulk" 217
"../../../Engine/Plugins/Animation/ControlRig/Content/Controls/ControlRig_Sphere_1mm.uasset" 218
"../../../Engine/Plugins/Animation/ControlRig/Content/Controls/ControlRig_Sphere_1mm.uexp" 219
"../../../Engine/Plugins/Animation/ControlRig/Content/Controls/ControlRig_RoundedTriangle_solid.ubulk" 220
"../../../Engine/Plugins/Animation/ControlRig/Content/Controls/ControlRig_RoundedTriangle_solid.uasset" 221
"../../../Engine/Plugins/Animation/ControlRig/Content/Controls/ControlRig_RoundedTriangle_solid.uexp" 222
"../../../Engine/Plugins/Animation/ControlRig/Content/Controls/ControlRig_RoundedTriangle_3mm.ubulk" 223
"../../../Engine/Plugins/Animation/ControlRig/Content/Controls/ControlRig_RoundedTriangle_3mm.uasset" 224
"../../../Engine/Plugins/Animation/ControlRig/Content/Controls/ControlRig_RoundedTriangle_3mm.uexp" 225
"../../../Engine/Plugins/Animation/ControlRig/Content/Controls/ControlRig_RoundedTriangle_1mm.ubulk" 226
"../../../Engine/Plugins/Animation/ControlRig/Content/Controls/ControlRig_RoundedTriangle_1mm.uasset" 227
"../../../Engine/Plugins/Animation/ControlRig/Content/Controls/ControlRig_RoundedTriangle_1mm.uexp" 228
"../../../Engine/Plugins/Animation/ControlRig/Content/Controls/ControlRig_RoundedSquare_solid.ubulk" 229
"../../../Engine/Plugins/Animation/ControlRig/Content/Controls/ControlRig_RoundedSquare_solid.uasset" 230
"../../../Engine/Plugins/Animation/ControlRig/Content/Controls/ControlRig_RoundedSquare_solid.uexp" 231
"../../../Engine/Plugins/Animation/ControlRig/Content/Controls/ControlRig_RoundedSquare_3mm.ubulk" 232
"../../../Engine/Plugins/Animation/ControlRig/Content/Controls/ControlRig_RoundedSquare_3mm.uasset" 233
"../../../Engine/Plugins/Animation/ControlRig/Content/Controls/ControlRig_RoundedSquare_3mm.uexp" 234
"../../../Engine/Plugins/Animation/ControlRig/Content/Controls/ControlRig_RoundedSquare_1mm.ubulk" 235
"../../../Engine/Plugins/Animation/ControlRig/Content/Controls/ControlRig_RoundedSquare_1mm.uasset" 236
"../../../Engine/Plugins/Animation/ControlRig/Content/Controls/ControlRig_RoundedSquare_1mm.uexp" 237
"../../../Engine/Plugins/Animation/ControlRig/Content/Controls/ControlRig_QuarterCircle_solid.ubulk" 238
"../../../Engine/Plugins/Animation/ControlRig/Content/Controls/ControlRig_QuarterCircle_solid.uasset" 239
"../../../Engine/Plugins/Animation/ControlRig/Content/Controls/ControlRig_QuarterCircle_solid.uexp" 240
"../../../Engine/Plugins/Animation/ControlRig/Content/Controls/ControlRig_QuarterCircle_3mm.ubulk" 241
"../../../Engine/Plugins/Animation/ControlRig/Content/Controls/ControlRig_QuarterCircle_3mm.uasset" 242
"../../../Engine/Plugins/Animation/ControlRig/Content/Controls/ControlRig_QuarterCircle_3mm.uexp" 243
"../../../Engine/Plugins/Animation/ControlRig/Content/Controls/ControlRig_QuarterCircle_1mm.ubulk" 244
"../../../Engine/Plugins/Animation/ControlRig/Content/Controls/ControlRig_QuarterCircle_1mm.uasset" 245
"../../../Engine/Plugins/Animation/ControlRig/Content/Controls/ControlRig_QuarterCircle_1mm.uexp" 246
"../../../Engine/Plugins/Animation/ControlRig/Content/Controls/ControlRig_Pyramid_solid.ubulk" 247
"../../../Engine/Plugins/Animation/ControlRig/Content/Controls/ControlRig_Pyramid_solid.uasset" 248
"../../../Engine/Plugins/Animation/ControlRig/Content/Controls/ControlRig_Pyramid_solid.uexp" 249
"../../../Engine/Plugins/Animation/ControlRig/Content/Controls/ControlRig_Pyramid_3mm.ubulk" 250
"../../../Engine/Plugins/Animation/ControlRig/Content/Controls/ControlRig_Pyramid_3mm.uasset" 251
"../../../Engine/Plugins/Animation/ControlRig/Content/Controls/ControlRig_Pyramid_3mm.uexp" 252
"../../../Engine/Plugins/Animation/ControlRig/Content/Controls/ControlRig_Pyramid_1mm.ubulk" 253
"../../../Engine/Plugins/Animation/ControlRig/Content/Controls/ControlRig_Pyramid_1mm.uasset" 254
"../../../Engine/Plugins/Animation/ControlRig/Content/Controls/ControlRig_Pyramid_1mm.uexp" 255
"../../../Engine/Plugins/Animation/ControlRig/Content/Controls/ControlRig_Octagon_solid.ubulk" 256
"../../../Engine/Plugins/Animation/ControlRig/Content/Controls/ControlRig_Octagon_solid.uasset" 257
"../../../Engine/Plugins/Animation/ControlRig/Content/Controls/ControlRig_Octagon_solid.uexp" 258
"../../../Engine/Plugins/Animation/ControlRig/Content/Controls/ControlRig_Octagon_3mm.ubulk" 259
"../../../Engine/Plugins/Animation/ControlRig/Content/Controls/ControlRig_Octagon_3mm.uasset" 260
"../../../Engine/Plugins/Animation/ControlRig/Content/Controls/ControlRig_Octagon_3mm.uexp" 261
"../../../Engine/Plugins/Animation/ControlRig/Content/Controls/ControlRig_Octagon_1mm.ubulk" 262
"../../../Engine/Plugins/Animation/ControlRig/Content/Controls/ControlRig_Octagon_1mm.uasset" 263
"../../../Engine/Plugins/Animation/ControlRig/Content/Controls/ControlRig_Octagon_1mm.uexp" 264
"../../../Engine/Plugins/Animation/ControlRig/Content/Controls/ControlRig_Hexagon_solid.ubulk" 265
"../../../Engine/Plugins/Animation/ControlRig/Content/Controls/ControlRig_Hexagon_solid.uasset" 266
"../../../Engine/Plugins/Animation/ControlRig/Content/Controls/ControlRig_Hexagon_solid.uexp" 267
"../../../Engine/Plugins/Animation/ControlRig/Content/Controls/ControlRig_Hexagon_3mm.ubulk" 268
"../../../Engine/Plugins/Animation/ControlRig/Content/Controls/ControlRig_Hexagon_3mm.uasset" 269
"../../../Engine/Plugins/Animation/ControlRig/Content/Controls/ControlRig_Hexagon_3mm.uexp" 270
"../../../Engine/Plugins/Animation/ControlRig/Content/Controls/ControlRig_Hexagon_1mm.ubulk" 271
"../../../Engine/Plugins/Animation/ControlRig/Content/Controls/ControlRig_Hexagon_1mm.uasset" 272
"../../../Engine/Plugins/Animation/ControlRig/Content/Controls/ControlRig_Hexagon_1mm.uexp" 273
"../../../Engine/Plugins/Animation/ControlRig/Content/Controls/ControlRig_HalfCircle_solid.ubulk" 274
"../../../Engine/Plugins/Animation/ControlRig/Content/Controls/ControlRig_HalfCircle_solid.uasset" 275
"../../../Engine/Plugins/Animation/ControlRig/Content/Controls/ControlRig_HalfCircle_solid.uexp" 276
"../../../Engine/Plugins/Animation/ControlRig/Content/Controls/ControlRig_HalfCircle_3mm.ubulk" 277
"../../../Engine/Plugins/Animation/ControlRig/Content/Controls/ControlRig_HalfCircle_3mm.uasset" 278
"../../../Engine/Plugins/Animation/ControlRig/Content/Controls/ControlRig_HalfCircle_3mm.uexp" 279
"../../../Engine/Plugins/Animation/ControlRig/Content/Controls/ControlRig_HalfCircle_1mm.ubulk" 280
"../../../Engine/Plugins/Animation/ControlRig/Content/Controls/ControlRig_HalfCircle_1mm.uasset" 281
"../../../Engine/Plugins/Animation/ControlRig/Content/Controls/ControlRig_HalfCircle_1mm.uexp" 282
"../../../Engine/Plugins/Animation/ControlRig/Content/Controls/ControlRig_Diamond_solid.ubulk" 283
"../../../Engine/Plugins/Animation/ControlRig/Content/Controls/ControlRig_Diamond_solid.uasset" 284
"../../../Engine/Plugins/Animation/ControlRig/Content/Controls/ControlRig_Diamond_solid.uexp" 285
"../../../Engine/Plugins/Animation/ControlRig/Content/Controls/ControlRig_Diamond_3mm.ubulk" 286
"../../../Engine/Plugins/Animation/ControlRig/Content/Controls/ControlRig_Diamond_3mm.uasset" 287
"../../../Engine/Plugins/Animation/ControlRig/Content/Controls/ControlRig_Diamond_3mm.uexp" 288
"../../../Engine/Plugins/Animation/ControlRig/Content/Controls/ControlRig_Diamond_1mm.ubulk" 289
"../../../Engine/Plugins/Animation/ControlRig/Content/Controls/ControlRig_Diamond_1mm.uasset" 290
"../../../Engine/Plugins/Animation/ControlRig/Content/Controls/ControlRig_Diamond_1mm.uexp" 291
"../../../Engine/Plugins/Animation/ControlRig/Content/Controls/ControlRig_Circle_solid.ubulk" 292
"../../../Engine/Plugins/Animation/ControlRig/Content/Controls/ControlRig_Circle_solid.uasset" 293
"../../../Engine/Plugins/Animation/ControlRig/Content/Controls/ControlRig_Circle_solid.uexp" 294
"../../../Engine/Plugins/Animation/ControlRig/Content/Controls/ControlRig_Circle_3mm.ubulk" 295
"../../../Engine/Plugins/Animation/ControlRig/Content/Controls/ControlRig_Circle_3mm.uasset" 296
"../../../Engine/Plugins/Animation/ControlRig/Content/Controls/ControlRig_Circle_3mm.uexp" 297
"../../../Engine/Plugins/Animation/ControlRig/Content/Controls/ControlRig_Circle_1mm.ubulk" 298
"../../../Engine/Plugins/Animation/ControlRig/Content/Controls/ControlRig_Circle_1mm.uasset" 299
"../../../Engine/Plugins/Animation/ControlRig/Content/Controls/ControlRig_Circle_1mm.uexp" 300
"../../../Engine/Plugins/Animation/ControlRig/Content/Controls/ControlRig_Box_solid.ubulk" 301
"../../../Engine/Plugins/Animation/ControlRig/Content/Controls/ControlRig_Box_solid.uasset" 302
"../../../Engine/Plugins/Animation/ControlRig/Content/Controls/ControlRig_Box_solid.uexp" 303
"../../../Engine/Plugins/Animation/ControlRig/Content/Controls/ControlRig_Box_3mm.ubulk" 304
"../../../Engine/Plugins/Animation/ControlRig/Content/Controls/ControlRig_Box_3mm.uasset" 305
"../../../Engine/Plugins/Animation/ControlRig/Content/Controls/ControlRig_Box_3mm.uexp" 306
"../../../Engine/Plugins/Animation/ControlRig/Content/Controls/ControlRig_Box_1mm.ubulk" 307
"../../../Engine/Plugins/Animation/ControlRig/Content/Controls/ControlRig_Box_1mm.uasset" 308
"../../../Engine/Plugins/Animation/ControlRig/Content/Controls/ControlRig_Box_1mm.uexp" 309
"../../../Engine/Plugins/Animation/ControlRig/Content/Controls/ControlRig_Arrow_solid.ubulk" 310
"../../../Engine/Plugins/Animation/ControlRig/Content/Controls/ControlRig_Arrow_solid.uasset" 311
"../../../Engine/Plugins/Animation/ControlRig/Content/Controls/ControlRig_Arrow_solid.uexp" 312
"../../../Engine/Plugins/Animation/ControlRig/Content/Controls/ControlRig_Arrow_3mm.ubulk" 313
"../../../Engine/Plugins/Animation/ControlRig/Content/Controls/ControlRig_Arrow_3mm.uasset" 314
"../../../Engine/Plugins/Animation/ControlRig/Content/Controls/ControlRig_Arrow_3mm.uexp" 315
"../../../Engine/Plugins/Animation/ControlRig/Content/Controls/ControlRig_Arrow_1mm.ubulk" 316
"../../../Engine/Plugins/Animation/ControlRig/Content/Controls/ControlRig_Arrow_1mm.uasset" 317
"../../../Engine/Plugins/Animation/ControlRig/Content/Controls/ControlRig_Arrow_1mm.uexp" 318
"../../../Engine/Plugins/Animation/ControlRig/Content/Controls/ControlRig_Arrow4_solid.ubulk" 319
"../../../Engine/Plugins/Animation/ControlRig/Content/Controls/ControlRig_Arrow4_solid.uasset" 320
"../../../Engine/Plugins/Animation/ControlRig/Content/Controls/ControlRig_Arrow4_solid.uexp" 321
"../../../Engine/Plugins/Animation/ControlRig/Content/Controls/ControlRig_Arrow4_3mm.ubulk" 322
"../../../Engine/Plugins/Animation/ControlRig/Content/Controls/ControlRig_Arrow4_3mm.uasset" 323
"../../../Engine/Plugins/Animation/ControlRig/Content/Controls/ControlRig_Arrow4_3mm.uexp" 324
"../../../Engine/Plugins/Animation/ControlRig/Content/Controls/ControlRig_Arrow4_1mm.ubulk" 325
"../../../Engine/Plugins/Animation/ControlRig/Content/Controls/ControlRig_Arrow4_1mm.uasset" 326
"../../../Engine/Plugins/Animation/ControlRig/Content/Controls/ControlRig_Arrow4_1mm.uexp" 327
"../../../Engine/Plugins/Animation/ControlRig/Content/Controls/ControlRig_Arrow2_solid.ubulk" 328
"../../../Engine/Plugins/Animation/ControlRig/Content/Controls/ControlRig_Arrow2_solid.uasset" 329
"../../../Engine/Plugins/Animation/ControlRig/Content/Controls/ControlRig_Arrow2_solid.uexp" 330
"../../../Engine/Plugins/Animation/ControlRig/Content/Controls/ControlRig_Arrow2_3mm.ubulk" 331
"../../../Engine/Plugins/Animation/ControlRig/Content/Controls/ControlRig_Arrow2_3mm.uasset" 332
"../../../Engine/Plugins/Animation/ControlRig/Content/Controls/ControlRig_Arrow2_3mm.uexp" 333
"../../../Engine/Plugins/Animation/ControlRig/Content/Controls/ControlRig_Arrow2_1mm.ubulk" 334
"../../../Engine/Plugins/Animation/ControlRig/Content/Controls/ControlRig_Arrow2_1mm.uasset" 335
"../../../Engine/Plugins/Animation/ControlRig/Content/Controls/ControlRig_Arrow2_1mm.uexp" 336
"../../../Engine/Plugins/Animation/ControlRig/Content/Controls/ControlRigXRayMaterial.uasset" 337
"../../../Engine/Plugins/Animation/ControlRig/Content/Controls/ControlRigXRayMaterial.uexp" 338
"../../../Engine/Plugins/Animation/ControlRig/Content/Controls/ControlRigGizmoMaterial.uasset" 339
"../../../Engine/Plugins/Animation/ControlRig/Content/Controls/ControlRigGizmoMaterial.uexp" 340
"../../../Engine/Content/VREditor/TransformGizmo/StartRotationHandleIndicator.ubulk" 341
"../../../Engine/Content/VREditor/TransformGizmo/StartRotationHandleIndicator.uasset" 342
"../../../Engine/Content/VREditor/TransformGizmo/StartRotationHandleIndicator.uexp" 343
"../../../Engine/Content/VREditor/Sounds/UI/Drop_Item_From_ContentBrowser.ubulk" 344
"../../../Engine/Content/VREditor/Sounds/UI/Drop_Item_From_ContentBrowser.uasset" 345
"../../../Engine/Content/VREditor/Sounds/UI/Drop_Item_From_ContentBrowser.uexp" 346
"../../../Engine/Content/VREditor/TransformGizmo/PlaneTranslationHandle.ubulk" 347
"../../../Engine/Content/VREditor/TransformGizmo/PlaneTranslationHandle.uasset" 348
"../../../Engine/Content/VREditor/TransformGizmo/PlaneTranslationHandle.uexp" 349
"../../../Engine/Content/VREditor/Sounds/UI/Object_Snaps_To_Grid.ubulk" 350
"../../../Engine/Content/VREditor/Sounds/UI/Object_Snaps_To_Grid.uasset" 351
"../../../Engine/Content/VREditor/Sounds/UI/Object_Snaps_To_Grid.uexp" 352
"../../../Engine/Content/VREditor/Sounds/UI/Selection_Changes.ubulk" 353
"../../../Engine/Content/VREditor/Sounds/UI/Selection_Changes.uasset" 354
"../../../Engine/Content/VREditor/Sounds/UI/Selection_Changes.uexp" 355
"../../../Engine/Content/VREditor/Sounds/UI/Object_Snaps_To_Another_Actor.ubulk" 356
"../../../Engine/Content/VREditor/Sounds/UI/Object_Snaps_To_Another_Actor.uasset" 357
"../../../Engine/Content/VREditor/Sounds/UI/Object_Snaps_To_Another_Actor.uexp" 358
"../../../Engine/Content/VREditor/TransformGizmo/TranslucentTransformGizmoMaterial_Inst.uasset" 359
"../../../Engine/Content/VREditor/TransformGizmo/TranslucentTransformGizmoMaterial_Inst.uexp" 360
"../../../Engine/Content/VREditor/TransformGizmo/TransformGizmoFreeRotation.ubulk" 361
"../../../Engine/Content/VREditor/TransformGizmo/TransformGizmoFreeRotation.uasset" 362
"../../../Engine/Content/VREditor/TransformGizmo/TransformGizmoFreeRotation.uexp" 363
"../../../Engine/Content/VREditor/Sounds/UI/Scaling_Down.ubulk" 364
"../../../Engine/Content/VREditor/Sounds/UI/Scaling_Down.uasset" 365
"../../../Engine/Content/VREditor/Sounds/UI/Scaling_Down.uexp" 366
"../../../Engine/Content/Functions/Engine_MaterialFunctions02/Math/Transform3x3Matrix.uasset" 367
"../../../Engine/Content/Functions/Engine_MaterialFunctions02/Math/Transform3x3Matrix.uexp" 368
"../../../Engine/Content/Functions/Engine_MaterialFunctions02/SplitComponents.uasset" 369
"../../../Engine/Content/Functions/Engine_MaterialFunctions02/SplitComponents.uexp" 370
"../../../Engine/Content/Functions/Engine_MaterialFunctions02/Utility/MakeFloat3.uasset" 371
"../../../Engine/Content/Functions/Engine_MaterialFunctions02/Utility/MakeFloat3.uexp" 372
"../../../Engine/Content/VREditor/SnapGrid/SnapGridMaterial.uasset" 373
"../../../Engine/Content/VREditor/SnapGrid/SnapGridMaterial.uexp" 374
"../../../Engine/Content/VREditor/SnapGrid/SnapGridPlaneMesh.ubulk" 375
"../../../Engine/Content/VREditor/SnapGrid/SnapGridPlaneMesh.uasset" 376
"../../../Engine/Content/VREditor/SnapGrid/SnapGridPlaneMesh.uexp" 377
"../../../Engine/Content/VREditor/Sounds/UI/Scaling_Up.ubulk" 378
"../../../Engine/Content/VREditor/Sounds/UI/Scaling_Up.uasset" 379
"../../../Engine/Content/VREditor/Sounds/UI/Scaling_Up.uexp" 380
"../../../Engine/Content/VREditor/TransformGizmo/TransformGizmoMaterial_Inst.uasset" 381
"../../../Engine/Content/VREditor/TransformGizmo/TransformGizmoMaterial_Inst.uexp" 382
"../../../Engine/Content/VREditor/Sounds/UI/Gizmo_Handle_Clicked.ubulk" 383
"../../../Engine/Content/VREditor/Sounds/UI/Gizmo_Handle_Clicked.uasset" 384
"../../../Engine/Content/VREditor/Sounds/UI/Gizmo_Handle_Clicked.uexp" 385
"../../../Engine/Content/VREditor/TransformGizmo/RotationHandleQuarter.ubulk" 386
"../../../Engine/Content/VREditor/TransformGizmo/RotationHandleQuarter.uasset" 387
"../../../Engine/Content/VREditor/TransformGizmo/RotationHandleQuarter.uexp" 388
"../../../Engine/Content/VREditor/TransformGizmo/TranslateArrowHandle.ubulk" 389
"../../../Engine/Content/VREditor/TransformGizmo/TranslateArrowHandle.uasset" 390
"../../../Engine/Content/VREditor/TransformGizmo/TranslateArrowHandle.uexp" 391
"../../../Engine/Content/VREditor/TransformGizmo/RotationHandleIndicator.ubulk" 392
"../../../Engine/Content/VREditor/TransformGizmo/RotationHandleIndicator.uasset" 393
"../../../Engine/Content/VREditor/TransformGizmo/RotationHandleIndicator.uexp" 394
"../../../Engine/Content/VREditor/TransformGizmo/UniformScaleHandle.ubulk" 395
"../../../Engine/Content/VREditor/TransformGizmo/UniformScaleHandle.uasset" 396
"../../../Engine/Content/VREditor/TransformGizmo/UniformScaleHandle.uexp" 397
"../../../Engine/Content/VREditor/TransformGizmo/RotationHandleFull.ubulk" 398
"../../../Engine/Content/VREditor/TransformGizmo/RotationHandleFull.uasset" 399
"../../../Engine/Content/VREditor/TransformGizmo/RotationHandleFull.uexp" 400
"../../../Engine/Content/VREditor/Sounds/UI/Object_PickUp.ubulk" 401
"../../../Engine/Content/VREditor/Sounds/UI/Object_PickUp.uasset" 402
"../../../Engine/Content/VREditor/Sounds/UI/Object_PickUp.uexp" 403
"../../../Engine/Content/EngineSounds/Master.uasset" 404
"../../../Engine/Content/EngineSounds/Master.uexp" 405
"../../../Engine/Content/EngineResources/WhiteSquareTexture.uasset" 406
"../../../Engine/Content/EngineResources/WhiteSquareTexture.uexp" 407
"../../../Engine/Content/EngineMaterials/Widget3DPassThrough.uasset" 408
"../../../Engine/Content/EngineMaterials/Widget3DPassThrough.uexp" 409
"../../../Engine/Content/EngineMaterials/Widget3DPassThrough_Translucent.uasset" 410
"../../../Engine/Content/EngineMaterials/Widget3DPassThrough_Translucent.uexp" 411
"../../../Engine/Content/EngineMaterials/Widget3DPassThrough_Translucent_OneSided.uasset" 412
"../../../Engine/Content/EngineMaterials/Widget3DPassThrough_Translucent_OneSided.uexp" 413
"../../../Engine/Content/EngineMaterials/Widget3DPassThrough_Opaque.uasset" 414
"../../../Engine/Content/EngineMaterials/Widget3DPassThrough_Opaque.uexp" 415
"../../../Engine/Content/EngineMaterials/Widget3DPassThrough_Opaque_OneSided.uasset" 416
"../../../Engine/Content/EngineMaterials/Widget3DPassThrough_Opaque_OneSided.uexp" 417
"../../../Engine/Content/EngineMaterials/Widget3DPassThrough_Masked_OneSided.uasset" 418
"../../../Engine/Content/EngineMaterials/Widget3DPassThrough_Masked_OneSided.uexp" 419
"../../../Engine/Content/EngineMaterials/Widget3DPassThrough_Masked.uasset" 420
"../../../Engine/Content/EngineMaterials/Widget3DPassThrough_Masked.uexp" 421
"../../../Engine/Content/EngineMaterials/STBlueNoise_vec2_128x128x64.uasset" 422
"../../../Engine/Content/EngineMaterials/STBlueNoise_vec2_128x128x64.uexp" 423
"../../../Engine/Content/EngineMaterials/STBlueNoise_scalar_128x128x64.uasset" 424
"../../../Engine/Content/EngineMaterials/STBlueNoise_scalar_128x128x64.uexp" 425
"../../../Engine/Content/EngineMaterials/RemoveSurfaceMaterial.uasset" 426
"../../../Engine/Content/EngineMaterials/RemoveSurfaceMaterial.uexp" 427
"../../../Engine/Content/EngineMaterials/DefaultCalibrationGrayscale.uasset" 428
"../../../Engine/Content/EngineMaterials/DefaultCalibrationGrayscale.uexp" 429
"../../../Engine/Content/EngineMaterials/PPM_DefaultCalibrationGrayscale.uasset" 430
"../../../Engine/Content/EngineMaterials/PPM_DefaultCalibrationGrayscale.uexp" 431
"../../../Engine/Content/EngineMaterials/DefaultCalibrationColor.uasset" 432
"../../../Engine/Content/EngineMaterials/DefaultCalibrationColor.uexp" 433
"../../../Engine/Content/EngineMaterials/PPM_DefaultCalibrationColor.uasset" 434
"../../../Engine/Content/EngineMaterials/PPM_DefaultCalibrationColor.uexp" 435
"../../../Engine/Content/EngineMaterials/PhAT_JointLimitMaterial.uasset" 436
"../../../Engine/Content/EngineMaterials/PhAT_JointLimitMaterial.uexp" 437
"../../../Engine/Content/EngineMaterials/NaniteHiddenSectionMaterial.uasset" 438
"../../../Engine/Content/EngineMaterials/NaniteHiddenSectionMaterial.uexp" 439
"../../../Engine/Content/EngineMaterials/InvalidLightmapSettings.ubulk" 440
"../../../Engine/Content/EngineMaterials/InvalidLightmapSettings.uasset" 441
"../../../Engine/Content/EngineMaterials/InvalidLightmapSettings.uexp" 442
"../../../Engine/Content/EngineMaterials/M_InvalidLightmapSettings.uasset" 443
"../../../Engine/Content/EngineMaterials/M_InvalidLightmapSettings.uexp" 444
"../../../Engine/Content/EngineMaterials/GizmoMaterial.uasset" 445
"../../../Engine/Content/EngineMaterials/GizmoMaterial.uexp" 446
"../../../Engine/Content/EngineMaterials/BaseFlattenEmissiveMap_VT.uasset" 447
"../../../Engine/Content/EngineMaterials/BaseFlattenEmissiveMap_VT.uexp" 448
"../../../Engine/Content/EngineMaterials/BaseFlattenGrayscaleMap_VT.uasset" 449
"../../../Engine/Content/EngineMaterials/BaseFlattenGrayscaleMap_VT.uexp" 450
"../../../Engine/Content/EngineMaterials/BaseFlattenLinearColor_VT.uasset" 451
"../../../Engine/Content/EngineMaterials/BaseFlattenLinearColor_VT.uexp" 452
"../../../Engine/Content/EngineMaterials/Black_1x1_EXR_Texture_VT.uasset" 453
"../../../Engine/Content/EngineMaterials/Black_1x1_EXR_Texture_VT.uexp" 454
"../../../Engine/Content/EngineMaterials/BaseFlattenDiffuseMap_VT.uasset" 455
"../../../Engine/Content/EngineMaterials/BaseFlattenDiffuseMap_VT.uexp" 456
"../../../Engine/Content/EngineMaterials/BaseFlattenNormalMap_VT.uasset" 457
"../../../Engine/Content/EngineMaterials/BaseFlattenNormalMap_VT.uexp" 458
"../../../Engine/Content/EngineMaterials/FlattenMaterial_VT.uasset" 459
"../../../Engine/Content/EngineMaterials/FlattenMaterial_VT.uexp" 460
"../../../Engine/Content/EngineMaterials/BaseFlattenNormalMap.uasset" 461
"../../../Engine/Content/EngineMaterials/BaseFlattenNormalMap.uexp" 462
"../../../Engine/Content/EngineMaterials/BaseFlattenGrayscaleMap.uasset" 463
"../../../Engine/Content/EngineMaterials/BaseFlattenGrayscaleMap.uexp" 464
"../../../Engine/Content/EngineMaterials/BaseFlattenDiffuseMap.uasset" 465
"../../../Engine/Content/EngineMaterials/BaseFlattenDiffuseMap.uexp" 466
"../../../Engine/Content/Functions/Engine_MaterialFunctions02/PivotPainter2/Black_1x1_EXR_Texture.uasset" 467
"../../../Engine/Content/Functions/Engine_MaterialFunctions02/PivotPainter2/Black_1x1_EXR_Texture.uexp" 468
"../../../Engine/Content/EngineMaterials/BaseFlattenEmissiveMap.uasset" 469
"../../../Engine/Content/EngineMaterials/BaseFlattenEmissiveMap.uexp" 470
"../../../Engine/Content/EngineMaterials/BaseFlattenLinearColor.uasset" 471
"../../../Engine/Content/EngineMaterials/BaseFlattenLinearColor.uexp" 472
"../../../Engine/Content/EngineMaterials/FlattenMaterial.uasset" 473
"../../../Engine/Content/EngineMaterials/FlattenMaterial.uexp" 474
"../../../Engine/Content/EngineMaterials/DefaultWhiteGrid_Low.uasset" 475
"../../../Engine/Content/EngineMaterials/DefaultWhiteGrid_Low.uexp" 476
"../../../Engine/Content/EngineMaterials/EmissiveMeshMaterial.uasset" 477
"../../../Engine/Content/EngineMaterials/EmissiveMeshMaterial.uexp" 478
"../../../Engine/Content/EngineFonts/RobotoDistanceField.uasset" 479
"../../../Engine/Content/EngineFonts/RobotoDistanceField.uexp" 480
"../../../Engine/Content/EngineMaterials/DefaultTextMaterialOpaque.uasset" 481
"../../../Engine/Content/EngineMaterials/DefaultTextMaterialOpaque.uexp" 482
"../../../Engine/Content/EngineMaterials/DefaultDiffuse.ubulk" 483
"../../../Engine/Content/EngineMaterials/DefaultDiffuse.uasset" 484
"../../../Engine/Content/EngineMaterials/DefaultDiffuse.uexp" 485
"../../../Engine/Content/Functions/Engine_MaterialFunctions02/Utility/BreakOutFloat2Components.uasset" 486
"../../../Engine/Content/Functions/Engine_MaterialFunctions02/Utility/BreakOutFloat2Components.uexp" 487
"../../../Engine/Content/EngineMaterials/DefaultPostProcessMaterial.uasset" 488
"../../../Engine/Content/EngineMaterials/DefaultPostProcessMaterial.uexp" 489
"../../../Engine/Content/EngineMaterials/DefaultLightFunctionMaterial.uasset" 490
"../../../Engine/Content/EngineMaterials/DefaultLightFunctionMaterial.uexp" 491
"../../../Engine/Content/EngineMaterials/DefaultDestructiblePhysicalMaterial.uasset" 492
"../../../Engine/Content/EngineMaterials/DefaultDestructiblePhysicalMaterial.uexp" 493
"../../../Engine/Content/EngineMaterials/DefaultDeferredDecalMaterial.uasset" 494
"../../../Engine/Content/EngineMaterials/DefaultDeferredDecalMaterial.uexp" 495
"../../../Engine/Content/EngineMaterials/DefaultBloomKernel.uasset" 496
"../../../Engine/Content/EngineMaterials/DefaultBloomKernel.uexp" 497
"../../../Engine/Content/EngineFonts/Faces/RobotoLight.uexp" 498
"../../../Engine/Content/EngineFonts/Faces/RobotoLight.uasset" 499
"../../../Engine/Content/EngineFonts/Faces/RobotoLight.ufont" 500
"../../../Engine/Content/EngineFonts/Faces/RobotoBold.uexp" 501
"../../../Engine/Content/EngineFonts/Faces/RobotoBold.uasset" 502
"../../../Engine/Content/EngineFonts/Faces/RobotoBold.ufont" 503
"../../../Engine/Content/EngineFonts/Faces/RobotoRegular.uexp" 504
"../../../Engine/Content/EngineFonts/Faces/RobotoRegular.uasset" 505
"../../../Engine/Content/EngineFonts/Faces/RobotoRegular.ufont" 506
"../../../Engine/Content/EngineFonts/Faces/DroidSansFallback.uexp" 507
"../../../Engine/Content/EngineFonts/Faces/DroidSansFallback.uasset" 508
"../../../Engine/Content/EngineFonts/Faces/DroidSansFallback.ufont" 509
"../../../Engine/Content/EngineFonts/Faces/RobotoItalic.uexp" 510
"../../../Engine/Content/EngineFonts/Faces/RobotoItalic.uasset" 511
"../../../Engine/Content/EngineFonts/Faces/RobotoItalic.ufont" 512
"../../../Engine/Content/EngineFonts/Faces/RobotoBoldItalic.uexp" 513
"../../../Engine/Content/EngineFonts/Faces/RobotoBoldItalic.uasset" 514
"../../../Engine/Content/EngineFonts/Faces/RobotoBoldItalic.ufont" 515
"../../../Engine/Content/EngineFonts/Roboto.uasset" 516
"../../../Engine/Content/EngineFonts/Roboto.uexp" 517
"../../../Engine/Content/Functions/Engine_MaterialFunctions02/Utility/CameraDirectionVector.uasset" 518
"../../../Engine/Content/Functions/Engine_MaterialFunctions02/Utility/CameraDirectionVector.uexp" 519
"../../../Engine/Content/EngineDebugMaterials/VolumeToRender.uasset" 520
"../../../Engine/Content/EngineDebugMaterials/VolumeToRender.uexp" 521
"../../../Engine/Content/EngineDebugMaterials/M_VolumeRenderSphereTracePP.uasset" 522
"../../../Engine/Content/EngineDebugMaterials/M_VolumeRenderSphereTracePP.uexp" 523
"../../../Engine/Content/EngineDebugMaterials/M_SimpleUnlitTranslucent.uasset" 524
"../../../Engine/Content/EngineDebugMaterials/M_SimpleUnlitTranslucent.uexp" 525
"../../../Engine/Content/EngineDebugMaterials/DebugMeshMaterial.uasset" 526
"../../../Engine/Content/EngineDebugMaterials/DebugMeshMaterial.uexp" 527
"../../../Engine/Content/EngineDebugMaterials/DebugEditorMaterial.uasset" 528
"../../../Engine/Content/EngineDebugMaterials/DebugEditorMaterial.uexp" 529
"../../../Engine/Content/EngineDamageTypes/DmgTypeBP_Environmental.uasset" 530
"../../../Engine/Content/EngineDamageTypes/DmgTypeBP_Environmental.uexp" 531
"../../../Engine/Content/EditorResources/S_Terrain.ubulk" 532
"../../../Engine/Content/EditorResources/S_Terrain.uasset" 533
"../../../Engine/Content/EditorResources/S_Terrain.uexp" 534
"../../../Engine/Content/EditorResources/EmptyActor.uasset" 535
"../../../Engine/Content/EditorResources/EmptyActor.uexp" 536
"../../../Engine/Content/EditorResources/BSPVertex.uasset" 537
"../../../Engine/Content/EditorResources/BSPVertex.uexp" 538
"../../../Engine/Content/EditorMaterials/PreviewShadowIndicator.ubulk" 539
"../../../Engine/Content/EditorMaterials/PreviewShadowIndicator.uasset" 540
"../../../Engine/Content/EditorMaterials/PreviewShadowIndicator.uexp" 541
"../../../Engine/Content/EditorMaterials/PreviewShadowIndicatorMaterial.uasset" 542
"../../../Engine/Content/EditorMaterials/PreviewShadowIndicatorMaterial.uexp" 543
"../../../Engine/Content/EditorMaterials/PhAT_UnselectedMaterial.uasset" 544
"../../../Engine/Content/EditorMaterials/PhAT_UnselectedMaterial.uexp" 545
"../../../Engine/Content/EditorMaterials/PhAT_NoCollisionMaterial.uasset" 546
"../../../Engine/Content/EditorMaterials/PhAT_NoCollisionMaterial.uexp" 547
"../../../Engine/Content/EditorLandscapeResources/DefaultAlphaTexture.uasset" 548
"../../../Engine/Content/EditorLandscapeResources/DefaultAlphaTexture.uexp" 549
"../../../Engine/Content/EditorLandscapeResources/DataLayer.uasset" 550
"../../../Engine/Content/EditorLandscapeResources/DataLayer.uexp" 551
"../../../Engine/Content/BasicShapes/Plane.ubulk" 552
"../../../Engine/Content/BasicShapes/Plane.uasset" 553
"../../../Engine/Content/BasicShapes/Plane.uexp" 554
"../../../Engine/Content/Animation/DefaultVariableFrameStrippingSettings.uasset" 555
"../../../Engine/Content/Animation/DefaultVariableFrameStrippingSettings.uexp" 556
"../../../Engine/Content/Animation/DefaultRecorderBoneCompression.uasset" 557
"../../../Engine/Content/Animation/DefaultRecorderBoneCompression.uexp" 558
"../../../Engine/Plugins/Runtime/MeshModelingToolset/Content/Materials/M_DynamicMeshComponentVtxColor.uasset" 559
"../../../Engine/Plugins/Runtime/MeshModelingToolset/Content/Materials/M_DynamicMeshComponentVtxColor.uexp" 560
"../../../Engine/Content/Functions/Engine_MaterialFunctions01/Volumetrics/BeersLaw.uasset" 561
"../../../Engine/Content/Functions/Engine_MaterialFunctions01/Volumetrics/BeersLaw.uexp" 562
"../../../Engine/Content/EngineMaterials/Good64x64TilingNoiseHighFreq.uasset" 563
"../../../Engine/Content/EngineMaterials/Good64x64TilingNoiseHighFreq.uexp" 564
"../../../Engine/Content/Functions/Engine_MaterialFunctions02/Texturing/ScreenAlignedPixelToPixelUVs.uasset" 565
"../../../Engine/Content/Functions/Engine_MaterialFunctions02/Texturing/ScreenAlignedPixelToPixelUVs.uexp" 566
"../../../Engine/Content/Functions/Engine_MaterialFunctions03/Math/RemapValueRange.uasset" 567
"../../../Engine/Content/Functions/Engine_MaterialFunctions03/Math/RemapValueRange.uexp" 568
"../../../Engine/Content/EditorMaterials/Dataflow/DataflowVertexMaterial.uasset" 569
"../../../Engine/Content/EditorMaterials/Dataflow/DataflowVertexMaterial.uexp" 570
"../../../Engine/Content/MobileResources/HUD/VirtualJoystick_Background.uasset" 571
"../../../Engine/Content/MobileResources/HUD/VirtualJoystick_Background.uexp" 572
"../../../Engine/Content/MobileResources/HUD/VirtualJoystick_Thumb.uasset" 573
"../../../Engine/Content/MobileResources/HUD/VirtualJoystick_Thumb.uexp" 574
"../../../Engine/Content/MobileResources/HUD/DefaultVirtualJoysticks.uasset" 575
"../../../Engine/Content/MobileResources/HUD/DefaultVirtualJoysticks.uexp" 576
"../../../Engine/Content/EngineSky/VolumetricClouds/CloudWeatherTexture.uasset" 577
"../../../Engine/Content/EngineSky/VolumetricClouds/CloudWeatherTexture.uexp" 578
"../../../Engine/Content/Functions/Engine_MaterialFunctions02/Utility/MakeFloat2.uasset" 579
"../../../Engine/Content/Functions/Engine_MaterialFunctions02/Utility/MakeFloat2.uexp" 580
"../../../Engine/Content/EngineSky/VolumetricClouds/CloudGradientTexture.uasset" 581
"../../../Engine/Content/EngineSky/VolumetricClouds/CloudGradientTexture.uexp" 582
"../../../Engine/Content/EngineSky/VolumetricClouds/T_NoiseShape64.ubulk" 583
"../../../Engine/Content/EngineSky/VolumetricClouds/T_NoiseShape64.uasset" 584
"../../../Engine/Content/EngineSky/VolumetricClouds/T_NoiseShape64.uexp" 585
"../../../Engine/Content/EngineSky/VolumetricClouds/T_VolumeNoiseShape64.uasset" 586
"../../../Engine/Content/EngineSky/VolumetricClouds/T_VolumeNoiseShape64.uexp" 587
"../../../Engine/Content/EngineSky/VolumetricClouds/T_NoiseErosion.ubulk" 588
"../../../Engine/Content/EngineSky/VolumetricClouds/T_NoiseErosion.uasset" 589
"../../../Engine/Content/EngineSky/VolumetricClouds/T_NoiseErosion.uexp" 590
"../../../Engine/Content/EngineSky/VolumetricClouds/T_VolumeNoiseErosion32.uasset" 591
"../../../Engine/Content/EngineSky/VolumetricClouds/T_VolumeNoiseErosion32.uexp" 592
"../../../Engine/Content/EngineSky/VolumetricClouds/m_SimpleVolumetricCloud.uasset" 593
"../../../Engine/Content/EngineSky/VolumetricClouds/m_SimpleVolumetricCloud.uexp" 594
"../../../Engine/Content/EngineSky/VolumetricClouds/m_SimpleVolumetricCloud_Inst.uasset" 595
"../../../Engine/Content/EngineSky/VolumetricClouds/m_SimpleVolumetricCloud_Inst.uexp" 596
"../../../Engine/Content/EngineResources/FilmGrains/Marcie_Grain_v3_128_M2_000.uasset" 597
"../../../Engine/Content/EngineResources/FilmGrains/Marcie_Grain_v3_128_M2_000.uexp" 598
"../../../Engine/Content/EditorResources/SequenceRecorder/RecordingIndicator.uasset" 599
"../../../Engine/Content/EditorResources/SequenceRecorder/RecordingIndicator.uexp" 600
"../../../Engine/Content/EditorResources/SequenceRecorder/Countdown.uasset" 601
"../../../Engine/Content/EditorResources/SequenceRecorder/Countdown.uexp" 602
"../../../Engine/Content/Functions/Engine_MaterialFunctions02/Math/AddComponents.uasset" 603
"../../../Engine/Content/Functions/Engine_MaterialFunctions02/Math/AddComponents.uexp" 604
"../../../Engine/Content/Functions/Engine_MaterialFunctions01/Texturing/FlattenNormal.uasset" 605
"../../../Engine/Content/Functions/Engine_MaterialFunctions01/Texturing/FlattenNormal.uexp" 606
"../../../Engine/Content/Functions/Engine_MaterialFunctions01/Shading/PowerToRoughness.uasset" 607
"../../../Engine/Content/Functions/Engine_MaterialFunctions01/Shading/PowerToRoughness.uexp" 608
"../../../Engine/Content/Functions/Engine_MaterialFunctions01/Shading/ConvertFromDiffSpec.uasset" 609
"../../../Engine/Content/Functions/Engine_MaterialFunctions01/Shading/ConvertFromDiffSpec.uexp" 610
"../../../Engine/Content/EngineMaterials/Substrate/Volume/SubstrateSimpleVolumeLUT3D.uasset" 611
"../../../Engine/Content/EngineMaterials/Substrate/Volume/SubstrateSimpleVolumeLUT3D.uexp" 612
"../../../Engine/Content/EngineMaterials/Substrate/Volume/SubstrateSimpleVolumeEnvLUT3D.uasset" 613
"../../../Engine/Content/EngineMaterials/Substrate/Volume/SubstrateSimpleVolumeEnvLUT3D.uexp" 614
"../../../Engine/Content/EngineMaterials/Substrate/GLints2/AGlintTex2dArray2.uasset" 615
"../../../Engine/Content/EngineMaterials/Substrate/GLints2/AGlintTex2dArray2.uexp" 616
"../../../Engine/Content/EngineMaterials/Substrate/GLints/AGlintTex2dArray.uasset" 617
"../../../Engine/Content/EngineMaterials/Substrate/GLints/AGlintTex2dArray.uexp" 618
"../../../Engine/Content/EngineMaterials/FlattenMaterial_WS_Normal_VT.uasset" 619
"../../../Engine/Content/EngineMaterials/FlattenMaterial_WS_Normal_VT.uexp" 620
"../../../Engine/Content/OpenWorldTemplate/HLOD/HLOD0_Instancing.uasset" 621
"../../../Engine/Content/OpenWorldTemplate/HLOD/HLOD0_Instancing.uexp" 622
"../../../Engine/Content/EngineMaterials/DefaultPhysicalMaterial.uasset" 623
"../../../Engine/Content/EngineMaterials/DefaultPhysicalMaterial.uexp" 624
"../../../Engine/Content/EngineMaterials/BlendFunc_DefBlend.uasset" 625
"../../../Engine/Content/EngineMaterials/BlendFunc_DefBlend.uexp" 626
"../../../Engine/Content/OpenWorldTemplate/LandscapeMaterial/T_GridChecker_A.ubulk" 627
"../../../Engine/Content/OpenWorldTemplate/LandscapeMaterial/T_GridChecker_A.uasset" 628
"../../../Engine/Content/OpenWorldTemplate/LandscapeMaterial/T_GridChecker_A.uexp" 629
"../../../Engine/Content/EngineMaterials/BlendFunc_DefBase.uasset" 630
"../../../Engine/Content/EngineMaterials/BlendFunc_DefBase.uexp" 631
"../../../Engine/Content/Functions/Engine_MaterialFunctions03/Blends/Blend_Overlay.uasset" 632
"../../../Engine/Content/Functions/Engine_MaterialFunctions03/Blends/Blend_Overlay.uexp" 633
"../../../Engine/Content/Functions/Engine_MaterialFunctions01/Gradient/LinearGradient.uasset" 634
"../../../Engine/Content/Functions/Engine_MaterialFunctions01/Gradient/LinearGradient.uexp" 635
"../../../Engine/Content/Functions/Engine_MaterialFunctions01/ImageAdjustment/CheapContrast.uasset" 636
"../../../Engine/Content/Functions/Engine_MaterialFunctions01/ImageAdjustment/CheapContrast.uexp" 637
"../../../Engine/Content/OpenWorldTemplate/LandscapeMaterial/MF_ProcGrid.uasset" 638
"../../../Engine/Content/OpenWorldTemplate/LandscapeMaterial/MF_ProcGrid.uexp" 639
"../../../Engine/Content/OpenWorldTemplate/LandscapeMaterial/M_ProcGrid.uasset" 640
"../../../Engine/Content/OpenWorldTemplate/LandscapeMaterial/M_ProcGrid.uexp" 641
"../../../Engine/Content/EngineMaterials/DefaultMaterial.uasset" 642
"../../../Engine/Content/EngineMaterials/DefaultMaterial.uexp" 643
"../../../Engine/Content/BasicShapes/Sphere.ubulk" 644
"../../../Engine/Content/BasicShapes/Sphere.uasset" 645
"../../../Engine/Content/BasicShapes/Sphere.uexp" 646
"../../../Engine/Content/BasicShapes/BasicShapeMaterial.uasset" 647
"../../../Engine/Content/BasicShapes/BasicShapeMaterial.uexp" 648
"../../../Engine/Content/BasicShapes/Cylinder.ubulk" 649
"../../../Engine/Content/BasicShapes/Cylinder.uasset" 650
"../../../Engine/Content/BasicShapes/Cylinder.uexp" 651
"../../../Engine/Content/EngineSky/T_Sky_Stars.ubulk" 652
"../../../Engine/Content/EngineSky/T_Sky_Stars.uasset" 653
"../../../Engine/Content/EngineSky/T_Sky_Stars.uexp" 654
"../../../Engine/Content/EngineSky/T_Sky_Clouds_M.ubulk" 655
"../../../Engine/Content/EngineSky/T_Sky_Clouds_M.uasset" 656
"../../../Engine/Content/EngineSky/T_Sky_Clouds_M.uexp" 657
"../../../Engine/Content/EngineSky/T_Sky_Blue.ubulk" 658
"../../../Engine/Content/EngineSky/T_Sky_Blue.uasset" 659
"../../../Engine/Content/EngineSky/T_Sky_Blue.uexp" 660
"../../../Engine/Content/EngineSky/M_Sky_Panning_Clouds2.uasset" 661
"../../../Engine/Content/EngineSky/M_Sky_Panning_Clouds2.uexp" 662
"../../../Engine/Content/EngineSky/SM_SkySphere.ubulk" 663
"../../../Engine/Content/EngineSky/SM_SkySphere.uasset" 664
"../../../Engine/Content/EngineSky/SM_SkySphere.uexp" 665
"../../../Engine/Content/EngineSky/M_SimpleSkyDome.uasset" 666
"../../../Engine/Content/EngineSky/M_SimpleSkyDome.uexp" 667
"../../../Engine/Content/BasicShapes/Cone.ubulk" 668
"../../../Engine/Content/BasicShapes/Cone.uasset" 669
"../../../Engine/Content/BasicShapes/Cone.uexp" 670
"../../../Engine/Plugins/FX/Niagara/Content/DefaultAssets/DefaultSpriteMaterial.uasset" 671
"../../../Engine/Plugins/FX/Niagara/Content/DefaultAssets/DefaultSpriteMaterial.uexp" 672
"D:/UnrealProjects/homework1/Content/NS_FirstNiagrara.uasset" 673
"D:/UnrealProjects/homework1/Content/NS_FirstNiagrara.uexp" 674
"../../../Engine/Content/BasicShapes/Cube.ubulk" 675
"../../../Engine/Content/BasicShapes/Cube.uasset" 676
"../../../Engine/Content/BasicShapes/Cube.uexp" 677
"D:/UnrealProjects/homework1/Content/BP_FirstPawn.uasset" 678
"D:/UnrealProjects/homework1/Content/BP_FirstPawn.uexp" 679
"D:/UnrealProjects/homework1/Content/BP_MyGameMode.uasset" 680
"D:/UnrealProjects/homework1/Content/BP_MyGameMode.uexp" 681
"D:/UnrealProjects/homework1/Content/PutObjMap_HLOD0_Instancing.uasset" 682
"D:/UnrealProjects/homework1/Content/PutObjMap_HLOD0_Instancing.uexp" 683
"D:/UnrealProjects/homework1/Content/PutObjMap.uexp" 684
"D:/UnrealProjects/homework1/Content/PutObjMap.ubulk" 685
"D:/UnrealProjects/homework1/Content/PutObjMap.umap" 686
"../../../Engine/Content/Maps/Entry_BuiltData.uasset" 687
"../../../Engine/Content/Maps/Entry_BuiltData.uexp" 688
"../../../Engine/Content/Maps/Entry.uexp" 689
"../../../Engine/Content/Maps/Entry.umap" 690
"D:/UnrealProjects/homework1/Content/PutObjMap/_Generated_/1YE26PUNOTBYUGZZ65D2J8I3H.uexp" 691
"D:/UnrealProjects/homework1/Content/PutObjMap/_Generated_/1YE26PUNOTBYUGZZ65D2J8I3H.ubulk" 692
"D:/UnrealProjects/homework1/Content/PutObjMap/_Generated_/1YE26PUNOTBYUGZZ65D2J8I3H.umap" 693
"D:/UnrealProjects/homework1/Content/PutObjMap/_Generated_/33NQQNW37T6R9YU65ZA1NRGON.uexp" 694
"D:/UnrealProjects/homework1/Content/PutObjMap/_Generated_/33NQQNW37T6R9YU65ZA1NRGON.ubulk" 695
"D:/UnrealProjects/homework1/Content/PutObjMap/_Generated_/33NQQNW37T6R9YU65ZA1NRGON.umap" 696
"D:/UnrealProjects/homework1/Content/PutObjMap/_Generated_/6OFR94DKFOWI0FFCETZ86MJGV.uexp" 697
"D:/UnrealProjects/homework1/Content/PutObjMap/_Generated_/6OFR94DKFOWI0FFCETZ86MJGV.ubulk" 698
"D:/UnrealProjects/homework1/Content/PutObjMap/_Generated_/6OFR94DKFOWI0FFCETZ86MJGV.umap" 699
"D:/UnrealProjects/homework1/Content/PutObjMap/_Generated_/ANAX0ZDQ5CFKUJZQWXKH8YFFO.uexp" 700
"D:/UnrealProjects/homework1/Content/PutObjMap/_Generated_/ANAX0ZDQ5CFKUJZQWXKH8YFFO.ubulk" 701
"D:/UnrealProjects/homework1/Content/PutObjMap/_Generated_/ANAX0ZDQ5CFKUJZQWXKH8YFFO.umap" 702
"D:/UnrealProjects/homework1/Content/PutObjMap/_Generated_/9DG5TY9HCN37V12QIANYRH1CW.uexp" 703
"D:/UnrealProjects/homework1/Content/PutObjMap/_Generated_/9DG5TY9HCN37V12QIANYRH1CW.ubulk" 704
"D:/UnrealProjects/homework1/Content/PutObjMap/_Generated_/9DG5TY9HCN37V12QIANYRH1CW.umap" 705
"D:/UnrealProjects/homework1/Content/PutObjMap/_Generated_/9JBZAJJ9P4Q8WZ0WKOKD8EFXS.uexp" 706
"D:/UnrealProjects/homework1/Content/PutObjMap/_Generated_/9JBZAJJ9P4Q8WZ0WKOKD8EFXS.ubulk" 707
"D:/UnrealProjects/homework1/Content/PutObjMap/_Generated_/9JBZAJJ9P4Q8WZ0WKOKD8EFXS.umap" 708
"D:/UnrealProjects/homework1/Content/PutObjMap/_Generated_/67ZBPI7DDNGEPQBU5LB0ZSV0A.uexp" 709
"D:/UnrealProjects/homework1/Content/PutObjMap/_Generated_/67ZBPI7DDNGEPQBU5LB0ZSV0A.ubulk" 710
"D:/UnrealProjects/homework1/Content/PutObjMap/_Generated_/67ZBPI7DDNGEPQBU5LB0ZSV0A.umap" 711
"D:/UnrealProjects/homework1/Content/PutObjMap/_Generated_/C0PTNWF5S24AMZZ6ZCEAF9Q8N.uexp" 712
"D:/UnrealProjects/homework1/Content/PutObjMap/_Generated_/C0PTNWF5S24AMZZ6ZCEAF9Q8N.ubulk" 713
"D:/UnrealProjects/homework1/Content/PutObjMap/_Generated_/C0PTNWF5S24AMZZ6ZCEAF9Q8N.umap" 714
"D:/UnrealProjects/homework1/Content/PutObjMap/_Generated_/148ZHTQRRWZROZWIDUYII5LKE.uexp" 715
"D:/UnrealProjects/homework1/Content/PutObjMap/_Generated_/148ZHTQRRWZROZWIDUYII5LKE.ubulk" 716
"D:/UnrealProjects/homework1/Content/PutObjMap/_Generated_/148ZHTQRRWZROZWIDUYII5LKE.umap" 717
"D:/UnrealProjects/homework1/Content/PutObjMap/_Generated_/5SBMDFI84LBTM4QU6WQOJRZOP.uexp" 718
"D:/UnrealProjects/homework1/Content/PutObjMap/_Generated_/5SBMDFI84LBTM4QU6WQOJRZOP.ubulk" 719
"D:/UnrealProjects/homework1/Content/PutObjMap/_Generated_/5SBMDFI84LBTM4QU6WQOJRZOP.umap" 720
"D:/UnrealProjects/homework1/Content/PutObjMap/_Generated_/3XYH6IEAG0IYGQIA0ZMUTD3RS.uexp" 721
"D:/UnrealProjects/homework1/Content/PutObjMap/_Generated_/3XYH6IEAG0IYGQIA0ZMUTD3RS.ubulk" 722
"D:/UnrealProjects/homework1/Content/PutObjMap/_Generated_/3XYH6IEAG0IYGQIA0ZMUTD3RS.umap" 723
"D:/UnrealProjects/homework1/Content/PutObjMap/_Generated_/C452582Q0031E4B173GGUJCP0.uexp" 724
"D:/UnrealProjects/homework1/Content/PutObjMap/_Generated_/C452582Q0031E4B173GGUJCP0.ubulk" 725
"D:/UnrealProjects/homework1/Content/PutObjMap/_Generated_/C452582Q0031E4B173GGUJCP0.umap" 726
"D:/UnrealProjects/homework1/Content/PutObjMap/_Generated_/BMRDE3X55OUQO6N3S15LFYLK7.uexp" 727
"D:/UnrealProjects/homework1/Content/PutObjMap/_Generated_/BMRDE3X55OUQO6N3S15LFYLK7.ubulk" 728
"D:/UnrealProjects/homework1/Content/PutObjMap/_Generated_/BMRDE3X55OUQO6N3S15LFYLK7.umap" 729
"D:/UnrealProjects/homework1/Content/PutObjMap/_Generated_/BIPP5T6BV2I5V4RPBPBSOW66S.uexp" 730
"D:/UnrealProjects/homework1/Content/PutObjMap/_Generated_/BIPP5T6BV2I5V4RPBPBSOW66S.ubulk" 731
"D:/UnrealProjects/homework1/Content/PutObjMap/_Generated_/BIPP5T6BV2I5V4RPBPBSOW66S.umap" 732
"D:/UnrealProjects/homework1/Content/PutObjMap/_Generated_/84KQGFLCP1BCHXNVRK1A85AOS.uexp" 733
"D:/UnrealProjects/homework1/Content/PutObjMap/_Generated_/84KQGFLCP1BCHXNVRK1A85AOS.ubulk" 734
"D:/UnrealProjects/homework1/Content/PutObjMap/_Generated_/84KQGFLCP1BCHXNVRK1A85AOS.umap" 735
"D:/UnrealProjects/homework1/Content/PutObjMap/_Generated_/78YGOHWMOC4UQEZ6TJQLJHMUN.uexp" 736
"D:/UnrealProjects/homework1/Content/PutObjMap/_Generated_/78YGOHWMOC4UQEZ6TJQLJHMUN.ubulk" 737
"D:/UnrealProjects/homework1/Content/PutObjMap/_Generated_/78YGOHWMOC4UQEZ6TJQLJHMUN.umap" 738
"D:/UnrealProjects/homework1/Content/PutObjMap/_Generated_/EZH2P89KOJL7F6ZOFYO3Q1FCF.uexp" 739
"D:/UnrealProjects/homework1/Content/PutObjMap/_Generated_/EZH2P89KOJL7F6ZOFYO3Q1FCF.ubulk" 740
"D:/UnrealProjects/homework1/Content/PutObjMap/_Generated_/EZH2P89KOJL7F6ZOFYO3Q1FCF.umap" 741
"D:/UnrealProjects/homework1/Content/PutObjMap/_Generated_/EOGT6WAUPPOQAV2M79GWVVLQ7.uexp" 742
"D:/UnrealProjects/homework1/Content/PutObjMap/_Generated_/EOGT6WAUPPOQAV2M79GWVVLQ7.ubulk" 743
"D:/UnrealProjects/homework1/Content/PutObjMap/_Generated_/EOGT6WAUPPOQAV2M79GWVVLQ7.umap" 744
"D:/UnrealProjects/homework1/Content/PutObjMap/_Generated_/8AFXMVVXHSUHDC88W3VG1R7X8.uexp" 745
"D:/UnrealProjects/homework1/Content/PutObjMap/_Generated_/8AFXMVVXHSUHDC88W3VG1R7X8.ubulk" 746
"D:/UnrealProjects/homework1/Content/PutObjMap/_Generated_/8AFXMVVXHSUHDC88W3VG1R7X8.umap" 747
"D:/UnrealProjects/homework1/Content/PutObjMap/_Generated_/C1BC4UOCK8VKKXEQESW9WQJJ0.uexp" 748
"D:/UnrealProjects/homework1/Content/PutObjMap/_Generated_/C1BC4UOCK8VKKXEQESW9WQJJ0.ubulk" 749
"D:/UnrealProjects/homework1/Content/PutObjMap/_Generated_/C1BC4UOCK8VKKXEQESW9WQJJ0.umap" 750
"D:/UnrealProjects/homework1/Content/PutObjMap/_Generated_/EXWMTBZ5J518LFI4RMOK4YLDO.uexp" 751
"D:/UnrealProjects/homework1/Content/PutObjMap/_Generated_/EXWMTBZ5J518LFI4RMOK4YLDO.ubulk" 752
"D:/UnrealProjects/homework1/Content/PutObjMap/_Generated_/EXWMTBZ5J518LFI4RMOK4YLDO.umap" 753
"D:/UnrealProjects/homework1/Content/PutObjMap/_Generated_/F09HD1JW3MHJXSOMLDSDRV9RB.uexp" 754
"D:/UnrealProjects/homework1/Content/PutObjMap/_Generated_/F09HD1JW3MHJXSOMLDSDRV9RB.ubulk" 755
"D:/UnrealProjects/homework1/Content/PutObjMap/_Generated_/F09HD1JW3MHJXSOMLDSDRV9RB.umap" 756
"D:/UnrealProjects/homework1/Content/PutObjMap/_Generated_/EBPVZUJN7STK8TKGYX657ZNC4.uexp" 757
"D:/UnrealProjects/homework1/Content/PutObjMap/_Generated_/EBPVZUJN7STK8TKGYX657ZNC4.ubulk" 758
"D:/UnrealProjects/homework1/Content/PutObjMap/_Generated_/EBPVZUJN7STK8TKGYX657ZNC4.umap" 759
"D:/UnrealProjects/homework1/Content/PutObjMap/_Generated_/6VKWMJA091TYKK0R3JFMOUU2W.uexp" 760
"D:/UnrealProjects/homework1/Content/PutObjMap/_Generated_/6VKWMJA091TYKK0R3JFMOUU2W.ubulk" 761
"D:/UnrealProjects/homework1/Content/PutObjMap/_Generated_/6VKWMJA091TYKK0R3JFMOUU2W.umap" 762
"D:/UnrealProjects/homework1/Content/PutObjMap/_Generated_/5BDTA0GPVP16VQ10NH4OK7S2J.uexp" 763
"D:/UnrealProjects/homework1/Content/PutObjMap/_Generated_/5BDTA0GPVP16VQ10NH4OK7S2J.ubulk" 764
"D:/UnrealProjects/homework1/Content/PutObjMap/_Generated_/5BDTA0GPVP16VQ10NH4OK7S2J.umap" 765
"D:/UnrealProjects/homework1/Content/PutObjMap/_Generated_/7PX9ZBTZBBUJ6HYKSMK4RH1XB.uexp" 766
"D:/UnrealProjects/homework1/Content/PutObjMap/_Generated_/7PX9ZBTZBBUJ6HYKSMK4RH1XB.ubulk" 767
"D:/UnrealProjects/homework1/Content/PutObjMap/_Generated_/7PX9ZBTZBBUJ6HYKSMK4RH1XB.umap" 768
"D:/UnrealProjects/homework1/Content/PutObjMap/_Generated_/F3JN5SUBEXU5MCSQ88ABGYFI3.uexp" 769
"D:/UnrealProjects/homework1/Content/PutObjMap/_Generated_/F3JN5SUBEXU5MCSQ88ABGYFI3.ubulk" 770
"D:/UnrealProjects/homework1/Content/PutObjMap/_Generated_/F3JN5SUBEXU5MCSQ88ABGYFI3.umap" 771
"D:/UnrealProjects/homework1/Content/PutObjMap/_Generated_/9SVUTST66ING1IK33CAVMHJB1.uexp" 772
"D:/UnrealProjects/homework1/Content/PutObjMap/_Generated_/9SVUTST66ING1IK33CAVMHJB1.ubulk" 773
"D:/UnrealProjects/homework1/Content/PutObjMap/_Generated_/9SVUTST66ING1IK33CAVMHJB1.umap" 774
"D:/UnrealProjects/homework1/Content/PutObjMap/_Generated_/DAHTS4AATPSBRSRC9NWO6AULW.uexp" 775
"D:/UnrealProjects/homework1/Content/PutObjMap/_Generated_/DAHTS4AATPSBRSRC9NWO6AULW.ubulk" 776
"D:/UnrealProjects/homework1/Content/PutObjMap/_Generated_/DAHTS4AATPSBRSRC9NWO6AULW.umap" 777
"D:/UnrealProjects/homework1/Content/PutObjMap/_Generated_/AT4RBANLPQTSMVXC54015MX85.uexp" 778
"D:/UnrealProjects/homework1/Content/PutObjMap/_Generated_/AT4RBANLPQTSMVXC54015MX85.ubulk" 779
"D:/UnrealProjects/homework1/Content/PutObjMap/_Generated_/AT4RBANLPQTSMVXC54015MX85.umap" 780
"D:/UnrealProjects/homework1/Content/PutObjMap/_Generated_/070BR1SG3XOWLNU77FP1163JJ.uexp" 781
"D:/UnrealProjects/homework1/Content/PutObjMap/_Generated_/070BR1SG3XOWLNU77FP1163JJ.ubulk" 782
"D:/UnrealProjects/homework1/Content/PutObjMap/_Generated_/070BR1SG3XOWLNU77FP1163JJ.umap" 783
"D:/UnrealProjects/homework1/Content/PutObjMap/_Generated_/1PZOBSOP2AT7CXORQ1PX7U0O3.uexp" 784
"D:/UnrealProjects/homework1/Content/PutObjMap/_Generated_/1PZOBSOP2AT7CXORQ1PX7U0O3.ubulk" 785
"D:/UnrealProjects/homework1/Content/PutObjMap/_Generated_/1PZOBSOP2AT7CXORQ1PX7U0O3.umap" 786
"D:/UnrealProjects/homework1/Content/PutObjMap/_Generated_/6LZXCYB9SINBH4XVCCYZSY2QY.uexp" 787
"D:/UnrealProjects/homework1/Content/PutObjMap/_Generated_/6LZXCYB9SINBH4XVCCYZSY2QY.ubulk" 788
"D:/UnrealProjects/homework1/Content/PutObjMap/_Generated_/6LZXCYB9SINBH4XVCCYZSY2QY.umap" 789
"D:/UnrealProjects/homework1/Content/PutObjMap/_Generated_/9K6XZGSOQKRSOJ9PRYIZYE4DT.uexp" 790
"D:/UnrealProjects/homework1/Content/PutObjMap/_Generated_/9K6XZGSOQKRSOJ9PRYIZYE4DT.ubulk" 791
"D:/UnrealProjects/homework1/Content/PutObjMap/_Generated_/9K6XZGSOQKRSOJ9PRYIZYE4DT.umap" 792
"D:/UnrealProjects/homework1/Content/PutObjMap/_Generated_/B915AQIO61KRHFT7XSSGK6BWZ.uexp" 793
"D:/UnrealProjects/homework1/Content/PutObjMap/_Generated_/B915AQIO61KRHFT7XSSGK6BWZ.ubulk" 794
"D:/UnrealProjects/homework1/Content/PutObjMap/_Generated_/B915AQIO61KRHFT7XSSGK6BWZ.umap" 795
"D:/UnrealProjects/homework1/Content/PutObjMap/_Generated_/166DS8WAYUFO8YDWSTAYQWOU7.uexp" 796
"D:/UnrealProjects/homework1/Content/PutObjMap/_Generated_/166DS8WAYUFO8YDWSTAYQWOU7.ubulk" 797
"D:/UnrealProjects/homework1/Content/PutObjMap/_Generated_/166DS8WAYUFO8YDWSTAYQWOU7.umap" 798
"D:/UnrealProjects/homework1/Content/PutObjMap/_Generated_/C3REPGC7P5K87E3VNBPSLLOHO.uexp" 799
"D:/UnrealProjects/homework1/Content/PutObjMap/_Generated_/C3REPGC7P5K87E3VNBPSLLOHO.ubulk" 800
"D:/UnrealProjects/homework1/Content/PutObjMap/_Generated_/C3REPGC7P5K87E3VNBPSLLOHO.umap" 801
"D:/UnrealProjects/homework1/Content/PutObjMap/_Generated_/DP6RMC9DDXNUQOEBWGANJ5BMG.uexp" 802
"D:/UnrealProjects/homework1/Content/PutObjMap/_Generated_/DP6RMC9DDXNUQOEBWGANJ5BMG.ubulk" 803
"D:/UnrealProjects/homework1/Content/PutObjMap/_Generated_/DP6RMC9DDXNUQOEBWGANJ5BMG.umap" 804
"D:/UnrealProjects/homework1/Content/PutObjMap/_Generated_/10EL5L2NGDCV0JGIFAZGBGO90.uexp" 805
"D:/UnrealProjects/homework1/Content/PutObjMap/_Generated_/10EL5L2NGDCV0JGIFAZGBGO90.ubulk" 806
"D:/UnrealProjects/homework1/Content/PutObjMap/_Generated_/10EL5L2NGDCV0JGIFAZGBGO90.umap" 807
"D:/UnrealProjects/homework1/Content/PutObjMap/_Generated_/EGPPB1SXP3S2NZTMESDBINBDT.uexp" 808
"D:/UnrealProjects/homework1/Content/PutObjMap/_Generated_/EGPPB1SXP3S2NZTMESDBINBDT.ubulk" 809
"D:/UnrealProjects/homework1/Content/PutObjMap/_Generated_/EGPPB1SXP3S2NZTMESDBINBDT.umap" 810
"D:/UnrealProjects/homework1/Content/PutObjMap/_Generated_/4YE8ZBJAIQVMH9NIZUY8OJP0U.uexp" 811
"D:/UnrealProjects/homework1/Content/PutObjMap/_Generated_/4YE8ZBJAIQVMH9NIZUY8OJP0U.ubulk" 812
"D:/UnrealProjects/homework1/Content/PutObjMap/_Generated_/4YE8ZBJAIQVMH9NIZUY8OJP0U.umap" 813
"D:/UnrealProjects/homework1/Content/PutObjMap/_Generated_/8BG5A97YMAPYW9291VHHIA478.uexp" 814
"D:/UnrealProjects/homework1/Content/PutObjMap/_Generated_/8BG5A97YMAPYW9291VHHIA478.ubulk" 815
"D:/UnrealProjects/homework1/Content/PutObjMap/_Generated_/8BG5A97YMAPYW9291VHHIA478.umap" 816
"D:/UnrealProjects/homework1/Content/PutObjMap/_Generated_/797P65EUOURJR4XA9BW02C9MT.uexp" 817
"D:/UnrealProjects/homework1/Content/PutObjMap/_Generated_/797P65EUOURJR4XA9BW02C9MT.ubulk" 818
"D:/UnrealProjects/homework1/Content/PutObjMap/_Generated_/797P65EUOURJR4XA9BW02C9MT.umap" 819
"D:/UnrealProjects/homework1/Content/PutObjMap/_Generated_/63M4GA1KPTJAK5GYAUH15OP8C.uexp" 820
"D:/UnrealProjects/homework1/Content/PutObjMap/_Generated_/63M4GA1KPTJAK5GYAUH15OP8C.ubulk" 821
"D:/UnrealProjects/homework1/Content/PutObjMap/_Generated_/63M4GA1KPTJAK5GYAUH15OP8C.umap" 822
"D:/UnrealProjects/homework1/Content/PutObjMap/_Generated_/BVGTXL9K768IJHLCAA60XFIYI.uexp" 823
"D:/UnrealProjects/homework1/Content/PutObjMap/_Generated_/BVGTXL9K768IJHLCAA60XFIYI.ubulk" 824
"D:/UnrealProjects/homework1/Content/PutObjMap/_Generated_/BVGTXL9K768IJHLCAA60XFIYI.umap" 825
"D:/UnrealProjects/homework1/Content/PutObjMap/_Generated_/AQ0I8EDJECXG5HY5IO50B4DMW.uexp" 826
"D:/UnrealProjects/homework1/Content/PutObjMap/_Generated_/AQ0I8EDJECXG5HY5IO50B4DMW.ubulk" 827
"D:/UnrealProjects/homework1/Content/PutObjMap/_Generated_/AQ0I8EDJECXG5HY5IO50B4DMW.umap" 828
"D:/UnrealProjects/homework1/Content/PutObjMap/_Generated_/9XQXQDRN7HQ8S9XG23CR2YE8G.uexp" 829
"D:/UnrealProjects/homework1/Content/PutObjMap/_Generated_/9XQXQDRN7HQ8S9XG23CR2YE8G.ubulk" 830
"D:/UnrealProjects/homework1/Content/PutObjMap/_Generated_/9XQXQDRN7HQ8S9XG23CR2YE8G.umap" 831
"D:/UnrealProjects/homework1/Content/PutObjMap/_Generated_/6ALUHOET4FAY1NP21083Q0XKO.uexp" 832
"D:/UnrealProjects/homework1/Content/PutObjMap/_Generated_/6ALUHOET4FAY1NP21083Q0XKO.ubulk" 833
"D:/UnrealProjects/homework1/Content/PutObjMap/_Generated_/6ALUHOET4FAY1NP21083Q0XKO.umap" 834
"D:/UnrealProjects/homework1/Content/PutObjMap/_Generated_/A2ITOEOIVNKN6KH0L0DZGHF2J.uexp" 835
"D:/UnrealProjects/homework1/Content/PutObjMap/_Generated_/A2ITOEOIVNKN6KH0L0DZGHF2J.ubulk" 836
"D:/UnrealProjects/homework1/Content/PutObjMap/_Generated_/A2ITOEOIVNKN6KH0L0DZGHF2J.umap" 837
"D:/UnrealProjects/homework1/Content/PutObjMap/_Generated_/AH981XRSOMIUXEWBXDSEKMG4A.uexp" 838
"D:/UnrealProjects/homework1/Content/PutObjMap/_Generated_/AH981XRSOMIUXEWBXDSEKMG4A.ubulk" 839
"D:/UnrealProjects/homework1/Content/PutObjMap/_Generated_/AH981XRSOMIUXEWBXDSEKMG4A.umap" 840
"D:/UnrealProjects/homework1/Content/PutObjMap/_Generated_/7TVNLL7DVIU6SR9PCB9YBIA05.uexp" 841
"D:/UnrealProjects/homework1/Content/PutObjMap/_Generated_/7TVNLL7DVIU6SR9PCB9YBIA05.ubulk" 842
"D:/UnrealProjects/homework1/Content/PutObjMap/_Generated_/7TVNLL7DVIU6SR9PCB9YBIA05.umap" 843
"D:/UnrealProjects/homework1/Content/PutObjMap/_Generated_/6M6URIONQV14DH1K1YCJ6ENEC.uexp" 844
"D:/UnrealProjects/homework1/Content/PutObjMap/_Generated_/6M6URIONQV14DH1K1YCJ6ENEC.ubulk" 845
"D:/UnrealProjects/homework1/Content/PutObjMap/_Generated_/6M6URIONQV14DH1K1YCJ6ENEC.umap" 846
"D:/UnrealProjects/homework1/Content/PutObjMap/_Generated_/BI98GBQLB2OJJF1DWC120HF0W.uexp" 847
"D:/UnrealProjects/homework1/Content/PutObjMap/_Generated_/BI98GBQLB2OJJF1DWC120HF0W.ubulk" 848
"D:/UnrealProjects/homework1/Content/PutObjMap/_Generated_/BI98GBQLB2OJJF1DWC120HF0W.umap" 849
"D:/UnrealProjects/homework1/Content/PutObjMap/_Generated_/3IKAHEVF3VFFFX3AOV528DPOP.uexp" 850
"D:/UnrealProjects/homework1/Content/PutObjMap/_Generated_/3IKAHEVF3VFFFX3AOV528DPOP.ubulk" 851
"D:/UnrealProjects/homework1/Content/PutObjMap/_Generated_/3IKAHEVF3VFFFX3AOV528DPOP.umap" 852
"D:/UnrealProjects/homework1/Content/PutObjMap/_Generated_/DTCQP62MJIKTQMUE2U9P4RO9J.uexp" 853
"D:/UnrealProjects/homework1/Content/PutObjMap/_Generated_/DTCQP62MJIKTQMUE2U9P4RO9J.ubulk" 854
"D:/UnrealProjects/homework1/Content/PutObjMap/_Generated_/DTCQP62MJIKTQMUE2U9P4RO9J.umap" 855
"D:/UnrealProjects/homework1/Content/PutObjMap/_Generated_/056GVDCAOTTH1L59WEQP8CLJL.uexp" 856
"D:/UnrealProjects/homework1/Content/PutObjMap/_Generated_/056GVDCAOTTH1L59WEQP8CLJL.ubulk" 857
"D:/UnrealProjects/homework1/Content/PutObjMap/_Generated_/056GVDCAOTTH1L59WEQP8CLJL.umap" 858
"D:/UnrealProjects/homework1/Content/PutObjMap/_Generated_/C04IFBXIP4A5FCGC7R77WH0EJ.uexp" 859
"D:/UnrealProjects/homework1/Content/PutObjMap/_Generated_/C04IFBXIP4A5FCGC7R77WH0EJ.ubulk" 860
"D:/UnrealProjects/homework1/Content/PutObjMap/_Generated_/C04IFBXIP4A5FCGC7R77WH0EJ.umap" 861
"D:/UnrealProjects/homework1/Content/PutObjMap/_Generated_/694DZWA0Z453T7H3G8ZNUEQ65.uexp" 862
"D:/UnrealProjects/homework1/Content/PutObjMap/_Generated_/694DZWA0Z453T7H3G8ZNUEQ65.ubulk" 863
"D:/UnrealProjects/homework1/Content/PutObjMap/_Generated_/694DZWA0Z453T7H3G8ZNUEQ65.umap" 864
"D:/UnrealProjects/homework1/Content/PutObjMap/_Generated_/4NX82TCXD95VIJO1EBYDX6IYM.uexp" 865
"D:/UnrealProjects/homework1/Content/PutObjMap/_Generated_/4NX82TCXD95VIJO1EBYDX6IYM.ubulk" 866
"D:/UnrealProjects/homework1/Content/PutObjMap/_Generated_/4NX82TCXD95VIJO1EBYDX6IYM.umap" 867
"D:/UnrealProjects/homework1/Content/PutObjMap/_Generated_/20PKD89A3Q58BFH6OKDPYDWGO.uexp" 868
"D:/UnrealProjects/homework1/Content/PutObjMap/_Generated_/20PKD89A3Q58BFH6OKDPYDWGO.ubulk" 869
"D:/UnrealProjects/homework1/Content/PutObjMap/_Generated_/20PKD89A3Q58BFH6OKDPYDWGO.umap" 870
"D:/UnrealProjects/homework1/Content/PutObjMap/_Generated_/BPOPECF3303S38SR5GEU3M7TD.uexp" 871
"D:/UnrealProjects/homework1/Content/PutObjMap/_Generated_/BPOPECF3303S38SR5GEU3M7TD.ubulk" 872
"D:/UnrealProjects/homework1/Content/PutObjMap/_Generated_/BPOPECF3303S38SR5GEU3M7TD.umap" 873
"D:/UnrealProjects/homework1/Content/PutObjMap/_Generated_/EFMDUTRTVOWP1UDRCW675SW58.uexp" 874
"D:/UnrealProjects/homework1/Content/PutObjMap/_Generated_/EFMDUTRTVOWP1UDRCW675SW58.ubulk" 875
"D:/UnrealProjects/homework1/Content/PutObjMap/_Generated_/EFMDUTRTVOWP1UDRCW675SW58.umap" 876
"D:/UnrealProjects/homework1/Content/PutObjMap/_Generated_/5V8DL121NT6DXPWP43PY7LD4O.uexp" 877
"D:/UnrealProjects/homework1/Content/PutObjMap/_Generated_/5V8DL121NT6DXPWP43PY7LD4O.ubulk" 878
"D:/UnrealProjects/homework1/Content/PutObjMap/_Generated_/5V8DL121NT6DXPWP43PY7LD4O.umap" 879
"D:/UnrealProjects/homework1/Content/PutObjMap/_Generated_/A0E3MRCJPTGQVXAT10HEKF9BQ.uexp" 880
"D:/UnrealProjects/homework1/Content/PutObjMap/_Generated_/A0E3MRCJPTGQVXAT10HEKF9BQ.ubulk" 881
"D:/UnrealProjects/homework1/Content/PutObjMap/_Generated_/A0E3MRCJPTGQVXAT10HEKF9BQ.umap" 882
